[INFO] 2014-09-23-15:09:22 com.mocha.unitcode.mina.client.CoreClientCenterStore.init(CoreClientCenterStore.java:50)   åˆå§‹åŒ–é€šé“ init() 
[INFO] 2014-09-23-15:09:22 com.mocha.unitcode.mina.client.CoreClientCenterStore.getConnectFuture(CoreClientCenterStore.java:76) MinaClientã€‚getConnectFuture  connector == nullæœªè¿æ¥ï¼Œé‡æ–°åˆ›å»º 
[INFO] 2014-09-23-15:09:22 com.mocha.unitcode.mina.client.CoreClientCenterStore.init(CoreClientCenterStore.java:55) è¿›å…¥MTClientã€‚init  awaitUninterruptibly ç»“æŸ 
[INFO] 2014-09-23-15:09:22 com.mocha.unitcode.mina.client.CoreClientCenterStore.init(CoreClientCenterStore.java:60) è¿›å…¥MTClientã€‚init  ç»“æŸ sessionid=1 
[INFO] 2014-09-23-15:09:22 com.mocha.unitcode.mina.client.CoreClientCenterStore.init(CoreClientCenterStore.java:62) CONNECT() sessionid=1 
[INFO] 2014-09-23-15:09:22 com.mocha.unitcode.mina.client.CoreClientCenterStore.CONNECT(CoreClientCenterStore.java:177) 
Login************************************
clientId:		91947
authClient:	Pqï¿½ï¿½~`Lï¿½ï¿½ï¿½oï¿½ï¿½h
version:		48
timeStamp:	923150922
sharedSecret:	91947
************************************Login 
[INFO] 2014-09-23-15:09:36 com.mocha.unitcode.mina.client.CoreClientCenterStore.send(CoreClientCenterStore.java:122) ------------å¼€å§‹å‘é€æ•°æ®-------- 
[INFO] 2014-09-23-15:09:36 com.mocha.unitcode.mina.client.CoreClientCenterStore.send(CoreClientCenterStore.java:125) --------------------è¿æ¥åˆå§‹è¯æˆåŠŸ----------------22440556 session =1 
[INFO] 2014-09-23-15:09:38 com.mocha.unitcode.mina.client.CoreClientCenterStore.send(CoreClientCenterStore.java:130) --------------------å‘é€æ¶ˆæ¯æˆåŠŸ----------------22440556 session =1 
[INFO] 2014-09-23-15:12:00 com.mocha.unitcode.mina.client.CoreClientCenterStore.init(CoreClientCenterStore.java:50)   åˆå§‹åŒ–é€šé“ init() 
[INFO] 2014-09-23-15:12:00 com.mocha.unitcode.mina.client.CoreClientCenterStore.getConnectFuture(CoreClientCenterStore.java:76) MinaClientã€‚getConnectFuture  connector == nullæœªè¿æ¥ï¼Œé‡æ–°åˆ›å»º 
[INFO] 2014-09-23-15:12:00 com.mocha.unitcode.mina.client.CoreClientCenterStore.init(CoreClientCenterStore.java:55) è¿›å…¥MTClientã€‚init  awaitUninterruptibly ç»“æŸ 
[INFO] 2014-09-23-15:12:00 com.mocha.unitcode.mina.client.CoreClientCenterStore.init(CoreClientCenterStore.java:60) è¿›å…¥MTClientã€‚init  ç»“æŸ sessionid=1 
[INFO] 2014-09-23-15:12:00 com.mocha.unitcode.mina.client.CoreClientCenterStore.init(CoreClientCenterStore.java:62) CONNECT() sessionid=1 
[INFO] 2014-09-23-15:12:00 com.mocha.unitcode.mina.client.CoreClientCenterStore.CONNECT(CoreClientCenterStore.java:177) 
Login************************************
clientId:		91947
authClient:	ï¿½Zï¿½Ix/ï¿½ +YÎ–ï¿½
version:		48
timeStamp:	923151200
sharedSecret:	91947
************************************Login 
[INFO] 2014-09-23-15:12:00 com.mocha.unitcode.mina.client.CoreClientCenterStore.send(CoreClientCenterStore.java:122) ------------å¼€å§‹å‘é€æ•°æ®-------- 
[INFO] 2014-09-23-15:12:00 com.mocha.unitcode.mina.client.CoreClientCenterStore.send(CoreClientCenterStore.java:125) --------------------è¿æ¥åˆå§‹è¯æˆåŠŸ----------------15277917 session =1 
[INFO] 2014-09-23-15:12:00 com.mocha.unitcode.mina.client.CoreClientCenterStore.send(CoreClientCenterStore.java:130) --------------------å‘é€æ¶ˆæ¯æˆåŠŸ----------------15277917 session =1 
[INFO] 2014-09-23-15:12:00 com.mocha.unitcode.mina.client.CoreClientCenterStore.send(CoreClientCenterStore.java:122) ------------å¼€å§‹å‘é€æ•°æ®-------- 
[INFO] 2014-09-23-15:12:00 com.mocha.unitcode.mina.client.CoreClientCenterStore.send(CoreClientCenterStore.java:125) --------------------è¿æ¥åˆå§‹è¯æˆåŠŸ----------------11155366 session =1 
[INFO] 2014-09-23-15:12:00 com.mocha.unitcode.mina.client.CoreClientCenterStore.send(CoreClientCenterStore.java:130) --------------------å‘é€æ¶ˆæ¯æˆåŠŸ----------------11155366 session =1 
[INFO] 2014-09-23-15:12:00 com.mocha.unitcode.mina.client.CoreClientCenterStore.send(CoreClientCenterStore.java:122) ------------å¼€å§‹å‘é€æ•°æ®-------- 
[INFO] 2014-09-23-15:12:00 com.mocha.unitcode.mina.client.CoreClientCenterStore.send(CoreClientCenterStore.java:125) --------------------è¿æ¥åˆå§‹è¯æˆåŠŸ----------------20531348 session =1 
[INFO] 2014-09-23-15:12:00 com.mocha.unitcode.mina.client.CoreClientCenterStore.send(CoreClientCenterStore.java:130) --------------------å‘é€æ¶ˆæ¯æˆåŠŸ----------------20531348 session =1 
[INFO] 2014-09-23-15:12:00 com.mocha.unitcode.mina.client.CoreClientCenterStore.send(CoreClientCenterStore.java:122) ------------å¼€å§‹å‘é€æ•°æ®-------- 
[INFO] 2014-09-23-15:12:00 com.mocha.unitcode.mina.client.CoreClientCenterStore.send(CoreClientCenterStore.java:125) --------------------è¿æ¥åˆå§‹è¯æˆåŠŸ----------------29173348 session =1 
[INFO] 2014-09-23-15:12:00 com.mocha.unitcode.mina.client.CoreClientCenterStore.send(CoreClientCenterStore.java:130) --------------------å‘é€æ¶ˆæ¯æˆåŠŸ----------------29173348 session =1 
[INFO] 2014-09-23-15:12:00 com.mocha.unitcode.mina.client.CoreClientCenterStore.send(CoreClientCenterStore.java:122) ------------å¼€å§‹å‘é€æ•°æ®-------- 
[INFO] 2014-09-23-15:12:00 com.mocha.unitcode.mina.client.CoreClientCenterStore.send(CoreClientCenterStore.java:125) --------------------è¿æ¥åˆå§‹è¯æˆåŠŸ----------------17007273 session =1 
[INFO] 2014-09-23-15:12:00 com.mocha.unitcode.mina.client.CoreClientCenterStore.send(CoreClientCenterStore.java:130) --------------------å‘é€æ¶ˆæ¯æˆåŠŸ----------------17007273 session =1 
[INFO] 2014-09-23-15:12:00 com.mocha.unitcode.mina.client.CoreClientCenterStore.send(CoreClientCenterStore.java:122) ------------å¼€å§‹å‘é€æ•°æ®-------- 
[INFO] 2014-09-23-15:12:00 com.mocha.unitcode.mina.client.CoreClientCenterStore.send(CoreClientCenterStore.java:125) --------------------è¿æ¥åˆå§‹è¯æˆåŠŸ----------------3199106 session =1 
[INFO] 2014-09-23-15:12:00 com.mocha.unitcode.mina.client.CoreClientCenterStore.send(CoreClientCenterStore.java:130) --------------------å‘é€æ¶ˆæ¯æˆåŠŸ----------------3199106 session =1 
[INFO] 2014-09-23-15:12:00 com.mocha.unitcode.mina.client.CoreClientCenterStore.send(CoreClientCenterStore.java:122) ------------å¼€å§‹å‘é€æ•°æ®-------- 
[INFO] 2014-09-23-15:12:00 com.mocha.unitcode.mina.client.CoreClientCenterStore.send(CoreClientCenterStore.java:125) --------------------è¿æ¥åˆå§‹è¯æˆåŠŸ----------------22543186 session =1 
[INFO] 2014-09-23-15:12:00 com.mocha.unitcode.mina.client.CoreClientCenterStore.send(CoreClientCenterStore.java:130) --------------------å‘é€æ¶ˆæ¯æˆåŠŸ----------------22543186 session =1 
[INFO] 2014-09-23-15:12:00 com.mocha.unitcode.mina.client.CoreClientCenterStore.send(CoreClientCenterStore.java:122) ------------å¼€å§‹å‘é€æ•°æ®-------- 
[INFO] 2014-09-23-15:12:00 com.mocha.unitcode.mina.client.CoreClientCenterStore.send(CoreClientCenterStore.java:125) --------------------è¿æ¥åˆå§‹è¯æˆåŠŸ----------------9097070 session =1 
[INFO] 2014-09-23-15:12:00 com.mocha.unitcode.mina.client.CoreClientCenterStore.send(CoreClientCenterStore.java:130) --------------------å‘é€æ¶ˆæ¯æˆåŠŸ----------------9097070 session =1 
[INFO] 2014-09-23-15:12:00 com.mocha.unitcode.mina.client.CoreClientCenterStore.send(CoreClientCenterStore.java:122) ------------å¼€å§‹å‘é€æ•°æ®-------- 
[INFO] 2014-09-23-15:12:00 com.mocha.unitcode.mina.client.CoreClientCenterStore.send(CoreClientCenterStore.java:125) --------------------è¿æ¥åˆå§‹è¯æˆåŠŸ----------------20324370 session =1 
[INFO] 2014-09-23-15:12:00 com.mocha.unitcode.mina.client.CoreClientCenterStore.send(CoreClientCenterStore.java:130) --------------------å‘é€æ¶ˆæ¯æˆåŠŸ----------------20324370 session =1 
[INFO] 2014-09-23-15:12:00 com.mocha.unitcode.mina.client.CoreClientCenterStore.send(CoreClientCenterStore.java:122) ------------å¼€å§‹å‘é€æ•°æ®-------- 
[INFO] 2014-09-23-15:12:00 com.mocha.unitcode.mina.client.CoreClientCenterStore.send(CoreClientCenterStore.java:125) --------------------è¿æ¥åˆå§‹è¯æˆåŠŸ----------------795840 session =1 
[INFO] 2014-09-23-15:12:00 com.mocha.unitcode.mina.client.CoreClientCenterStore.send(CoreClientCenterStore.java:130) --------------------å‘é€æ¶ˆæ¯æˆåŠŸ----------------795840 session =1 
[INFO] 2014-09-23-15:13:07 com.mocha.unitcode.mina.client.CoreClientCenterStore.init(CoreClientCenterStore.java:50)   åˆå§‹åŒ–é€šé“ init() 
[INFO] 2014-09-23-15:13:07 com.mocha.unitcode.mina.client.CoreClientCenterStore.getConnectFuture(CoreClientCenterStore.java:76) MinaClientã€‚getConnectFuture  connector == nullæœªè¿æ¥ï¼Œé‡æ–°åˆ›å»º 
[INFO] 2014-09-23-15:13:07 com.mocha.unitcode.mina.client.CoreClientCenterStore.init(CoreClientCenterStore.java:55) è¿›å…¥MTClientã€‚init  awaitUninterruptibly ç»“æŸ 
[INFO] 2014-09-23-15:13:07 com.mocha.unitcode.mina.client.CoreClientCenterStore.init(CoreClientCenterStore.java:60) è¿›å…¥MTClientã€‚init  ç»“æŸ sessionid=1 
[INFO] 2014-09-23-15:13:07 com.mocha.unitcode.mina.client.CoreClientCenterStore.init(CoreClientCenterStore.java:62) CONNECT() sessionid=1 
[INFO] 2014-09-23-15:13:07 com.mocha.unitcode.mina.client.CoreClientCenterStore.CONNECT(CoreClientCenterStore.java:177) 
Login************************************
clientId:		91947
authClient:	
`ï¿½ï¿½ï¿½ÓŒï¿½iï¿½ï¿½=~ï¿½C
version:		48
timeStamp:	923151307
sharedSecret:	91947
************************************Login 
[INFO] 2014-09-23-15:13:20 com.mocha.unitcode.mina.client.CoreClientCenterStore.send(CoreClientCenterStore.java:122) ------------å¼€å§‹å‘é€æ•°æ®-------- 
[INFO] 2014-09-23-15:13:20 com.mocha.unitcode.mina.client.CoreClientCenterStore.send(CoreClientCenterStore.java:125) --------------------è¿æ¥åˆå§‹è¯æˆåŠŸ----------------10966839 session =1 
[INFO] 2014-09-23-15:13:22 com.mocha.unitcode.mina.client.CoreClientCenterStore.send(CoreClientCenterStore.java:130) --------------------å‘é€æ¶ˆæ¯æˆåŠŸ----------------10966839 session =1 
[INFO] 2014-09-23-15:16:03 com.mocha.unitcode.mina.client.CoreClientCenterStore.init(CoreClientCenterStore.java:50)   åˆå§‹åŒ–é€šé“ init() 
[INFO] 2014-09-23-15:16:03 com.mocha.unitcode.mina.client.CoreClientCenterStore.getConnectFuture(CoreClientCenterStore.java:76) MinaClientã€‚getConnectFuture  connector == nullæœªè¿æ¥ï¼Œé‡æ–°åˆ›å»º 
[INFO] 2014-09-23-15:16:03 com.mocha.unitcode.mina.client.CoreClientCenterStore.init(CoreClientCenterStore.java:55) è¿›å…¥MTClientã€‚init  awaitUninterruptibly ç»“æŸ 
[INFO] 2014-09-23-15:16:03 com.mocha.unitcode.mina.client.CoreClientCenterStore.init(CoreClientCenterStore.java:60) è¿›å…¥MTClientã€‚init  ç»“æŸ sessionid=1 
[INFO] 2014-09-23-15:16:03 com.mocha.unitcode.mina.client.CoreClientCenterStore.init(CoreClientCenterStore.java:62) CONNECT() sessionid=1 
[INFO] 2014-09-23-15:16:03 com.mocha.unitcode.mina.client.CoreClientCenterStore.CONNECT(CoreClientCenterStore.java:177) 
Login************************************
clientId:		91947
authClient:	ï¿½?ï¿½Nï¿½u(62!ï¿½ï¿½ï¿½
version:		48
timeStamp:	923151603
sharedSecret:	91947
************************************Login 
[INFO] 2014-09-23-15:16:03 com.mocha.unitcode.mina.client.CoreClientCenterStore.send(CoreClientCenterStore.java:122) ------------å¼€å§‹å‘é€æ•°æ®-------- 
[INFO] 2014-09-23-15:16:03 com.mocha.unitcode.mina.client.CoreClientCenterStore.send(CoreClientCenterStore.java:125) --------------------è¿æ¥åˆå§‹è¯æˆåŠŸ----------------15277917 session =1 
[INFO] 2014-09-23-15:16:03 com.mocha.unitcode.mina.client.CoreClientCenterStore.send(CoreClientCenterStore.java:130) --------------------å‘é€æ¶ˆæ¯æˆåŠŸ----------------15277917 session =1 
[INFO] 2014-09-23-15:16:03 com.mocha.unitcode.mina.client.CoreClientCenterStore.send(CoreClientCenterStore.java:122) ------------å¼€å§‹å‘é€æ•°æ®-------- 
[INFO] 2014-09-23-15:16:03 com.mocha.unitcode.mina.client.CoreClientCenterStore.send(CoreClientCenterStore.java:125) --------------------è¿æ¥åˆå§‹è¯æˆåŠŸ----------------11155366 session =1 
[INFO] 2014-09-23-15:16:03 com.mocha.unitcode.mina.client.CoreClientCenterStore.send(CoreClientCenterStore.java:130) --------------------å‘é€æ¶ˆæ¯æˆåŠŸ----------------11155366 session =1 
[INFO] 2014-09-23-15:16:03 com.mocha.unitcode.mina.client.CoreClientCenterStore.send(CoreClientCenterStore.java:122) ------------å¼€å§‹å‘é€æ•°æ®-------- 
[INFO] 2014-09-23-15:16:03 com.mocha.unitcode.mina.client.CoreClientCenterStore.send(CoreClientCenterStore.java:125) --------------------è¿æ¥åˆå§‹è¯æˆåŠŸ----------------20531348 session =1 
[INFO] 2014-09-23-15:16:03 com.mocha.unitcode.mina.client.CoreClientCenterStore.send(CoreClientCenterStore.java:130) --------------------å‘é€æ¶ˆæ¯æˆåŠŸ----------------20531348 session =1 
[INFO] 2014-09-23-15:16:03 com.mocha.unitcode.mina.client.CoreClientCenterStore.send(CoreClientCenterStore.java:122) ------------å¼€å§‹å‘é€æ•°æ®-------- 
[INFO] 2014-09-23-15:16:03 com.mocha.unitcode.mina.client.CoreClientCenterStore.send(CoreClientCenterStore.java:125) --------------------è¿æ¥åˆå§‹è¯æˆåŠŸ----------------29173348 session =1 
[INFO] 2014-09-23-15:16:03 com.mocha.unitcode.mina.client.CoreClientCenterStore.send(CoreClientCenterStore.java:130) --------------------å‘é€æ¶ˆæ¯æˆåŠŸ----------------29173348 session =1 
[INFO] 2014-09-23-15:16:03 com.mocha.unitcode.mina.client.CoreClientCenterStore.send(CoreClientCenterStore.java:122) ------------å¼€å§‹å‘é€æ•°æ®-------- 
[INFO] 2014-09-23-15:16:03 com.mocha.unitcode.mina.client.CoreClientCenterStore.send(CoreClientCenterStore.java:125) --------------------è¿æ¥åˆå§‹è¯æˆåŠŸ----------------17007273 session =1 
[INFO] 2014-09-23-15:16:03 com.mocha.unitcode.mina.client.CoreClientCenterStore.send(CoreClientCenterStore.java:130) --------------------å‘é€æ¶ˆæ¯æˆåŠŸ----------------17007273 session =1 
[INFO] 2014-09-23-15:16:03 com.mocha.unitcode.mina.client.CoreClientCenterStore.send(CoreClientCenterStore.java:122) ------------å¼€å§‹å‘é€æ•°æ®-------- 
[INFO] 2014-09-23-15:16:03 com.mocha.unitcode.mina.client.CoreClientCenterStore.send(CoreClientCenterStore.java:125) --------------------è¿æ¥åˆå§‹è¯æˆåŠŸ----------------3199106 session =1 
[INFO] 2014-09-23-15:16:03 com.mocha.unitcode.mina.client.CoreClientCenterStore.send(CoreClientCenterStore.java:130) --------------------å‘é€æ¶ˆæ¯æˆåŠŸ----------------3199106 session =1 
[INFO] 2014-09-23-15:16:03 com.mocha.unitcode.mina.client.CoreClientCenterStore.send(CoreClientCenterStore.java:122) ------------å¼€å§‹å‘é€æ•°æ®-------- 
[INFO] 2014-09-23-15:16:03 com.mocha.unitcode.mina.client.CoreClientCenterStore.send(CoreClientCenterStore.java:125) --------------------è¿æ¥åˆå§‹è¯æˆåŠŸ----------------22543186 session =1 
[INFO] 2014-09-23-15:16:03 com.mocha.unitcode.mina.client.CoreClientCenterStore.send(CoreClientCenterStore.java:130) --------------------å‘é€æ¶ˆæ¯æˆåŠŸ----------------22543186 session =1 
[INFO] 2014-09-23-15:16:03 com.mocha.unitcode.mina.client.CoreClientCenterStore.send(CoreClientCenterStore.java:122) ------------å¼€å§‹å‘é€æ•°æ®-------- 
[INFO] 2014-09-23-15:16:03 com.mocha.unitcode.mina.client.CoreClientCenterStore.send(CoreClientCenterStore.java:125) --------------------è¿æ¥åˆå§‹è¯æˆåŠŸ----------------9097070 session =1 
[INFO] 2014-09-23-15:16:03 com.mocha.unitcode.mina.client.CoreClientCenterStore.send(CoreClientCenterStore.java:130) --------------------å‘é€æ¶ˆæ¯æˆåŠŸ----------------9097070 session =1 
[INFO] 2014-09-23-15:16:03 com.mocha.unitcode.mina.client.CoreClientCenterStore.send(CoreClientCenterStore.java:122) ------------å¼€å§‹å‘é€æ•°æ®-------- 
[INFO] 2014-09-23-15:16:03 com.mocha.unitcode.mina.client.CoreClientCenterStore.send(CoreClientCenterStore.java:125) --------------------è¿æ¥åˆå§‹è¯æˆåŠŸ----------------20324370 session =1 
[INFO] 2014-09-23-15:16:03 com.mocha.unitcode.mina.client.CoreClientCenterStore.send(CoreClientCenterStore.java:130) --------------------å‘é€æ¶ˆæ¯æˆåŠŸ----------------20324370 session =1 
[INFO] 2014-09-23-15:16:03 com.mocha.unitcode.mina.client.CoreClientCenterStore.send(CoreClientCenterStore.java:122) ------------å¼€å§‹å‘é€æ•°æ®-------- 
[INFO] 2014-09-23-15:16:03 com.mocha.unitcode.mina.client.CoreClientCenterStore.send(CoreClientCenterStore.java:125) --------------------è¿æ¥åˆå§‹è¯æˆåŠŸ----------------795840 session =1 
[INFO] 2014-09-23-15:16:03 com.mocha.unitcode.mina.client.CoreClientCenterStore.send(CoreClientCenterStore.java:130) --------------------å‘é€æ¶ˆæ¯æˆåŠŸ----------------795840 session =1 
[INFO] 2014-09-23-15:16:33 com.mocha.unitcode.mina.client.CoreClientCenterStore.init(CoreClientCenterStore.java:50)   åˆå§‹åŒ–é€šé“ init() 
[INFO] 2014-09-23-15:16:33 com.mocha.unitcode.mina.client.CoreClientCenterStore.getConnectFuture(CoreClientCenterStore.java:76) MinaClientã€‚getConnectFuture  connector == nullæœªè¿æ¥ï¼Œé‡æ–°åˆ›å»º 
[INFO] 2014-09-23-15:16:33 com.mocha.unitcode.mina.client.CoreClientCenterStore.init(CoreClientCenterStore.java:55) è¿›å…¥MTClientã€‚init  awaitUninterruptibly ç»“æŸ 
[INFO] 2014-09-23-15:16:33 com.mocha.unitcode.mina.client.CoreClientCenterStore.init(CoreClientCenterStore.java:60) è¿›å…¥MTClientã€‚init  ç»“æŸ sessionid=1 
[INFO] 2014-09-23-15:16:33 com.mocha.unitcode.mina.client.CoreClientCenterStore.init(CoreClientCenterStore.java:62) CONNECT() sessionid=1 
[INFO] 2014-09-23-15:16:33 com.mocha.unitcode.mina.client.CoreClientCenterStore.CONNECT(CoreClientCenterStore.java:177) 
Login************************************
clientId:		91947
authClient:	ï¿½Cï¿½ï¿½jï¿½yï¿½*N9ï¿½ï¿½ï¿½
version:		48
timeStamp:	923151633
sharedSecret:	91947
************************************Login 
[INFO] 2014-09-23-15:16:43 com.mocha.unitcode.mina.client.CoreClientCenterStore.send(CoreClientCenterStore.java:122) ------------å¼€å§‹å‘é€æ•°æ®-------- 
[INFO] 2014-09-23-15:16:43 com.mocha.unitcode.mina.client.CoreClientCenterStore.send(CoreClientCenterStore.java:125) --------------------è¿æ¥åˆå§‹è¯æˆåŠŸ----------------19874213 session =1 
[INFO] 2014-09-23-15:16:44 com.mocha.unitcode.mina.client.CoreClientCenterStore.send(CoreClientCenterStore.java:130) --------------------å‘é€æ¶ˆæ¯æˆåŠŸ----------------19874213 session =1 
[INFO] 2014-09-23-15:16:48 com.mocha.unitcode.mina.client.CoreClientCenterStore.send(CoreClientCenterStore.java:122) ------------å¼€å§‹å‘é€æ•°æ®-------- 
[INFO] 2014-09-23-15:16:48 com.mocha.unitcode.mina.client.CoreClientCenterStore.send(CoreClientCenterStore.java:125) --------------------è¿æ¥åˆå§‹è¯æˆåŠŸ----------------17422995 session =1 
[INFO] 2014-09-23-15:16:49 com.mocha.unitcode.mina.client.CoreClientCenterStore.send(CoreClientCenterStore.java:130) --------------------å‘é€æ¶ˆæ¯æˆåŠŸ----------------17422995 session =1 
[INFO] 2014-09-23-15:16:51 com.mocha.unitcode.mina.client.CoreClientCenterStore.send(CoreClientCenterStore.java:122) ------------å¼€å§‹å‘é€æ•°æ®-------- 
[INFO] 2014-09-23-15:16:51 com.mocha.unitcode.mina.client.CoreClientCenterStore.send(CoreClientCenterStore.java:125) --------------------è¿æ¥åˆå§‹è¯æˆåŠŸ----------------12252553 session =1 
[INFO] 2014-09-23-15:16:52 com.mocha.unitcode.mina.client.CoreClientCenterStore.send(CoreClientCenterStore.java:130) --------------------å‘é€æ¶ˆæ¯æˆåŠŸ----------------12252553 session =1 
[INFO] 2014-09-23-15:16:54 com.mocha.unitcode.mina.client.CoreClientCenterStore.send(CoreClientCenterStore.java:122) ------------å¼€å§‹å‘é€æ•°æ®-------- 
[INFO] 2014-09-23-15:16:54 com.mocha.unitcode.mina.client.CoreClientCenterStore.send(CoreClientCenterStore.java:125) --------------------è¿æ¥åˆå§‹è¯æˆåŠŸ----------------17336859 session =1 
[INFO] 2014-09-23-15:16:55 com.mocha.unitcode.mina.client.CoreClientCenterStore.send(CoreClientCenterStore.java:130) --------------------å‘é€æ¶ˆæ¯æˆåŠŸ----------------17336859 session =1 
[INFO] 2014-09-23-15:16:57 com.mocha.unitcode.mina.client.CoreClientCenterStore.send(CoreClientCenterStore.java:122) ------------å¼€å§‹å‘é€æ•°æ®-------- 
[INFO] 2014-09-23-15:16:57 com.mocha.unitcode.mina.client.CoreClientCenterStore.send(CoreClientCenterStore.java:125) --------------------è¿æ¥åˆå§‹è¯æˆåŠŸ----------------21846043 session =1 
[INFO] 2014-09-23-15:16:58 com.mocha.unitcode.mina.client.CoreClientCenterStore.send(CoreClientCenterStore.java:130) --------------------å‘é€æ¶ˆæ¯æˆåŠŸ----------------21846043 session =1 
[INFO] 2014-09-23-15:17:01 com.mocha.unitcode.mina.client.CoreClientCenterStore.send(CoreClientCenterStore.java:122) ------------å¼€å§‹å‘é€æ•°æ®-------- 
[INFO] 2014-09-23-15:17:01 com.mocha.unitcode.mina.client.CoreClientCenterStore.send(CoreClientCenterStore.java:125) --------------------è¿æ¥åˆå§‹è¯æˆåŠŸ----------------10181026 session =1 
[INFO] 2014-09-23-15:17:04 com.mocha.unitcode.mina.client.CoreClientCenterStore.send(CoreClientCenterStore.java:130) --------------------å‘é€æ¶ˆæ¯æˆåŠŸ----------------10181026 session =1 
[INFO] 2014-09-23-15:17:08 com.mocha.unitcode.mina.client.CoreClientCenterStore.send(CoreClientCenterStore.java:122) ------------å¼€å§‹å‘é€æ•°æ®-------- 
[INFO] 2014-09-23-15:17:08 com.mocha.unitcode.mina.client.CoreClientCenterStore.send(CoreClientCenterStore.java:125) --------------------è¿æ¥åˆå§‹è¯æˆåŠŸ----------------7579091 session =1 
[INFO] 2014-09-23-15:17:09 com.mocha.unitcode.mina.client.CoreClientCenterStore.send(CoreClientCenterStore.java:130) --------------------å‘é€æ¶ˆæ¯æˆåŠŸ----------------7579091 session =1 
[INFO] 2014-09-23-15:17:12 com.mocha.unitcode.mina.client.CoreClientCenterStore.send(CoreClientCenterStore.java:122) ------------å¼€å§‹å‘é€æ•°æ®-------- 
[INFO] 2014-09-23-15:17:12 com.mocha.unitcode.mina.client.CoreClientCenterStore.send(CoreClientCenterStore.java:125) --------------------è¿æ¥åˆå§‹è¯æˆåŠŸ----------------8891751 session =1 
[INFO] 2014-09-23-15:17:13 com.mocha.unitcode.mina.client.CoreClientCenterStore.send(CoreClientCenterStore.java:130) --------------------å‘é€æ¶ˆæ¯æˆåŠŸ----------------8891751 session =1 
[INFO] 2014-09-23-15:17:17 com.mocha.unitcode.mina.client.CoreClientCenterStore.send(CoreClientCenterStore.java:122) ------------å¼€å§‹å‘é€æ•°æ®-------- 
[INFO] 2014-09-23-15:17:17 com.mocha.unitcode.mina.client.CoreClientCenterStore.send(CoreClientCenterStore.java:125) --------------------è¿æ¥åˆå§‹è¯æˆåŠŸ----------------7751055 session =1 
[INFO] 2014-09-23-15:17:17 com.mocha.unitcode.mina.client.CoreClientCenterStore.send(CoreClientCenterStore.java:130) --------------------å‘é€æ¶ˆæ¯æˆåŠŸ----------------7751055 session =1 
[INFO] 2014-09-23-15:17:20 com.mocha.unitcode.mina.client.CoreClientCenterStore.send(CoreClientCenterStore.java:122) ------------å¼€å§‹å‘é€æ•°æ®-------- 
[INFO] 2014-09-23-15:17:20 com.mocha.unitcode.mina.client.CoreClientCenterStore.send(CoreClientCenterStore.java:125) --------------------è¿æ¥åˆå§‹è¯æˆåŠŸ----------------30276889 session =1 
[INFO] 2014-09-23-15:17:21 com.mocha.unitcode.mina.client.CoreClientCenterStore.send(CoreClientCenterStore.java:130) --------------------å‘é€æ¶ˆæ¯æˆåŠŸ----------------30276889 session =1 
