[INFO] 2014-09-23-15:09:38 com.mocha.unitcode.mina.pdu.SubmitTodoEntity.getBody(SubmitTodoEntity.java:146) ===getBody====msgId===========[B@1fb050c 
[INFO] 2014-09-23-15:09:38 com.mocha.unitcode.mina.pdu.SubmitTodoEntity.getBody(SubmitTodoEntity.java:150) ===getBody====msgId===========[B@1fb050c 
[INFO] 2014-09-23-15:09:38 com.mocha.unitcode.mina.pdu.SubmitTodoEntity.getBody(SubmitTodoEntity.java:155) ===getBody====entityMessage.getLength()===========3034 
[INFO] 2014-09-23-15:09:38 com.mocha.unitcode.mina.pdu.SubmitTodoEntity.getBody(SubmitTodoEntity.java:159) entityMessage.getData()com.mocha.unitcode.mina.code.ByteBuffer@4b12d9 
[INFO] 2014-09-23-15:09:38 com.mocha.unitcode.mina.pdu.SubmitTodoEntityResp.setBody(SubmitTodoEntityResp.java:61) ===setBody====msgFormat===========0 
[INFO] 2014-09-23-15:09:38 com.mocha.unitcode.mina.pdu.SubmitTodoEntityResp.setBody(SubmitTodoEntityResp.java:65) ===setBody====classLength===========0 
[INFO] 2014-09-23-15:12:00 com.mocha.unitcode.mina.pdu.SubmitTodoEntity.getBody(SubmitTodoEntity.java:146) ===getBody====msgId===========[B@10a3b24 
[INFO] 2014-09-23-15:12:00 com.mocha.unitcode.mina.pdu.SubmitTodoEntity.getBody(SubmitTodoEntity.java:150) ===getBody====msgId===========[B@10a3b24 
[INFO] 2014-09-23-15:12:00 com.mocha.unitcode.mina.pdu.SubmitTodoEntity.getBody(SubmitTodoEntity.java:155) ===getBody====entityMessage.getLength()===========3034 
[INFO] 2014-09-23-15:12:00 com.mocha.unitcode.mina.pdu.SubmitTodoEntity.getBody(SubmitTodoEntity.java:159) entityMessage.getData()com.mocha.unitcode.mina.code.ByteBuffer@f1bb78 
[INFO] 2014-09-23-15:12:00 com.mocha.unitcode.mina.pdu.SubmitTodoEntity.getBody(SubmitTodoEntity.java:146) ===getBody====msgId===========[B@12b7eea 
[INFO] 2014-09-23-15:12:00 com.mocha.unitcode.mina.pdu.SubmitTodoEntity.getBody(SubmitTodoEntity.java:150) ===getBody====msgId===========[B@12b7eea 
[INFO] 2014-09-23-15:12:00 com.mocha.unitcode.mina.pdu.SubmitTodoEntity.getBody(SubmitTodoEntity.java:155) ===getBody====entityMessage.getLength()===========3034 
[INFO] 2014-09-23-15:12:00 com.mocha.unitcode.mina.pdu.SubmitTodoEntity.getBody(SubmitTodoEntity.java:159) entityMessage.getData()com.mocha.unitcode.mina.code.ByteBuffer@99353f 
[INFO] 2014-09-23-15:12:00 com.mocha.unitcode.mina.pdu.SubmitTodoEntity.getBody(SubmitTodoEntity.java:146) ===getBody====msgId===========[B@1cbfe9d 
[INFO] 2014-09-23-15:12:00 com.mocha.unitcode.mina.pdu.SubmitTodoEntity.getBody(SubmitTodoEntity.java:150) ===getBody====msgId===========[B@1cbfe9d 
[INFO] 2014-09-23-15:12:00 com.mocha.unitcode.mina.pdu.SubmitTodoEntity.getBody(SubmitTodoEntity.java:155) ===getBody====entityMessage.getLength()===========3034 
[INFO] 2014-09-23-15:12:00 com.mocha.unitcode.mina.pdu.SubmitTodoEntity.getBody(SubmitTodoEntity.java:159) entityMessage.getData()com.mocha.unitcode.mina.code.ByteBuffer@1b8f864 
[INFO] 2014-09-23-15:12:00 com.mocha.unitcode.mina.pdu.SubmitTodoEntity.getBody(SubmitTodoEntity.java:146) ===getBody====msgId===========[B@1238bd2 
[INFO] 2014-09-23-15:12:00 com.mocha.unitcode.mina.pdu.SubmitTodoEntity.getBody(SubmitTodoEntity.java:150) ===getBody====msgId===========[B@1238bd2 
[INFO] 2014-09-23-15:12:00 com.mocha.unitcode.mina.pdu.SubmitTodoEntity.getBody(SubmitTodoEntity.java:155) ===getBody====entityMessage.getLength()===========3034 
[INFO] 2014-09-23-15:12:00 com.mocha.unitcode.mina.pdu.SubmitTodoEntity.getBody(SubmitTodoEntity.java:159) entityMessage.getData()com.mocha.unitcode.mina.code.ByteBuffer@b0bad7 
[INFO] 2014-09-23-15:12:00 com.mocha.unitcode.mina.pdu.SubmitTodoEntity.getBody(SubmitTodoEntity.java:146) ===getBody====msgId===========[B@17725c4 
[INFO] 2014-09-23-15:12:00 com.mocha.unitcode.mina.pdu.SubmitTodoEntity.getBody(SubmitTodoEntity.java:150) ===getBody====msgId===========[B@17725c4 
[INFO] 2014-09-23-15:12:00 com.mocha.unitcode.mina.pdu.SubmitTodoEntity.getBody(SubmitTodoEntity.java:155) ===getBody====entityMessage.getLength()===========3034 
[INFO] 2014-09-23-15:12:00 com.mocha.unitcode.mina.pdu.SubmitTodoEntity.getBody(SubmitTodoEntity.java:159) entityMessage.getData()com.mocha.unitcode.mina.code.ByteBuffer@1506dc4 
[INFO] 2014-09-23-15:12:00 com.mocha.unitcode.mina.pdu.SubmitTodoEntity.getBody(SubmitTodoEntity.java:146) ===getBody====msgId===========[B@c931fc 
[INFO] 2014-09-23-15:12:00 com.mocha.unitcode.mina.pdu.SubmitTodoEntity.getBody(SubmitTodoEntity.java:150) ===getBody====msgId===========[B@c931fc 
[INFO] 2014-09-23-15:12:00 com.mocha.unitcode.mina.pdu.SubmitTodoEntity.getBody(SubmitTodoEntity.java:155) ===getBody====entityMessage.getLength()===========3034 
[INFO] 2014-09-23-15:12:00 com.mocha.unitcode.mina.pdu.SubmitTodoEntity.getBody(SubmitTodoEntity.java:159) entityMessage.getData()com.mocha.unitcode.mina.code.ByteBuffer@f0c0d3 
[INFO] 2014-09-23-15:12:00 com.mocha.unitcode.mina.pdu.SubmitTodoEntity.getBody(SubmitTodoEntity.java:146) ===getBody====msgId===========[B@134e4fb 
[INFO] 2014-09-23-15:12:00 com.mocha.unitcode.mina.pdu.SubmitTodoEntity.getBody(SubmitTodoEntity.java:150) ===getBody====msgId===========[B@134e4fb 
[INFO] 2014-09-23-15:12:00 com.mocha.unitcode.mina.pdu.SubmitTodoEntity.getBody(SubmitTodoEntity.java:155) ===getBody====entityMessage.getLength()===========3034 
[INFO] 2014-09-23-15:12:00 com.mocha.unitcode.mina.pdu.SubmitTodoEntity.getBody(SubmitTodoEntity.java:159) entityMessage.getData()com.mocha.unitcode.mina.code.ByteBuffer@1a52fdf 
[INFO] 2014-09-23-15:12:00 com.mocha.unitcode.mina.pdu.SubmitTodoEntity.getBody(SubmitTodoEntity.java:146) ===getBody====msgId===========[B@1386918 
[INFO] 2014-09-23-15:12:00 com.mocha.unitcode.mina.pdu.SubmitTodoEntity.getBody(SubmitTodoEntity.java:150) ===getBody====msgId===========[B@1386918 
[INFO] 2014-09-23-15:12:00 com.mocha.unitcode.mina.pdu.SubmitTodoEntity.getBody(SubmitTodoEntity.java:155) ===getBody====entityMessage.getLength()===========3034 
[INFO] 2014-09-23-15:12:00 com.mocha.unitcode.mina.pdu.SubmitTodoEntity.getBody(SubmitTodoEntity.java:159) entityMessage.getData()com.mocha.unitcode.mina.code.ByteBuffer@7bb290 
[INFO] 2014-09-23-15:12:00 com.mocha.unitcode.mina.pdu.SubmitTodoEntity.getBody(SubmitTodoEntity.java:146) ===getBody====msgId===========[B@73a34b 
[INFO] 2014-09-23-15:12:00 com.mocha.unitcode.mina.pdu.SubmitTodoEntity.getBody(SubmitTodoEntity.java:150) ===getBody====msgId===========[B@73a34b 
[INFO] 2014-09-23-15:12:00 com.mocha.unitcode.mina.pdu.SubmitTodoEntity.getBody(SubmitTodoEntity.java:155) ===getBody====entityMessage.getLength()===========3034 
[INFO] 2014-09-23-15:12:00 com.mocha.unitcode.mina.pdu.SubmitTodoEntity.getBody(SubmitTodoEntity.java:159) entityMessage.getData()com.mocha.unitcode.mina.code.ByteBuffer@1e59128 
[INFO] 2014-09-23-15:12:00 com.mocha.unitcode.mina.pdu.SubmitTodoEntity.getBody(SubmitTodoEntity.java:146) ===getBody====msgId===========[B@140c281 
[INFO] 2014-09-23-15:12:00 com.mocha.unitcode.mina.pdu.SubmitTodoEntity.getBody(SubmitTodoEntity.java:150) ===getBody====msgId===========[B@140c281 
[INFO] 2014-09-23-15:12:00 com.mocha.unitcode.mina.pdu.SubmitTodoEntity.getBody(SubmitTodoEntity.java:155) ===getBody====entityMessage.getLength()===========3034 
[INFO] 2014-09-23-15:12:00 com.mocha.unitcode.mina.pdu.SubmitTodoEntity.getBody(SubmitTodoEntity.java:159) entityMessage.getData()com.mocha.unitcode.mina.code.ByteBuffer@1df280b 
[INFO] 2014-09-23-15:13:22 com.mocha.unitcode.mina.pdu.SubmitTodoEntity.getBody(SubmitTodoEntity.java:146) ===getBody====msgId===========[B@189f854 
[INFO] 2014-09-23-15:13:22 com.mocha.unitcode.mina.pdu.SubmitTodoEntity.getBody(SubmitTodoEntity.java:150) ===getBody====msgId===========[B@189f854 
[INFO] 2014-09-23-15:13:22 com.mocha.unitcode.mina.pdu.SubmitTodoEntity.getBody(SubmitTodoEntity.java:155) ===getBody====entityMessage.getLength()===========3034 
[INFO] 2014-09-23-15:13:22 com.mocha.unitcode.mina.pdu.SubmitTodoEntity.getBody(SubmitTodoEntity.java:159) entityMessage.getData()com.mocha.unitcode.mina.code.ByteBuffer@746ad0 
[INFO] 2014-09-23-15:13:22 com.mocha.unitcode.mina.pdu.SubmitTodoEntityResp.setBody(SubmitTodoEntityResp.java:61) ===setBody====msgFormat===========0 
[INFO] 2014-09-23-15:13:22 com.mocha.unitcode.mina.pdu.SubmitTodoEntityResp.setBody(SubmitTodoEntityResp.java:65) ===setBody====classLength===========0 
[INFO] 2014-09-23-15:16:03 com.mocha.unitcode.mina.pdu.SubmitTodoEntity.getBody(SubmitTodoEntity.java:146) ===getBody====msgId===========[B@10a3b24 
[INFO] 2014-09-23-15:16:03 com.mocha.unitcode.mina.pdu.SubmitTodoEntity.getBody(SubmitTodoEntity.java:150) ===getBody====msgId===========[B@10a3b24 
[INFO] 2014-09-23-15:16:03 com.mocha.unitcode.mina.pdu.SubmitTodoEntity.getBody(SubmitTodoEntity.java:155) ===getBody====entityMessage.getLength()===========3034 
[INFO] 2014-09-23-15:16:03 com.mocha.unitcode.mina.pdu.SubmitTodoEntity.getBody(SubmitTodoEntity.java:159) entityMessage.getData()com.mocha.unitcode.mina.code.ByteBuffer@f1bb78 
[INFO] 2014-09-23-15:16:03 com.mocha.unitcode.mina.pdu.SubmitTodoEntity.getBody(SubmitTodoEntity.java:146) ===getBody====msgId===========[B@12b7eea 
[INFO] 2014-09-23-15:16:03 com.mocha.unitcode.mina.pdu.SubmitTodoEntity.getBody(SubmitTodoEntity.java:150) ===getBody====msgId===========[B@12b7eea 
[INFO] 2014-09-23-15:16:03 com.mocha.unitcode.mina.pdu.SubmitTodoEntity.getBody(SubmitTodoEntity.java:155) ===getBody====entityMessage.getLength()===========3034 
[INFO] 2014-09-23-15:16:03 com.mocha.unitcode.mina.pdu.SubmitTodoEntity.getBody(SubmitTodoEntity.java:159) entityMessage.getData()com.mocha.unitcode.mina.code.ByteBuffer@99353f 
[INFO] 2014-09-23-15:16:03 com.mocha.unitcode.mina.pdu.SubmitTodoEntity.getBody(SubmitTodoEntity.java:146) ===getBody====msgId===========[B@1cbfe9d 
[INFO] 2014-09-23-15:16:03 com.mocha.unitcode.mina.pdu.SubmitTodoEntity.getBody(SubmitTodoEntity.java:150) ===getBody====msgId===========[B@1cbfe9d 
[INFO] 2014-09-23-15:16:03 com.mocha.unitcode.mina.pdu.SubmitTodoEntity.getBody(SubmitTodoEntity.java:155) ===getBody====entityMessage.getLength()===========3034 
[INFO] 2014-09-23-15:16:03 com.mocha.unitcode.mina.pdu.SubmitTodoEntity.getBody(SubmitTodoEntity.java:159) entityMessage.getData()com.mocha.unitcode.mina.code.ByteBuffer@1b8f864 
[INFO] 2014-09-23-15:16:03 com.mocha.unitcode.mina.pdu.SubmitTodoEntity.getBody(SubmitTodoEntity.java:146) ===getBody====msgId===========[B@1238bd2 
[INFO] 2014-09-23-15:16:03 com.mocha.unitcode.mina.pdu.SubmitTodoEntity.getBody(SubmitTodoEntity.java:150) ===getBody====msgId===========[B@1238bd2 
[INFO] 2014-09-23-15:16:03 com.mocha.unitcode.mina.pdu.SubmitTodoEntity.getBody(SubmitTodoEntity.java:155) ===getBody====entityMessage.getLength()===========3034 
[INFO] 2014-09-23-15:16:03 com.mocha.unitcode.mina.pdu.SubmitTodoEntity.getBody(SubmitTodoEntity.java:159) entityMessage.getData()com.mocha.unitcode.mina.code.ByteBuffer@b0bad7 
[INFO] 2014-09-23-15:16:03 com.mocha.unitcode.mina.pdu.SubmitTodoEntity.getBody(SubmitTodoEntity.java:146) ===getBody====msgId===========[B@17725c4 
[INFO] 2014-09-23-15:16:03 com.mocha.unitcode.mina.pdu.SubmitTodoEntity.getBody(SubmitTodoEntity.java:150) ===getBody====msgId===========[B@17725c4 
[INFO] 2014-09-23-15:16:03 com.mocha.unitcode.mina.pdu.SubmitTodoEntity.getBody(SubmitTodoEntity.java:155) ===getBody====entityMessage.getLength()===========3034 
[INFO] 2014-09-23-15:16:03 com.mocha.unitcode.mina.pdu.SubmitTodoEntity.getBody(SubmitTodoEntity.java:159) entityMessage.getData()com.mocha.unitcode.mina.code.ByteBuffer@1506dc4 
[INFO] 2014-09-23-15:16:03 com.mocha.unitcode.mina.pdu.SubmitTodoEntity.getBody(SubmitTodoEntity.java:146) ===getBody====msgId===========[B@c931fc 
[INFO] 2014-09-23-15:16:03 com.mocha.unitcode.mina.pdu.SubmitTodoEntity.getBody(SubmitTodoEntity.java:150) ===getBody====msgId===========[B@c931fc 
[INFO] 2014-09-23-15:16:03 com.mocha.unitcode.mina.pdu.SubmitTodoEntity.getBody(SubmitTodoEntity.java:155) ===getBody====entityMessage.getLength()===========3034 
[INFO] 2014-09-23-15:16:03 com.mocha.unitcode.mina.pdu.SubmitTodoEntity.getBody(SubmitTodoEntity.java:159) entityMessage.getData()com.mocha.unitcode.mina.code.ByteBuffer@f0c0d3 
[INFO] 2014-09-23-15:16:03 com.mocha.unitcode.mina.pdu.SubmitTodoEntity.getBody(SubmitTodoEntity.java:146) ===getBody====msgId===========[B@134e4fb 
[INFO] 2014-09-23-15:16:03 com.mocha.unitcode.mina.pdu.SubmitTodoEntity.getBody(SubmitTodoEntity.java:150) ===getBody====msgId===========[B@134e4fb 
[INFO] 2014-09-23-15:16:03 com.mocha.unitcode.mina.pdu.SubmitTodoEntity.getBody(SubmitTodoEntity.java:155) ===getBody====entityMessage.getLength()===========3034 
[INFO] 2014-09-23-15:16:03 com.mocha.unitcode.mina.pdu.SubmitTodoEntity.getBody(SubmitTodoEntity.java:159) entityMessage.getData()com.mocha.unitcode.mina.code.ByteBuffer@1a52fdf 
[INFO] 2014-09-23-15:16:03 com.mocha.unitcode.mina.pdu.SubmitTodoEntity.getBody(SubmitTodoEntity.java:146) ===getBody====msgId===========[B@1386918 
[INFO] 2014-09-23-15:16:03 com.mocha.unitcode.mina.pdu.SubmitTodoEntity.getBody(SubmitTodoEntity.java:150) ===getBody====msgId===========[B@1386918 
[INFO] 2014-09-23-15:16:03 com.mocha.unitcode.mina.pdu.SubmitTodoEntity.getBody(SubmitTodoEntity.java:155) ===getBody====entityMessage.getLength()===========3034 
[INFO] 2014-09-23-15:16:03 com.mocha.unitcode.mina.pdu.SubmitTodoEntity.getBody(SubmitTodoEntity.java:159) entityMessage.getData()com.mocha.unitcode.mina.code.ByteBuffer@7bb290 
[INFO] 2014-09-23-15:16:03 com.mocha.unitcode.mina.pdu.SubmitTodoEntity.getBody(SubmitTodoEntity.java:146) ===getBody====msgId===========[B@73a34b 
[INFO] 2014-09-23-15:16:03 com.mocha.unitcode.mina.pdu.SubmitTodoEntity.getBody(SubmitTodoEntity.java:150) ===getBody====msgId===========[B@73a34b 
[INFO] 2014-09-23-15:16:03 com.mocha.unitcode.mina.pdu.SubmitTodoEntity.getBody(SubmitTodoEntity.java:155) ===getBody====entityMessage.getLength()===========3034 
[INFO] 2014-09-23-15:16:03 com.mocha.unitcode.mina.pdu.SubmitTodoEntity.getBody(SubmitTodoEntity.java:159) entityMessage.getData()com.mocha.unitcode.mina.code.ByteBuffer@1e59128 
[INFO] 2014-09-23-15:16:03 com.mocha.unitcode.mina.pdu.SubmitTodoEntity.getBody(SubmitTodoEntity.java:146) ===getBody====msgId===========[B@140c281 
[INFO] 2014-09-23-15:16:03 com.mocha.unitcode.mina.pdu.SubmitTodoEntity.getBody(SubmitTodoEntity.java:150) ===getBody====msgId===========[B@140c281 
[INFO] 2014-09-23-15:16:03 com.mocha.unitcode.mina.pdu.SubmitTodoEntity.getBody(SubmitTodoEntity.java:155) ===getBody====entityMessage.getLength()===========3034 
[INFO] 2014-09-23-15:16:03 com.mocha.unitcode.mina.pdu.SubmitTodoEntity.getBody(SubmitTodoEntity.java:159) entityMessage.getData()com.mocha.unitcode.mina.code.ByteBuffer@1df280b 
[INFO] 2014-09-23-15:16:44 com.mocha.unitcode.mina.pdu.SubmitTodoEntity.getBody(SubmitTodoEntity.java:146) ===getBody====msgId===========[B@aefcbb 
[INFO] 2014-09-23-15:16:44 com.mocha.unitcode.mina.pdu.SubmitTodoEntity.getBody(SubmitTodoEntity.java:150) ===getBody====msgId===========[B@aefcbb 
[INFO] 2014-09-23-15:16:44 com.mocha.unitcode.mina.pdu.SubmitTodoEntity.getBody(SubmitTodoEntity.java:155) ===getBody====entityMessage.getLength()===========3034 
[INFO] 2014-09-23-15:16:44 com.mocha.unitcode.mina.pdu.SubmitTodoEntity.getBody(SubmitTodoEntity.java:159) entityMessage.getData()com.mocha.unitcode.mina.code.ByteBuffer@543cb1 
[INFO] 2014-09-23-15:16:49 com.mocha.unitcode.mina.pdu.SubmitTodoEntity.getBody(SubmitTodoEntity.java:146) ===getBody====msgId===========[B@1dcc4cd 
[INFO] 2014-09-23-15:16:49 com.mocha.unitcode.mina.pdu.SubmitTodoEntity.getBody(SubmitTodoEntity.java:150) ===getBody====msgId===========[B@1dcc4cd 
[INFO] 2014-09-23-15:16:49 com.mocha.unitcode.mina.pdu.SubmitTodoEntity.getBody(SubmitTodoEntity.java:155) ===getBody====entityMessage.getLength()===========3034 
[INFO] 2014-09-23-15:16:49 com.mocha.unitcode.mina.pdu.SubmitTodoEntity.getBody(SubmitTodoEntity.java:159) entityMessage.getData()com.mocha.unitcode.mina.code.ByteBuffer@1a5e68a 
[INFO] 2014-09-23-15:16:52 com.mocha.unitcode.mina.pdu.SubmitTodoEntity.getBody(SubmitTodoEntity.java:146) ===getBody====msgId===========[B@c12474 
[INFO] 2014-09-23-15:16:52 com.mocha.unitcode.mina.pdu.SubmitTodoEntity.getBody(SubmitTodoEntity.java:150) ===getBody====msgId===========[B@c12474 
[INFO] 2014-09-23-15:16:52 com.mocha.unitcode.mina.pdu.SubmitTodoEntity.getBody(SubmitTodoEntity.java:155) ===getBody====entityMessage.getLength()===========3034 
[INFO] 2014-09-23-15:16:52 com.mocha.unitcode.mina.pdu.SubmitTodoEntity.getBody(SubmitTodoEntity.java:159) entityMessage.getData()com.mocha.unitcode.mina.code.ByteBuffer@490342 
[INFO] 2014-09-23-15:16:55 com.mocha.unitcode.mina.pdu.SubmitTodoEntity.getBody(SubmitTodoEntity.java:146) ===getBody====msgId===========[B@45aa2c 
[INFO] 2014-09-23-15:16:55 com.mocha.unitcode.mina.pdu.SubmitTodoEntity.getBody(SubmitTodoEntity.java:150) ===getBody====msgId===========[B@45aa2c 
[INFO] 2014-09-23-15:16:55 com.mocha.unitcode.mina.pdu.SubmitTodoEntity.getBody(SubmitTodoEntity.java:155) ===getBody====entityMessage.getLength()===========3034 
[INFO] 2014-09-23-15:16:55 com.mocha.unitcode.mina.pdu.SubmitTodoEntity.getBody(SubmitTodoEntity.java:159) entityMessage.getData()com.mocha.unitcode.mina.code.ByteBuffer@10e4fd7 
[INFO] 2014-09-23-15:16:58 com.mocha.unitcode.mina.pdu.SubmitTodoEntity.getBody(SubmitTodoEntity.java:146) ===getBody====msgId===========[B@191777e 
[INFO] 2014-09-23-15:16:58 com.mocha.unitcode.mina.pdu.SubmitTodoEntity.getBody(SubmitTodoEntity.java:150) ===getBody====msgId===========[B@191777e 
[INFO] 2014-09-23-15:16:58 com.mocha.unitcode.mina.pdu.SubmitTodoEntity.getBody(SubmitTodoEntity.java:155) ===getBody====entityMessage.getLength()===========3034 
[INFO] 2014-09-23-15:16:58 com.mocha.unitcode.mina.pdu.SubmitTodoEntity.getBody(SubmitTodoEntity.java:159) entityMessage.getData()com.mocha.unitcode.mina.code.ByteBuffer@7ec028 
[INFO] 2014-09-23-15:17:04 com.mocha.unitcode.mina.pdu.SubmitTodoEntity.getBody(SubmitTodoEntity.java:146) ===getBody====msgId===========[B@ac97cc 
[INFO] 2014-09-23-15:17:04 com.mocha.unitcode.mina.pdu.SubmitTodoEntity.getBody(SubmitTodoEntity.java:150) ===getBody====msgId===========[B@ac97cc 
[INFO] 2014-09-23-15:17:04 com.mocha.unitcode.mina.pdu.SubmitTodoEntity.getBody(SubmitTodoEntity.java:155) ===getBody====entityMessage.getLength()===========3034 
[INFO] 2014-09-23-15:17:04 com.mocha.unitcode.mina.pdu.SubmitTodoEntity.getBody(SubmitTodoEntity.java:159) entityMessage.getData()com.mocha.unitcode.mina.code.ByteBuffer@8497f6 
[INFO] 2014-09-23-15:17:09 com.mocha.unitcode.mina.pdu.SubmitTodoEntity.getBody(SubmitTodoEntity.java:146) ===getBody====msgId===========[B@cd2192 
[INFO] 2014-09-23-15:17:09 com.mocha.unitcode.mina.pdu.SubmitTodoEntity.getBody(SubmitTodoEntity.java:150) ===getBody====msgId===========[B@cd2192 
[INFO] 2014-09-23-15:17:09 com.mocha.unitcode.mina.pdu.SubmitTodoEntity.getBody(SubmitTodoEntity.java:155) ===getBody====entityMessage.getLength()===========3034 
[INFO] 2014-09-23-15:17:09 com.mocha.unitcode.mina.pdu.SubmitTodoEntity.getBody(SubmitTodoEntity.java:159) entityMessage.getData()com.mocha.unitcode.mina.code.ByteBuffer@11f139b 
[INFO] 2014-09-23-15:17:13 com.mocha.unitcode.mina.pdu.SubmitTodoEntity.getBody(SubmitTodoEntity.java:146) ===getBody====msgId===========[B@163a320 
[INFO] 2014-09-23-15:17:13 com.mocha.unitcode.mina.pdu.SubmitTodoEntity.getBody(SubmitTodoEntity.java:150) ===getBody====msgId===========[B@163a320 
[INFO] 2014-09-23-15:17:13 com.mocha.unitcode.mina.pdu.SubmitTodoEntity.getBody(SubmitTodoEntity.java:155) ===getBody====entityMessage.getLength()===========3034 
[INFO] 2014-09-23-15:17:13 com.mocha.unitcode.mina.pdu.SubmitTodoEntity.getBody(SubmitTodoEntity.java:159) entityMessage.getData()com.mocha.unitcode.mina.code.ByteBuffer@1757337 
[INFO] 2014-09-23-15:17:17 com.mocha.unitcode.mina.pdu.SubmitTodoEntity.getBody(SubmitTodoEntity.java:146) ===getBody====msgId===========[B@57828d 
[INFO] 2014-09-23-15:17:17 com.mocha.unitcode.mina.pdu.SubmitTodoEntity.getBody(SubmitTodoEntity.java:150) ===getBody====msgId===========[B@57828d 
[INFO] 2014-09-23-15:17:17 com.mocha.unitcode.mina.pdu.SubmitTodoEntity.getBody(SubmitTodoEntity.java:155) ===getBody====entityMessage.getLength()===========3034 
[INFO] 2014-09-23-15:17:17 com.mocha.unitcode.mina.pdu.SubmitTodoEntity.getBody(SubmitTodoEntity.java:159) entityMessage.getData()com.mocha.unitcode.mina.code.ByteBuffer@fe2558 
[INFO] 2014-09-23-15:17:21 com.mocha.unitcode.mina.pdu.SubmitTodoEntity.getBody(SubmitTodoEntity.java:146) ===getBody====msgId===========[B@177fa9a 
[INFO] 2014-09-23-15:17:21 com.mocha.unitcode.mina.pdu.SubmitTodoEntity.getBody(SubmitTodoEntity.java:150) ===getBody====msgId===========[B@177fa9a 
[INFO] 2014-09-23-15:17:21 com.mocha.unitcode.mina.pdu.SubmitTodoEntity.getBody(SubmitTodoEntity.java:155) ===getBody====entityMessage.getLength()===========3034 
[INFO] 2014-09-23-15:17:21 com.mocha.unitcode.mina.pdu.SubmitTodoEntity.getBody(SubmitTodoEntity.java:159) entityMessage.getData()com.mocha.unitcode.mina.code.ByteBuffer@ac4d3b 
