[ERROR] 2014-08-20-11:23:08 com.mocha.unitcode.mina.server.handler.MinaIoHandler.exceptionCaught(MinaIoHandler.java:59) Exception:  
org.apache.mina.filter.codec.ProtocolDecoderException: java.lang.NullPointerException (Hexdump: 00 00 00 27 00 00 00 01 00 00 00 01 39 31 39 34 37 00 EA EE 65 0F 11 79 F5 82 9E 6E 2F D9 59 57 92 E3 30 30 E1 EB B3 00 00 00 27 00 00 00 01 00 00 00 02 39 31 39 34 37 00 EA EE 65 0F 11 79 F5 82 9E 6E 2F D9 59 57 92 E3 30 30 E1 EB B3 00 00 00 78 00 00 00 03 00 00 00 00 14 08 20 11 23 06 10 01 0F 62 7B 22 61 70 70 49 74 65 6D 49 64 22 3A 22 61 73 63 76 76 22 2C 22 69 74 65 6D 54 69 74 6C 65 22 3A 22 E5 A4 9A E5 BA 94 E7 94 A8 E7 B3 BB E7 BB 9F E5 BA 94 E7 94 A8 E7 9A 84 E9 83 BD E4 B8 8D E6 98 AF E6 A0 87 E5 87 86 E7 9A 84 77 65 62 20 73 65 72 76 69 63 65 E6 88 96 58 4D 4C E7 AD 89 22 7D)
	at org.apache.mina.filter.codec.ProtocolCodecFilter.messageReceived(ProtocolCodecFilter.java:235)
	at org.apache.mina.core.filterchain.DefaultIoFilterChain.callNextMessageReceived(DefaultIoFilterChain.java:433)
	at org.apache.mina.core.filterchain.DefaultIoFilterChain.access$1200(DefaultIoFilterChain.java:47)
	at org.apache.mina.core.filterchain.DefaultIoFilterChain$EntryImpl$1.messageReceived(DefaultIoFilterChain.java:801)
	at org.apache.mina.core.filterchain.IoFilterEvent.fire(IoFilterEvent.java:71)
	at org.apache.mina.core.session.IoEvent.run(IoEvent.java:63)
	at org.apache.mina.filter.executor.OrderedThreadPoolExecutor$Worker.runTask(OrderedThreadPoolExecutor.java:801)
	at org.apache.mina.filter.executor.OrderedThreadPoolExecutor$Worker.runTasks(OrderedThreadPoolExecutor.java:793)
	at org.apache.mina.filter.executor.OrderedThreadPoolExecutor$Worker.run(OrderedThreadPoolExecutor.java:735)
	at java.lang.Thread.run(Thread.java:619)
Caused by: java.lang.NullPointerException
	at com.mocha.unitcode.mina.pdu.SubmitItem.setBody(SubmitItem.java:67)
	at com.mocha.unitcode.mina.pdu.MinaPDUParser.createPDUFromBuffer(MinaPDUParser.java:49)
	at com.mocha.unitcode.mina.server.factory.MinaRequestDecoder.doDecode(MinaRequestDecoder.java:157)
	at org.apache.mina.filter.codec.CumulativeProtocolDecoder.decode(CumulativeProtocolDecoder.java:178)
	at org.apache.mina.filter.codec.ProtocolCodecFilter.messageReceived(ProtocolCodecFilter.java:225)
	... 9 more
[ERROR] 2014-08-20-13:31:22 com.mocha.unitcode.mina.server.handler.MinaIoHandler.exceptionCaught(MinaIoHandler.java:59) Exception:  
org.apache.mina.filter.codec.ProtocolDecoderException: java.lang.NullPointerException (Hexdump: 00 00 00 27 00 00 00 01 00 00 00 01 39 31 39 34 37 00 DA A0 1A C2 81 1E 85 3A 4E 4B 07 1D 63 E3 BC A1 30 30 E2 3D 01 00 00 00 27 00 00 00 01 00 00 00 02 39 31 39 34 37 00 DA A0 1A C2 81 1E 85 3A 4E 4B 07 1D 63 E3 BC A1 30 30 E2 3D 01 00 00 00 78 00 00 00 03 00 00 00 00 14 08 20 13 31 21 10 01 0F 62 7B 22 61 70 70 49 74 65 6D 49 64 22 3A 22 61 73 63 76 76 22 2C 22 69 74 65 6D 54 69 74 6C 65 22 3A 22 E5 A4 9A E5 BA 94 E7 94 A8 E7 B3 BB E7 BB 9F E5 BA 94 E7 94 A8 E7 9A 84 E9 83 BD E4 B8 8D E6 98 AF E6 A0 87 E5 87 86 E7 9A 84 77 65 62 20 73 65 72 76 69 63 65 E6 88 96 58 4D 4C E7 AD 89 22 7D)
	at org.apache.mina.filter.codec.ProtocolCodecFilter.messageReceived(ProtocolCodecFilter.java:235)
	at org.apache.mina.core.filterchain.DefaultIoFilterChain.callNextMessageReceived(DefaultIoFilterChain.java:433)
	at org.apache.mina.core.filterchain.DefaultIoFilterChain.access$1200(DefaultIoFilterChain.java:47)
	at org.apache.mina.core.filterchain.DefaultIoFilterChain$EntryImpl$1.messageReceived(DefaultIoFilterChain.java:801)
	at org.apache.mina.core.filterchain.IoFilterEvent.fire(IoFilterEvent.java:71)
	at org.apache.mina.core.session.IoEvent.run(IoEvent.java:63)
	at org.apache.mina.filter.executor.OrderedThreadPoolExecutor$Worker.runTask(OrderedThreadPoolExecutor.java:801)
	at org.apache.mina.filter.executor.OrderedThreadPoolExecutor$Worker.runTasks(OrderedThreadPoolExecutor.java:793)
	at org.apache.mina.filter.executor.OrderedThreadPoolExecutor$Worker.run(OrderedThreadPoolExecutor.java:735)
	at java.lang.Thread.run(Thread.java:619)
Caused by: java.lang.NullPointerException
	at com.mocha.unitcode.mina.pdu.SubmitItem.setBody(SubmitItem.java:67)
	at com.mocha.unitcode.mina.pdu.MinaPDUParser.createPDUFromBuffer(MinaPDUParser.java:49)
	at com.mocha.unitcode.mina.server.factory.MinaRequestDecoder.doDecode(MinaRequestDecoder.java:157)
	at org.apache.mina.filter.codec.CumulativeProtocolDecoder.decode(CumulativeProtocolDecoder.java:178)
	at org.apache.mina.filter.codec.ProtocolCodecFilter.messageReceived(ProtocolCodecFilter.java:225)
	... 9 more
[ERROR] 2014-08-20-14:04:32 com.mocha.unitcode.mina.server.handler.MinaIoHandler.exceptionCaught(MinaIoHandler.java:59) Exception:  
org.apache.mina.filter.codec.ProtocolDecoderException: java.lang.NullPointerException (Hexdump: 00 00 00 27 00 00 00 01 00 00 00 01 39 31 39 34 37 00 A7 23 7D 7E 3A E4 9F 32 66 1B 6A 7A F3 A6 55 8E 30 30 E2 59 8F 00 00 00 27 00 00 00 01 00 00 00 02 39 31 39 34 37 00 A7 23 7D 7E 3A E4 9F 32 66 1B 6A 7A F3 A6 55 8E 30 30 E2 59 8F 00 00 00 78 00 00 00 03 00 00 00 00 14 08 20 14 04 31 10 01 0F 62 7B 22 61 70 70 49 74 65 6D 49 64 22 3A 22 61 73 63 76 76 22 2C 22 69 74 65 6D 54 69 74 6C 65 22 3A 22 E5 A4 9A E5 BA 94 E7 94 A8 E7 B3 BB E7 BB 9F E5 BA 94 E7 94 A8 E7 9A 84 E9 83 BD E4 B8 8D E6 98 AF E6 A0 87 E5 87 86 E7 9A 84 77 65 62 20 73 65 72 76 69 63 65 E6 88 96 58 4D 4C E7 AD 89 22 7D)
	at org.apache.mina.filter.codec.ProtocolCodecFilter.messageReceived(ProtocolCodecFilter.java:235)
	at org.apache.mina.core.filterchain.DefaultIoFilterChain.callNextMessageReceived(DefaultIoFilterChain.java:433)
	at org.apache.mina.core.filterchain.DefaultIoFilterChain.access$1200(DefaultIoFilterChain.java:47)
	at org.apache.mina.core.filterchain.DefaultIoFilterChain$EntryImpl$1.messageReceived(DefaultIoFilterChain.java:801)
	at org.apache.mina.core.filterchain.IoFilterEvent.fire(IoFilterEvent.java:71)
	at org.apache.mina.core.session.IoEvent.run(IoEvent.java:63)
	at org.apache.mina.filter.executor.OrderedThreadPoolExecutor$Worker.runTask(OrderedThreadPoolExecutor.java:801)
	at org.apache.mina.filter.executor.OrderedThreadPoolExecutor$Worker.runTasks(OrderedThreadPoolExecutor.java:793)
	at org.apache.mina.filter.executor.OrderedThreadPoolExecutor$Worker.run(OrderedThreadPoolExecutor.java:735)
	at java.lang.Thread.run(Thread.java:619)
Caused by: java.lang.NullPointerException
	at com.mocha.unitcode.mina.pdu.SubmitItem.setBody(SubmitItem.java:77)
	at com.mocha.unitcode.mina.pdu.MinaPDUParser.createPDUFromBuffer(MinaPDUParser.java:49)
	at com.mocha.unitcode.mina.server.factory.MinaRequestDecoder.doDecode(MinaRequestDecoder.java:157)
	at org.apache.mina.filter.codec.CumulativeProtocolDecoder.decode(CumulativeProtocolDecoder.java:178)
	at org.apache.mina.filter.codec.ProtocolCodecFilter.messageReceived(ProtocolCodecFilter.java:225)
	... 9 more
[ERROR] 2014-08-20-14:08:13 com.mocha.unitcode.mina.server.handler.MinaIoHandler.exceptionCaught(MinaIoHandler.java:59) Exception:  
org.apache.mina.filter.codec.ProtocolDecoderException: java.lang.NullPointerException (Hexdump: 00 00 00 27 00 00 00 01 00 00 00 01 39 31 39 34 37 00 C7 60 E7 0F 0E CD 87 EE A2 F5 9E 32 14 16 CB 85 30 30 E2 5B 0C 00 00 00 27 00 00 00 01 00 00 00 02 39 31 39 34 37 00 C7 60 E7 0F 0E CD 87 EE A2 F5 9E 32 14 16 CB 85 30 30 E2 5B 0C 00 00 00 78 00 00 00 03 00 00 00 00 14 08 20 14 08 12 10 01 0F 62 7B 22 61 70 70 49 74 65 6D 49 64 22 3A 22 61 73 63 76 76 22 2C 22 69 74 65 6D 54 69 74 6C 65 22 3A 22 E5 A4 9A E5 BA 94 E7 94 A8 E7 B3 BB E7 BB 9F E5 BA 94 E7 94 A8 E7 9A 84 E9 83 BD E4 B8 8D E6 98 AF E6 A0 87 E5 87 86 E7 9A 84 77 65 62 20 73 65 72 76 69 63 65 E6 88 96 58 4D 4C E7 AD 89 22 7D)
	at org.apache.mina.filter.codec.ProtocolCodecFilter.messageReceived(ProtocolCodecFilter.java:235)
	at org.apache.mina.core.filterchain.DefaultIoFilterChain.callNextMessageReceived(DefaultIoFilterChain.java:433)
	at org.apache.mina.core.filterchain.DefaultIoFilterChain.access$1200(DefaultIoFilterChain.java:47)
	at org.apache.mina.core.filterchain.DefaultIoFilterChain$EntryImpl$1.messageReceived(DefaultIoFilterChain.java:801)
	at org.apache.mina.core.filterchain.IoFilterEvent.fire(IoFilterEvent.java:71)
	at org.apache.mina.core.session.IoEvent.run(IoEvent.java:63)
	at org.apache.mina.filter.executor.OrderedThreadPoolExecutor$Worker.runTask(OrderedThreadPoolExecutor.java:801)
	at org.apache.mina.filter.executor.OrderedThreadPoolExecutor$Worker.runTasks(OrderedThreadPoolExecutor.java:793)
	at org.apache.mina.filter.executor.OrderedThreadPoolExecutor$Worker.run(OrderedThreadPoolExecutor.java:735)
	at java.lang.Thread.run(Thread.java:619)
Caused by: java.lang.NullPointerException
	at com.mocha.unitcode.mina.pdu.SubmitItem.setBody(SubmitItem.java:83)
	at com.mocha.unitcode.mina.pdu.MinaPDUParser.createPDUFromBuffer(MinaPDUParser.java:49)
	at com.mocha.unitcode.mina.server.factory.MinaRequestDecoder.doDecode(MinaRequestDecoder.java:157)
	at org.apache.mina.filter.codec.CumulativeProtocolDecoder.decode(CumulativeProtocolDecoder.java:178)
	at org.apache.mina.filter.codec.ProtocolCodecFilter.messageReceived(ProtocolCodecFilter.java:225)
	... 9 more
[ERROR] 2014-08-20-15:32:35 com.mocha.unitcode.mina.server.handler.MinaIoHandler.exceptionCaught(MinaIoHandler.java:61) Exception:  
com.alibaba.fastjson.JSONException: unclosed str
	at com.alibaba.fastjson.parser.JSONScanner.scanFieldString(JSONScanner.java:950)
	at Fastjson_ASM_TodoEntity_1.deserialze(Unknown Source)
	at com.alibaba.fastjson.parser.DefaultJSONParser.parseObject(DefaultJSONParser.java:471)
	at com.alibaba.fastjson.JSON.parseObject(JSON.java:235)
	at com.alibaba.fastjson.JSON.parseObject(JSON.java:188)
	at com.alibaba.fastjson.JSON.parseObject(JSON.java:321)
	at com.mocha.unitcode.mina.pdu.TodoEntityMessage.getTodoEntity(TodoEntityMessage.java:68)
	at com.mocha.unitcode.mina.server.handler.MinaIoHandler.messageReceived(MinaIoHandler.java:157)
	at org.apache.mina.core.filterchain.DefaultIoFilterChain$TailFilter.messageReceived(DefaultIoFilterChain.java:721)
	at org.apache.mina.core.filterchain.DefaultIoFilterChain.callNextMessageReceived(DefaultIoFilterChain.java:433)
	at org.apache.mina.core.filterchain.DefaultIoFilterChain.access$1200(DefaultIoFilterChain.java:47)
	at org.apache.mina.core.filterchain.DefaultIoFilterChain$EntryImpl$1.messageReceived(DefaultIoFilterChain.java:801)
	at org.apache.mina.filter.codec.ProtocolCodecFilter$ProtocolDecoderOutputImpl.flush(ProtocolCodecFilter.java:375)
	at org.apache.mina.filter.codec.ProtocolCodecFilter.messageReceived(ProtocolCodecFilter.java:229)
	at org.apache.mina.core.filterchain.DefaultIoFilterChain.callNextMessageReceived(DefaultIoFilterChain.java:433)
	at org.apache.mina.core.filterchain.DefaultIoFilterChain.access$1200(DefaultIoFilterChain.java:47)
	at org.apache.mina.core.filterchain.DefaultIoFilterChain$EntryImpl$1.messageReceived(DefaultIoFilterChain.java:801)
	at org.apache.mina.core.filterchain.IoFilterEvent.fire(IoFilterEvent.java:71)
	at org.apache.mina.core.session.IoEvent.run(IoEvent.java:63)
	at org.apache.mina.filter.executor.OrderedThreadPoolExecutor$Worker.runTask(OrderedThreadPoolExecutor.java:801)
	at org.apache.mina.filter.executor.OrderedThreadPoolExecutor$Worker.runTasks(OrderedThreadPoolExecutor.java:793)
	at org.apache.mina.filter.executor.OrderedThreadPoolExecutor$Worker.run(OrderedThreadPoolExecutor.java:735)
	at java.lang.Thread.run(Thread.java:619)
[ERROR] 2014-08-20-15:36:50 com.mocha.unitcode.mina.server.handler.MinaIoHandler.exceptionCaught(MinaIoHandler.java:61) Exception:  
com.alibaba.fastjson.JSONException: unclosed str
	at com.alibaba.fastjson.parser.JSONScanner.scanFieldString(JSONScanner.java:950)
	at Fastjson_ASM_TodoEntity_1.deserialze(Unknown Source)
	at com.alibaba.fastjson.parser.DefaultJSONParser.parseObject(DefaultJSONParser.java:471)
	at com.alibaba.fastjson.JSON.parseObject(JSON.java:235)
	at com.alibaba.fastjson.JSON.parseObject(JSON.java:188)
	at com.alibaba.fastjson.JSON.parseObject(JSON.java:321)
	at com.mocha.unitcode.mina.pdu.TodoEntityMessage.getTodoEntity(TodoEntityMessage.java:92)
	at com.mocha.unitcode.mina.server.handler.MinaIoHandler.messageReceived(MinaIoHandler.java:157)
	at org.apache.mina.core.filterchain.DefaultIoFilterChain$TailFilter.messageReceived(DefaultIoFilterChain.java:721)
	at org.apache.mina.core.filterchain.DefaultIoFilterChain.callNextMessageReceived(DefaultIoFilterChain.java:433)
	at org.apache.mina.core.filterchain.DefaultIoFilterChain.access$1200(DefaultIoFilterChain.java:47)
	at org.apache.mina.core.filterchain.DefaultIoFilterChain$EntryImpl$1.messageReceived(DefaultIoFilterChain.java:801)
	at org.apache.mina.filter.codec.ProtocolCodecFilter$ProtocolDecoderOutputImpl.flush(ProtocolCodecFilter.java:375)
	at org.apache.mina.filter.codec.ProtocolCodecFilter.messageReceived(ProtocolCodecFilter.java:229)
	at org.apache.mina.core.filterchain.DefaultIoFilterChain.callNextMessageReceived(DefaultIoFilterChain.java:433)
	at org.apache.mina.core.filterchain.DefaultIoFilterChain.access$1200(DefaultIoFilterChain.java:47)
	at org.apache.mina.core.filterchain.DefaultIoFilterChain$EntryImpl$1.messageReceived(DefaultIoFilterChain.java:801)
	at org.apache.mina.core.filterchain.IoFilterEvent.fire(IoFilterEvent.java:71)
	at org.apache.mina.core.session.IoEvent.run(IoEvent.java:63)
	at org.apache.mina.filter.executor.OrderedThreadPoolExecutor$Worker.runTask(OrderedThreadPoolExecutor.java:801)
	at org.apache.mina.filter.executor.OrderedThreadPoolExecutor$Worker.runTasks(OrderedThreadPoolExecutor.java:793)
	at org.apache.mina.filter.executor.OrderedThreadPoolExecutor$Worker.run(OrderedThreadPoolExecutor.java:735)
	at java.lang.Thread.run(Thread.java:619)
[ERROR] 2014-08-20-16:58:38 com.mocha.unitcode.mina.server.handler.MinaIoHandler.exceptionCaught(MinaIoHandler.java:61) Exception:  
com.alibaba.fastjson.JSONException: unclosed str
	at com.alibaba.fastjson.parser.JSONScanner.scanFieldString(JSONScanner.java:950)
	at Fastjson_ASM_TodoEntity_1.deserialze(Unknown Source)
	at com.alibaba.fastjson.parser.DefaultJSONParser.parseObject(DefaultJSONParser.java:471)
	at com.alibaba.fastjson.JSON.parseObject(JSON.java:235)
	at com.alibaba.fastjson.JSON.parseObject(JSON.java:188)
	at com.alibaba.fastjson.JSON.parseObject(JSON.java:321)
	at com.mocha.unitcode.mina.pdu.TodoEntityMessage.getTodoEntity(TodoEntityMessage.java:92)
	at com.mocha.unitcode.mina.server.handler.MinaIoHandler.messageReceived(MinaIoHandler.java:157)
	at org.apache.mina.core.filterchain.DefaultIoFilterChain$TailFilter.messageReceived(DefaultIoFilterChain.java:721)
	at org.apache.mina.core.filterchain.DefaultIoFilterChain.callNextMessageReceived(DefaultIoFilterChain.java:433)
	at org.apache.mina.core.filterchain.DefaultIoFilterChain.access$1200(DefaultIoFilterChain.java:47)
	at org.apache.mina.core.filterchain.DefaultIoFilterChain$EntryImpl$1.messageReceived(DefaultIoFilterChain.java:801)
	at org.apache.mina.filter.codec.ProtocolCodecFilter$ProtocolDecoderOutputImpl.flush(ProtocolCodecFilter.java:375)
	at org.apache.mina.filter.codec.ProtocolCodecFilter.messageReceived(ProtocolCodecFilter.java:229)
	at org.apache.mina.core.filterchain.DefaultIoFilterChain.callNextMessageReceived(DefaultIoFilterChain.java:433)
	at org.apache.mina.core.filterchain.DefaultIoFilterChain.access$1200(DefaultIoFilterChain.java:47)
	at org.apache.mina.core.filterchain.DefaultIoFilterChain$EntryImpl$1.messageReceived(DefaultIoFilterChain.java:801)
	at org.apache.mina.core.filterchain.IoFilterEvent.fire(IoFilterEvent.java:71)
	at org.apache.mina.core.session.IoEvent.run(IoEvent.java:63)
	at org.apache.mina.filter.executor.OrderedThreadPoolExecutor$Worker.runTask(OrderedThreadPoolExecutor.java:801)
	at org.apache.mina.filter.executor.OrderedThreadPoolExecutor$Worker.runTasks(OrderedThreadPoolExecutor.java:793)
	at org.apache.mina.filter.executor.OrderedThreadPoolExecutor$Worker.run(OrderedThreadPoolExecutor.java:735)
	at java.lang.Thread.run(Thread.java:619)
[ERROR] 2014-08-20-17:00:36 com.mocha.unitcode.mina.server.handler.MinaIoHandler.exceptionCaught(MinaIoHandler.java:61) Exception:  
com.alibaba.fastjson.JSONException: unclosed str
	at com.alibaba.fastjson.parser.JSONScanner.scanFieldString(JSONScanner.java:950)
	at Fastjson_ASM_TodoEntity_1.deserialze(Unknown Source)
	at com.alibaba.fastjson.parser.DefaultJSONParser.parseObject(DefaultJSONParser.java:471)
	at com.alibaba.fastjson.JSON.parseObject(JSON.java:235)
	at com.alibaba.fastjson.JSON.parseObject(JSON.java:188)
	at com.alibaba.fastjson.JSON.parseObject(JSON.java:321)
	at com.mocha.unitcode.mina.pdu.TodoEntityMessage.getTodoEntity(TodoEntityMessage.java:93)
	at com.mocha.unitcode.mina.server.handler.MinaIoHandler.messageReceived(MinaIoHandler.java:157)
	at org.apache.mina.core.filterchain.DefaultIoFilterChain$TailFilter.messageReceived(DefaultIoFilterChain.java:721)
	at org.apache.mina.core.filterchain.DefaultIoFilterChain.callNextMessageReceived(DefaultIoFilterChain.java:433)
	at org.apache.mina.core.filterchain.DefaultIoFilterChain.access$1200(DefaultIoFilterChain.java:47)
	at org.apache.mina.core.filterchain.DefaultIoFilterChain$EntryImpl$1.messageReceived(DefaultIoFilterChain.java:801)
	at org.apache.mina.filter.codec.ProtocolCodecFilter$ProtocolDecoderOutputImpl.flush(ProtocolCodecFilter.java:375)
	at org.apache.mina.filter.codec.ProtocolCodecFilter.messageReceived(ProtocolCodecFilter.java:229)
	at org.apache.mina.core.filterchain.DefaultIoFilterChain.callNextMessageReceived(DefaultIoFilterChain.java:433)
	at org.apache.mina.core.filterchain.DefaultIoFilterChain.access$1200(DefaultIoFilterChain.java:47)
	at org.apache.mina.core.filterchain.DefaultIoFilterChain$EntryImpl$1.messageReceived(DefaultIoFilterChain.java:801)
	at org.apache.mina.core.filterchain.IoFilterEvent.fire(IoFilterEvent.java:71)
	at org.apache.mina.core.session.IoEvent.run(IoEvent.java:63)
	at org.apache.mina.filter.executor.OrderedThreadPoolExecutor$Worker.runTask(OrderedThreadPoolExecutor.java:801)
	at org.apache.mina.filter.executor.OrderedThreadPoolExecutor$Worker.runTasks(OrderedThreadPoolExecutor.java:793)
	at org.apache.mina.filter.executor.OrderedThreadPoolExecutor$Worker.run(OrderedThreadPoolExecutor.java:735)
	at java.lang.Thread.run(Thread.java:619)
[ERROR] 2014-08-20-17:02:33 com.mocha.unitcode.mina.server.handler.MinaIoHandler.exceptionCaught(MinaIoHandler.java:61) Exception:  
com.alibaba.fastjson.JSONException: unclosed str
	at com.alibaba.fastjson.parser.JSONScanner.scanFieldString(JSONScanner.java:950)
	at Fastjson_ASM_TodoEntity_1.deserialze(Unknown Source)
	at com.alibaba.fastjson.parser.DefaultJSONParser.parseObject(DefaultJSONParser.java:471)
	at com.alibaba.fastjson.JSON.parseObject(JSON.java:235)
	at com.alibaba.fastjson.JSON.parseObject(JSON.java:188)
	at com.alibaba.fastjson.JSON.parseObject(JSON.java:321)
	at com.mocha.unitcode.mina.pdu.TodoEntityMessage.getTodoEntity(TodoEntityMessage.java:93)
	at com.mocha.unitcode.mina.server.handler.MinaIoHandler.messageReceived(MinaIoHandler.java:157)
	at org.apache.mina.core.filterchain.DefaultIoFilterChain$TailFilter.messageReceived(DefaultIoFilterChain.java:721)
	at org.apache.mina.core.filterchain.DefaultIoFilterChain.callNextMessageReceived(DefaultIoFilterChain.java:433)
	at org.apache.mina.core.filterchain.DefaultIoFilterChain.access$1200(DefaultIoFilterChain.java:47)
	at org.apache.mina.core.filterchain.DefaultIoFilterChain$EntryImpl$1.messageReceived(DefaultIoFilterChain.java:801)
	at org.apache.mina.filter.codec.ProtocolCodecFilter$ProtocolDecoderOutputImpl.flush(ProtocolCodecFilter.java:375)
	at org.apache.mina.filter.codec.ProtocolCodecFilter.messageReceived(ProtocolCodecFilter.java:229)
	at org.apache.mina.core.filterchain.DefaultIoFilterChain.callNextMessageReceived(DefaultIoFilterChain.java:433)
	at org.apache.mina.core.filterchain.DefaultIoFilterChain.access$1200(DefaultIoFilterChain.java:47)
	at org.apache.mina.core.filterchain.DefaultIoFilterChain$EntryImpl$1.messageReceived(DefaultIoFilterChain.java:801)
	at org.apache.mina.core.filterchain.IoFilterEvent.fire(IoFilterEvent.java:71)
	at org.apache.mina.core.session.IoEvent.run(IoEvent.java:63)
	at org.apache.mina.filter.executor.OrderedThreadPoolExecutor$Worker.runTask(OrderedThreadPoolExecutor.java:801)
	at org.apache.mina.filter.executor.OrderedThreadPoolExecutor$Worker.runTasks(OrderedThreadPoolExecutor.java:793)
	at org.apache.mina.filter.executor.OrderedThreadPoolExecutor$Worker.run(OrderedThreadPoolExecutor.java:735)
	at java.lang.Thread.run(Thread.java:619)
[ERROR] 2014-08-20-17:06:52 com.mocha.unitcode.mina.server.handler.MinaIoHandler.exceptionCaught(MinaIoHandler.java:61) Exception:  
com.alibaba.fastjson.JSONException: unclosed str
	at com.alibaba.fastjson.parser.JSONScanner.scanFieldString(JSONScanner.java:950)
	at Fastjson_ASM_TodoEntity_1.deserialze(Unknown Source)
	at com.alibaba.fastjson.parser.DefaultJSONParser.parseObject(DefaultJSONParser.java:471)
	at com.alibaba.fastjson.JSON.parseObject(JSON.java:235)
	at com.alibaba.fastjson.JSON.parseObject(JSON.java:188)
	at com.alibaba.fastjson.JSON.parseObject(JSON.java:321)
	at com.mocha.unitcode.mina.pdu.TodoEntityMessage.getTodoEntity(TodoEntityMessage.java:93)
	at com.mocha.unitcode.mina.server.handler.MinaIoHandler.messageReceived(MinaIoHandler.java:157)
	at org.apache.mina.core.filterchain.DefaultIoFilterChain$TailFilter.messageReceived(DefaultIoFilterChain.java:721)
	at org.apache.mina.core.filterchain.DefaultIoFilterChain.callNextMessageReceived(DefaultIoFilterChain.java:433)
	at org.apache.mina.core.filterchain.DefaultIoFilterChain.access$1200(DefaultIoFilterChain.java:47)
	at org.apache.mina.core.filterchain.DefaultIoFilterChain$EntryImpl$1.messageReceived(DefaultIoFilterChain.java:801)
	at org.apache.mina.filter.codec.ProtocolCodecFilter$ProtocolDecoderOutputImpl.flush(ProtocolCodecFilter.java:375)
	at org.apache.mina.filter.codec.ProtocolCodecFilter.messageReceived(ProtocolCodecFilter.java:229)
	at org.apache.mina.core.filterchain.DefaultIoFilterChain.callNextMessageReceived(DefaultIoFilterChain.java:433)
	at org.apache.mina.core.filterchain.DefaultIoFilterChain.access$1200(DefaultIoFilterChain.java:47)
	at org.apache.mina.core.filterchain.DefaultIoFilterChain$EntryImpl$1.messageReceived(DefaultIoFilterChain.java:801)
	at org.apache.mina.core.filterchain.IoFilterEvent.fire(IoFilterEvent.java:71)
	at org.apache.mina.core.session.IoEvent.run(IoEvent.java:63)
	at org.apache.mina.filter.executor.OrderedThreadPoolExecutor$Worker.runTask(OrderedThreadPoolExecutor.java:801)
	at org.apache.mina.filter.executor.OrderedThreadPoolExecutor$Worker.runTasks(OrderedThreadPoolExecutor.java:793)
	at org.apache.mina.filter.executor.OrderedThreadPoolExecutor$Worker.run(OrderedThreadPoolExecutor.java:735)
	at java.lang.Thread.run(Thread.java:619)
[ERROR] 2014-08-20-17:10:04 com.mocha.unitcode.mina.server.handler.MinaIoHandler.exceptionCaught(MinaIoHandler.java:61) Exception:  
com.alibaba.fastjson.JSONException: unclosed str
	at com.alibaba.fastjson.parser.JSONScanner.scanFieldString(JSONScanner.java:950)
	at Fastjson_ASM_TodoEntity_1.deserialze(Unknown Source)
	at com.alibaba.fastjson.parser.DefaultJSONParser.parseObject(DefaultJSONParser.java:471)
	at com.alibaba.fastjson.JSON.parseObject(JSON.java:235)
	at com.alibaba.fastjson.JSON.parseObject(JSON.java:188)
	at com.alibaba.fastjson.JSON.parseObject(JSON.java:321)
	at com.mocha.unitcode.mina.pdu.TodoEntityMessage.getTodoEntity(TodoEntityMessage.java:101)
	at com.mocha.unitcode.mina.server.handler.MinaIoHandler.messageReceived(MinaIoHandler.java:157)
	at org.apache.mina.core.filterchain.DefaultIoFilterChain$TailFilter.messageReceived(DefaultIoFilterChain.java:721)
	at org.apache.mina.core.filterchain.DefaultIoFilterChain.callNextMessageReceived(DefaultIoFilterChain.java:433)
	at org.apache.mina.core.filterchain.DefaultIoFilterChain.access$1200(DefaultIoFilterChain.java:47)
	at org.apache.mina.core.filterchain.DefaultIoFilterChain$EntryImpl$1.messageReceived(DefaultIoFilterChain.java:801)
	at org.apache.mina.filter.codec.ProtocolCodecFilter$ProtocolDecoderOutputImpl.flush(ProtocolCodecFilter.java:375)
	at org.apache.mina.filter.codec.ProtocolCodecFilter.messageReceived(ProtocolCodecFilter.java:229)
	at org.apache.mina.core.filterchain.DefaultIoFilterChain.callNextMessageReceived(DefaultIoFilterChain.java:433)
	at org.apache.mina.core.filterchain.DefaultIoFilterChain.access$1200(DefaultIoFilterChain.java:47)
	at org.apache.mina.core.filterchain.DefaultIoFilterChain$EntryImpl$1.messageReceived(DefaultIoFilterChain.java:801)
	at org.apache.mina.core.filterchain.IoFilterEvent.fire(IoFilterEvent.java:71)
	at org.apache.mina.core.session.IoEvent.run(IoEvent.java:63)
	at org.apache.mina.filter.executor.OrderedThreadPoolExecutor$Worker.runTask(OrderedThreadPoolExecutor.java:801)
	at org.apache.mina.filter.executor.OrderedThreadPoolExecutor$Worker.runTasks(OrderedThreadPoolExecutor.java:793)
	at org.apache.mina.filter.executor.OrderedThreadPoolExecutor$Worker.run(OrderedThreadPoolExecutor.java:735)
	at java.lang.Thread.run(Thread.java:619)
[ERROR] 2014-08-20-17:13:53 com.mocha.unitcode.mina.server.handler.MinaIoHandler.exceptionCaught(MinaIoHandler.java:61) Exception:  
com.alibaba.fastjson.JSONException: unclosed str
	at com.alibaba.fastjson.parser.JSONScanner.scanFieldString(JSONScanner.java:950)
	at Fastjson_ASM_TodoEntity_1.deserialze(Unknown Source)
	at com.alibaba.fastjson.parser.DefaultJSONParser.parseObject(DefaultJSONParser.java:471)
	at com.alibaba.fastjson.JSON.parseObject(JSON.java:235)
	at com.alibaba.fastjson.JSON.parseObject(JSON.java:188)
	at com.alibaba.fastjson.JSON.parseObject(JSON.java:321)
	at com.mocha.unitcode.mina.pdu.TodoEntityMessage.getTodoEntity(TodoEntityMessage.java:101)
	at com.mocha.unitcode.mina.server.handler.MinaIoHandler.messageReceived(MinaIoHandler.java:157)
	at org.apache.mina.core.filterchain.DefaultIoFilterChain$TailFilter.messageReceived(DefaultIoFilterChain.java:721)
	at org.apache.mina.core.filterchain.DefaultIoFilterChain.callNextMessageReceived(DefaultIoFilterChain.java:433)
	at org.apache.mina.core.filterchain.DefaultIoFilterChain.access$1200(DefaultIoFilterChain.java:47)
	at org.apache.mina.core.filterchain.DefaultIoFilterChain$EntryImpl$1.messageReceived(DefaultIoFilterChain.java:801)
	at org.apache.mina.filter.codec.ProtocolCodecFilter$ProtocolDecoderOutputImpl.flush(ProtocolCodecFilter.java:375)
	at org.apache.mina.filter.codec.ProtocolCodecFilter.messageReceived(ProtocolCodecFilter.java:229)
	at org.apache.mina.core.filterchain.DefaultIoFilterChain.callNextMessageReceived(DefaultIoFilterChain.java:433)
	at org.apache.mina.core.filterchain.DefaultIoFilterChain.access$1200(DefaultIoFilterChain.java:47)
	at org.apache.mina.core.filterchain.DefaultIoFilterChain$EntryImpl$1.messageReceived(DefaultIoFilterChain.java:801)
	at org.apache.mina.core.filterchain.IoFilterEvent.fire(IoFilterEvent.java:71)
	at org.apache.mina.core.session.IoEvent.run(IoEvent.java:63)
	at org.apache.mina.filter.executor.OrderedThreadPoolExecutor$Worker.runTask(OrderedThreadPoolExecutor.java:801)
	at org.apache.mina.filter.executor.OrderedThreadPoolExecutor$Worker.runTasks(OrderedThreadPoolExecutor.java:793)
	at org.apache.mina.filter.executor.OrderedThreadPoolExecutor$Worker.run(OrderedThreadPoolExecutor.java:735)
	at java.lang.Thread.run(Thread.java:619)
[ERROR] 2014-08-20-17:15:15 com.mocha.unitcode.mina.server.handler.MinaIoHandler.exceptionCaught(MinaIoHandler.java:61) Exception:  
com.alibaba.fastjson.JSONException: not match ':', actual 
	at com.alibaba.fastjson.parser.JSONScanner.nextTokenWithColon(JSONScanner.java:246)
	at com.alibaba.fastjson.parser.deserializer.ASMJavaBeanDeserializer.parseField(ASMJavaBeanDeserializer.java:80)
	at com.alibaba.fastjson.parser.deserializer.ASMJavaBeanDeserializer$InnerJavaBeanDeserializer.parseField(ASMJavaBeanDeserializer.java:92)
	at com.alibaba.fastjson.parser.deserializer.JavaBeanDeserializer.deserialze(JavaBeanDeserializer.java:254)
	at com.alibaba.fastjson.parser.deserializer.ASMJavaBeanDeserializer.deserialze(ASMJavaBeanDeserializer.java:31)
	at Fastjson_ASM_TodoEntity_1.deserialze(Unknown Source)
	at com.alibaba.fastjson.parser.DefaultJSONParser.parseObject(DefaultJSONParser.java:471)
	at com.alibaba.fastjson.JSON.parseObject(JSON.java:235)
	at com.alibaba.fastjson.JSON.parseObject(JSON.java:188)
	at com.alibaba.fastjson.JSON.parseObject(JSON.java:321)
	at com.mocha.unitcode.mina.pdu.TodoEntityMessage.getTodoEntity(TodoEntityMessage.java:101)
	at com.mocha.unitcode.mina.server.handler.MinaIoHandler.messageReceived(MinaIoHandler.java:157)
	at org.apache.mina.core.filterchain.DefaultIoFilterChain$TailFilter.messageReceived(DefaultIoFilterChain.java:721)
	at org.apache.mina.core.filterchain.DefaultIoFilterChain.callNextMessageReceived(DefaultIoFilterChain.java:433)
	at org.apache.mina.core.filterchain.DefaultIoFilterChain.access$1200(DefaultIoFilterChain.java:47)
	at org.apache.mina.core.filterchain.DefaultIoFilterChain$EntryImpl$1.messageReceived(DefaultIoFilterChain.java:801)
	at org.apache.mina.filter.codec.ProtocolCodecFilter$ProtocolDecoderOutputImpl.flush(ProtocolCodecFilter.java:375)
	at org.apache.mina.filter.codec.ProtocolCodecFilter.messageReceived(ProtocolCodecFilter.java:229)
	at org.apache.mina.core.filterchain.DefaultIoFilterChain.callNextMessageReceived(DefaultIoFilterChain.java:433)
	at org.apache.mina.core.filterchain.DefaultIoFilterChain.access$1200(DefaultIoFilterChain.java:47)
	at org.apache.mina.core.filterchain.DefaultIoFilterChain$EntryImpl$1.messageReceived(DefaultIoFilterChain.java:801)
	at org.apache.mina.core.filterchain.IoFilterEvent.fire(IoFilterEvent.java:71)
	at org.apache.mina.core.session.IoEvent.run(IoEvent.java:63)
	at org.apache.mina.filter.executor.OrderedThreadPoolExecutor$Worker.runTask(OrderedThreadPoolExecutor.java:801)
	at org.apache.mina.filter.executor.OrderedThreadPoolExecutor$Worker.runTasks(OrderedThreadPoolExecutor.java:793)
	at org.apache.mina.filter.executor.OrderedThreadPoolExecutor$Worker.run(OrderedThreadPoolExecutor.java:735)
	at java.lang.Thread.run(Thread.java:619)
[ERROR] 2014-08-20-17:18:24 com.mocha.unitcode.mina.server.handler.MinaIoHandler.exceptionCaught(MinaIoHandler.java:61) Exception:  
com.alibaba.fastjson.JSONException: not match ':', actual 
	at com.alibaba.fastjson.parser.JSONScanner.nextTokenWithColon(JSONScanner.java:246)
	at com.alibaba.fastjson.parser.deserializer.ASMJavaBeanDeserializer.parseField(ASMJavaBeanDeserializer.java:80)
	at com.alibaba.fastjson.parser.deserializer.ASMJavaBeanDeserializer$InnerJavaBeanDeserializer.parseField(ASMJavaBeanDeserializer.java:92)
	at com.alibaba.fastjson.parser.deserializer.JavaBeanDeserializer.deserialze(JavaBeanDeserializer.java:254)
	at com.alibaba.fastjson.parser.deserializer.ASMJavaBeanDeserializer.deserialze(ASMJavaBeanDeserializer.java:31)
	at Fastjson_ASM_TodoEntity_1.deserialze(Unknown Source)
	at com.alibaba.fastjson.parser.DefaultJSONParser.parseObject(DefaultJSONParser.java:471)
	at com.alibaba.fastjson.JSON.parseObject(JSON.java:235)
	at com.alibaba.fastjson.JSON.parseObject(JSON.java:188)
	at com.alibaba.fastjson.JSON.parseObject(JSON.java:321)
	at com.mocha.unitcode.mina.pdu.TodoEntityMessage.getTodoEntity(TodoEntityMessage.java:101)
	at com.mocha.unitcode.mina.server.handler.MinaIoHandler.messageReceived(MinaIoHandler.java:157)
	at org.apache.mina.core.filterchain.DefaultIoFilterChain$TailFilter.messageReceived(DefaultIoFilterChain.java:721)
	at org.apache.mina.core.filterchain.DefaultIoFilterChain.callNextMessageReceived(DefaultIoFilterChain.java:433)
	at org.apache.mina.core.filterchain.DefaultIoFilterChain.access$1200(DefaultIoFilterChain.java:47)
	at org.apache.mina.core.filterchain.DefaultIoFilterChain$EntryImpl$1.messageReceived(DefaultIoFilterChain.java:801)
	at org.apache.mina.filter.codec.ProtocolCodecFilter$ProtocolDecoderOutputImpl.flush(ProtocolCodecFilter.java:375)
	at org.apache.mina.filter.codec.ProtocolCodecFilter.messageReceived(ProtocolCodecFilter.java:229)
	at org.apache.mina.core.filterchain.DefaultIoFilterChain.callNextMessageReceived(DefaultIoFilterChain.java:433)
	at org.apache.mina.core.filterchain.DefaultIoFilterChain.access$1200(DefaultIoFilterChain.java:47)
	at org.apache.mina.core.filterchain.DefaultIoFilterChain$EntryImpl$1.messageReceived(DefaultIoFilterChain.java:801)
	at org.apache.mina.core.filterchain.IoFilterEvent.fire(IoFilterEvent.java:71)
	at org.apache.mina.core.session.IoEvent.run(IoEvent.java:63)
	at org.apache.mina.filter.executor.OrderedThreadPoolExecutor$Worker.runTask(OrderedThreadPoolExecutor.java:801)
	at org.apache.mina.filter.executor.OrderedThreadPoolExecutor$Worker.runTasks(OrderedThreadPoolExecutor.java:793)
	at org.apache.mina.filter.executor.OrderedThreadPoolExecutor$Worker.run(OrderedThreadPoolExecutor.java:735)
	at java.lang.Thread.run(Thread.java:619)
[ERROR] 2014-08-20-17:27:16 com.mocha.unitcode.mina.server.handler.MinaIoHandler.exceptionCaught(MinaIoHandler.java:61) Exception:  
org.apache.mina.filter.codec.ProtocolDecoderException: java.nio.BufferUnderflowException (Hexdump: 00 00 00 27 00 00 00 01 00 00 00 01 39 31 39 34 37 00 EF 3D E8 8C CB 9B BB AC EC 7D CA 0E 95 1C ED 7F 30 30 E2 D7 AB 00 00 00 27 00 00 00 01 00 00 00 02 39 31 39 34 37 00 EF 3D E8 8C CB 9B BB AC EC 7D CA 0E 95 1C ED 7F 30 30 E2 D7 AB 00 00 02 22 00 00 00 03 00 00 00 00 14 08 20 17 27 15 10 01 0A 0C 7B 22 61 70 70 49 74 65 6D 49 64 22 3A 22 61 73 63 76 76 22 2C 22 69 74 65 6D 54 69 74 6C 65 22 3A 22 E8 BF 9C E7 A8 8B E6 9C 8D E5 8A A1 E5 99 A8 E7 9A 84 E8 AE B8 E5 A4 9A E6 96 B9 E9 9D A2 E6 8F 90 E4 BE 9B E4 BA 86 E5 9F BA E4 BA 8E 20 57 65 62 20 E7 9A 84 E7 94 A8 E6 88 B7 E5 8F 8B E5 A5 BD E7 9A 84 E7 95 8C E9 9D A2 E3 80 82 E5 A6 82 E6 9E 9C E6 82 A8 E6 98 AF E7 AC AC E4 B8 80 E6 AC A1 E4 BD BF E7 94 A8 20 43 6F 6D 6D 75 6E 69 74 79 20 45 64 69 74 69 6F 6E 20 E5 92 8C E7 AE A1 E7 90 86 E6 8E A7 E5 88 B6 E5 8F B0 EF BC 8C E5 88 99 E6 96 87 E7 AB A0 20 E4 BD BF E7 94 A8 20 57 65 62 73 70 68 65 72 65 20 41 70 70 6C 69 63 61 74 69 6F 6E 20 53 65 72 76 65 72 20 43 6F 6D 6D 75 6E 69 74 79 20 45 64 69 74 69 6F 6E 20 E4 B8 AD E7 9A 84 20 57 65 62 20 E6 8E A7 E5 88 B6 E5 8F B0 20 E6 98 AF E4 B8 80 E7 AF 87 E5 BE 88 E5 A5 BD E7 9A 84 E5 85 A5 E9 97 A8 E6 96 87 E7 AB A0 EF BC 8C E5 85 B6 E4 B8 AD E4 BB 8B E7 BB 8D E4 BA 86 E5 8F AF E4 BB A5 E5 9C A8 E6 8E A7 E5 88 B6 E5 8F B0 E4 B8 AD E6 89 A7 E8 A1 8C E7 9A 84 E8 AE B8 E5 A4 9A E5 B8 B8 E8 A7 81 E7 9A 84 E7 AE A1 E7 90 86 E4 BB BB E5 8A A1 E3 80 82 E5 9C A8 E5 85 B7 E5 A4 87 E8 BF 99 E4 BA 9B E5 9F BA E7 A1 80 E7 9F A5 E8 AF 86 E5 90 8E EF BC 8C E6 82 A8 E5 8F AF E4 BB A5 E9 80 9A E8 BF 87 E6 9C AC E7 B3 BB E5 88 97 E6 96 87 E7 AB A0 EF BC 88 E5 85 B1 E4 B8 A4 E7 AF 87 EF BC 89 E6 9D A5 E5 AD A6 E4 B9 A0 E5 A6 82 E4 BD 95 E4 BD BF E7 94 A8 20 43 6F 6D 6D 75 6E 69 74 79 20 45 64 69 74 69 6F 6E 20 E6 8E A7 E5 88 B6 E5 8F B0 E6 89 A7 E8 A1 8C E9 AB 98 E7 BA A7 E7 AE A1 E7 90 86 E4 BB BB E5 8A A1 22 7D)
	at org.apache.mina.filter.codec.ProtocolCodecFilter.messageReceived(ProtocolCodecFilter.java:235)
	at org.apache.mina.core.filterchain.DefaultIoFilterChain.callNextMessageReceived(DefaultIoFilterChain.java:433)
	at org.apache.mina.core.filterchain.DefaultIoFilterChain.access$1200(DefaultIoFilterChain.java:47)
	at org.apache.mina.core.filterchain.DefaultIoFilterChain$EntryImpl$1.messageReceived(DefaultIoFilterChain.java:801)
	at org.apache.mina.core.filterchain.IoFilterEvent.fire(IoFilterEvent.java:71)
	at org.apache.mina.core.session.IoEvent.run(IoEvent.java:63)
	at org.apache.mina.filter.executor.OrderedThreadPoolExecutor$Worker.runTask(OrderedThreadPoolExecutor.java:801)
	at org.apache.mina.filter.executor.OrderedThreadPoolExecutor$Worker.runTasks(OrderedThreadPoolExecutor.java:793)
	at org.apache.mina.filter.executor.OrderedThreadPoolExecutor$Worker.run(OrderedThreadPoolExecutor.java:735)
	at java.lang.Thread.run(Thread.java:619)
Caused by: java.nio.BufferUnderflowException
	at java.nio.HeapByteBuffer.get(HeapByteBuffer.java:127)
	at org.apache.mina.core.buffer.AbstractIoBuffer.get(AbstractIoBuffer.java:544)
	at org.apache.mina.core.buffer.AbstractIoBuffer.get(AbstractIoBuffer.java:1091)
	at com.mocha.unitcode.mina.server.factory.MinaRequestDecoder.decode(MinaRequestDecoder.java:104)
	at org.apache.mina.filter.codec.ProtocolCodecFilter.messageReceived(ProtocolCodecFilter.java:225)
	... 9 more
[ERROR] 2014-08-20-17:30:23 com.mocha.unitcode.mina.server.handler.MinaIoHandler.exceptionCaught(MinaIoHandler.java:61) Exception:  
org.apache.mina.filter.codec.ProtocolDecoderException: java.nio.BufferUnderflowException (Hexdump: 00 00 00 27 00 00 00 01 00 00 00 01 39 31 39 34 37 00 37 87 F5 0B 3D 29 BC 1A 4C 3E 8F E8 33 E1 24 F0 30 30 E2 D8 DE 00 00 00 27 00 00 00 01 00 00 00 02 39 31 39 34 37 00 37 87 F5 0B 3D 29 BC 1A 4C 3E 8F E8 33 E1 24 F0 30 30 E2 D8 DE 00 00 02 22 00 00 00 03 00 00 00 00 14 08 20 17 30 21 10 01 0A 0C 7B 22 61 70 70 49 74 65 6D 49 64 22 3A 22 61 73 63 76 76 22 2C 22 69 74 65 6D 54 69 74 6C 65 22 3A 22 E8 BF 9C E7 A8 8B E6 9C 8D E5 8A A1 E5 99 A8 E7 9A 84 E8 AE B8 E5 A4 9A E6 96 B9 E9 9D A2 E6 8F 90 E4 BE 9B E4 BA 86 E5 9F BA E4 BA 8E 20 57 65 62 20 E7 9A 84 E7 94 A8 E6 88 B7 E5 8F 8B E5 A5 BD E7 9A 84 E7 95 8C E9 9D A2 E3 80 82 E5 A6 82 E6 9E 9C E6 82 A8 E6 98 AF E7 AC AC E4 B8 80 E6 AC A1 E4 BD BF E7 94 A8 20 43 6F 6D 6D 75 6E 69 74 79 20 45 64 69 74 69 6F 6E 20 E5 92 8C E7 AE A1 E7 90 86 E6 8E A7 E5 88 B6 E5 8F B0 EF BC 8C E5 88 99 E6 96 87 E7 AB A0 20 E4 BD BF E7 94 A8 20 57 65 62 73 70 68 65 72 65 20 41 70 70 6C 69 63 61 74 69 6F 6E 20 53 65 72 76 65 72 20 43 6F 6D 6D 75 6E 69 74 79 20 45 64 69 74 69 6F 6E 20 E4 B8 AD E7 9A 84 20 57 65 62 20 E6 8E A7 E5 88 B6 E5 8F B0 20 E6 98 AF E4 B8 80 E7 AF 87 E5 BE 88 E5 A5 BD E7 9A 84 E5 85 A5 E9 97 A8 E6 96 87 E7 AB A0 EF BC 8C E5 85 B6 E4 B8 AD E4 BB 8B E7 BB 8D E4 BA 86 E5 8F AF E4 BB A5 E5 9C A8 E6 8E A7 E5 88 B6 E5 8F B0 E4 B8 AD E6 89 A7 E8 A1 8C E7 9A 84 E8 AE B8 E5 A4 9A E5 B8 B8 E8 A7 81 E7 9A 84 E7 AE A1 E7 90 86 E4 BB BB E5 8A A1 E3 80 82 E5 9C A8 E5 85 B7 E5 A4 87 E8 BF 99 E4 BA 9B E5 9F BA E7 A1 80 E7 9F A5 E8 AF 86 E5 90 8E EF BC 8C E6 82 A8 E5 8F AF E4 BB A5 E9 80 9A E8 BF 87 E6 9C AC E7 B3 BB E5 88 97 E6 96 87 E7 AB A0 EF BC 88 E5 85 B1 E4 B8 A4 E7 AF 87 EF BC 89 E6 9D A5 E5 AD A6 E4 B9 A0 E5 A6 82 E4 BD 95 E4 BD BF E7 94 A8 20 43 6F 6D 6D 75 6E 69 74 79 20 45 64 69 74 69 6F 6E 20 E6 8E A7 E5 88 B6 E5 8F B0 E6 89 A7 E8 A1 8C E9 AB 98 E7 BA A7 E7 AE A1 E7 90 86 E4 BB BB E5 8A A1 22 7D)
	at org.apache.mina.filter.codec.ProtocolCodecFilter.messageReceived(ProtocolCodecFilter.java:235)
	at org.apache.mina.core.filterchain.DefaultIoFilterChain.callNextMessageReceived(DefaultIoFilterChain.java:433)
	at org.apache.mina.core.filterchain.DefaultIoFilterChain.access$1200(DefaultIoFilterChain.java:47)
	at org.apache.mina.core.filterchain.DefaultIoFilterChain$EntryImpl$1.messageReceived(DefaultIoFilterChain.java:801)
	at org.apache.mina.core.filterchain.IoFilterEvent.fire(IoFilterEvent.java:71)
	at org.apache.mina.core.session.IoEvent.run(IoEvent.java:63)
	at org.apache.mina.filter.executor.OrderedThreadPoolExecutor$Worker.runTask(OrderedThreadPoolExecutor.java:801)
	at org.apache.mina.filter.executor.OrderedThreadPoolExecutor$Worker.runTasks(OrderedThreadPoolExecutor.java:793)
	at org.apache.mina.filter.executor.OrderedThreadPoolExecutor$Worker.run(OrderedThreadPoolExecutor.java:735)
	at java.lang.Thread.run(Thread.java:619)
Caused by: java.nio.BufferUnderflowException
	at java.nio.HeapByteBuffer.get(HeapByteBuffer.java:127)
	at org.apache.mina.core.buffer.AbstractIoBuffer.get(AbstractIoBuffer.java:544)
	at org.apache.mina.core.buffer.AbstractIoBuffer.get(AbstractIoBuffer.java:1091)
	at com.mocha.unitcode.mina.server.factory.MinaRequestDecoder.decode(MinaRequestDecoder.java:104)
	at org.apache.mina.filter.codec.ProtocolCodecFilter.messageReceived(ProtocolCodecFilter.java:225)
	... 9 more
[ERROR] 2014-08-20-17:31:14 com.mocha.unitcode.mina.server.handler.MinaIoHandler.exceptionCaught(MinaIoHandler.java:61) Exception:  
com.alibaba.fastjson.JSONException: not match ':', actual 
	at com.alibaba.fastjson.parser.JSONScanner.nextTokenWithColon(JSONScanner.java:246)
	at com.alibaba.fastjson.parser.deserializer.ASMJavaBeanDeserializer.parseField(ASMJavaBeanDeserializer.java:80)
	at com.alibaba.fastjson.parser.deserializer.ASMJavaBeanDeserializer$InnerJavaBeanDeserializer.parseField(ASMJavaBeanDeserializer.java:92)
	at com.alibaba.fastjson.parser.deserializer.JavaBeanDeserializer.deserialze(JavaBeanDeserializer.java:254)
	at com.alibaba.fastjson.parser.deserializer.ASMJavaBeanDeserializer.deserialze(ASMJavaBeanDeserializer.java:31)
	at Fastjson_ASM_TodoEntity_1.deserialze(Unknown Source)
	at com.alibaba.fastjson.parser.DefaultJSONParser.parseObject(DefaultJSONParser.java:471)
	at com.alibaba.fastjson.JSON.parseObject(JSON.java:235)
	at com.alibaba.fastjson.JSON.parseObject(JSON.java:188)
	at com.alibaba.fastjson.JSON.parseObject(JSON.java:321)
	at com.mocha.unitcode.mina.pdu.TodoEntityMessage.getTodoEntity(TodoEntityMessage.java:101)
	at com.mocha.unitcode.mina.server.handler.MinaIoHandler.messageReceived(MinaIoHandler.java:157)
	at org.apache.mina.core.filterchain.DefaultIoFilterChain$TailFilter.messageReceived(DefaultIoFilterChain.java:721)
	at org.apache.mina.core.filterchain.DefaultIoFilterChain.callNextMessageReceived(DefaultIoFilterChain.java:433)
	at org.apache.mina.core.filterchain.DefaultIoFilterChain.access$1200(DefaultIoFilterChain.java:47)
	at org.apache.mina.core.filterchain.DefaultIoFilterChain$EntryImpl$1.messageReceived(DefaultIoFilterChain.java:801)
	at org.apache.mina.filter.codec.ProtocolCodecFilter$ProtocolDecoderOutputImpl.flush(ProtocolCodecFilter.java:375)
	at org.apache.mina.filter.codec.ProtocolCodecFilter.messageReceived(ProtocolCodecFilter.java:229)
	at org.apache.mina.core.filterchain.DefaultIoFilterChain.callNextMessageReceived(DefaultIoFilterChain.java:433)
	at org.apache.mina.core.filterchain.DefaultIoFilterChain.access$1200(DefaultIoFilterChain.java:47)
	at org.apache.mina.core.filterchain.DefaultIoFilterChain$EntryImpl$1.messageReceived(DefaultIoFilterChain.java:801)
	at org.apache.mina.core.filterchain.IoFilterEvent.fire(IoFilterEvent.java:71)
	at org.apache.mina.core.session.IoEvent.run(IoEvent.java:63)
	at org.apache.mina.filter.executor.OrderedThreadPoolExecutor$Worker.runTask(OrderedThreadPoolExecutor.java:801)
	at org.apache.mina.filter.executor.OrderedThreadPoolExecutor$Worker.runTasks(OrderedThreadPoolExecutor.java:793)
	at org.apache.mina.filter.executor.OrderedThreadPoolExecutor$Worker.run(OrderedThreadPoolExecutor.java:735)
	at java.lang.Thread.run(Thread.java:619)
[ERROR] 2014-08-20-18:20:56 com.mocha.unitcode.mina.server.handler.MinaIoHandler.exceptionCaught(MinaIoHandler.java:61) Exception:  
com.alibaba.fastjson.JSONException: not match ':', actual 
	at com.alibaba.fastjson.parser.JSONScanner.nextTokenWithColon(JSONScanner.java:246)
	at com.alibaba.fastjson.parser.deserializer.ASMJavaBeanDeserializer.parseField(ASMJavaBeanDeserializer.java:80)
	at com.alibaba.fastjson.parser.deserializer.ASMJavaBeanDeserializer$InnerJavaBeanDeserializer.parseField(ASMJavaBeanDeserializer.java:92)
	at com.alibaba.fastjson.parser.deserializer.JavaBeanDeserializer.deserialze(JavaBeanDeserializer.java:254)
	at com.alibaba.fastjson.parser.deserializer.ASMJavaBeanDeserializer.deserialze(ASMJavaBeanDeserializer.java:31)
	at Fastjson_ASM_TodoEntity_1.deserialze(Unknown Source)
	at com.alibaba.fastjson.parser.DefaultJSONParser.parseObject(DefaultJSONParser.java:471)
	at com.alibaba.fastjson.JSON.parseObject(JSON.java:235)
	at com.alibaba.fastjson.JSON.parseObject(JSON.java:188)
	at com.alibaba.fastjson.JSON.parseObject(JSON.java:321)
	at com.mocha.unitcode.mina.pdu.TodoEntityMessage.getTodoEntity(TodoEntityMessage.java:101)
	at com.mocha.unitcode.mina.server.handler.MinaIoHandler.messageReceived(MinaIoHandler.java:157)
	at org.apache.mina.core.filterchain.DefaultIoFilterChain$TailFilter.messageReceived(DefaultIoFilterChain.java:721)
	at org.apache.mina.core.filterchain.DefaultIoFilterChain.callNextMessageReceived(DefaultIoFilterChain.java:433)
	at org.apache.mina.core.filterchain.DefaultIoFilterChain.access$1200(DefaultIoFilterChain.java:47)
	at org.apache.mina.core.filterchain.DefaultIoFilterChain$EntryImpl$1.messageReceived(DefaultIoFilterChain.java:801)
	at org.apache.mina.filter.codec.ProtocolCodecFilter$ProtocolDecoderOutputImpl.flush(ProtocolCodecFilter.java:375)
	at org.apache.mina.filter.codec.ProtocolCodecFilter.messageReceived(ProtocolCodecFilter.java:229)
	at org.apache.mina.core.filterchain.DefaultIoFilterChain.callNextMessageReceived(DefaultIoFilterChain.java:433)
	at org.apache.mina.core.filterchain.DefaultIoFilterChain.access$1200(DefaultIoFilterChain.java:47)
	at org.apache.mina.core.filterchain.DefaultIoFilterChain$EntryImpl$1.messageReceived(DefaultIoFilterChain.java:801)
	at org.apache.mina.core.filterchain.IoFilterEvent.fire(IoFilterEvent.java:71)
	at org.apache.mina.core.session.IoEvent.run(IoEvent.java:63)
	at org.apache.mina.filter.executor.OrderedThreadPoolExecutor$Worker.runTask(OrderedThreadPoolExecutor.java:801)
	at org.apache.mina.filter.executor.OrderedThreadPoolExecutor$Worker.runTasks(OrderedThreadPoolExecutor.java:793)
	at org.apache.mina.filter.executor.OrderedThreadPoolExecutor$Worker.run(OrderedThreadPoolExecutor.java:735)
	at java.lang.Thread.run(Thread.java:619)
[ERROR] 2014-08-20-18:27:59 com.mocha.unitcode.mina.server.handler.MinaIoHandler.exceptionCaught(MinaIoHandler.java:61) Exception:  
com.alibaba.fastjson.JSONException: not match ':', actual 
	at com.alibaba.fastjson.parser.JSONScanner.nextTokenWithColon(JSONScanner.java:246)
	at com.alibaba.fastjson.parser.deserializer.ASMJavaBeanDeserializer.parseField(ASMJavaBeanDeserializer.java:80)
	at com.alibaba.fastjson.parser.deserializer.ASMJavaBeanDeserializer$InnerJavaBeanDeserializer.parseField(ASMJavaBeanDeserializer.java:92)
	at com.alibaba.fastjson.parser.deserializer.JavaBeanDeserializer.deserialze(JavaBeanDeserializer.java:254)
	at com.alibaba.fastjson.parser.deserializer.ASMJavaBeanDeserializer.deserialze(ASMJavaBeanDeserializer.java:31)
	at Fastjson_ASM_TodoEntity_1.deserialze(Unknown Source)
	at com.alibaba.fastjson.parser.DefaultJSONParser.parseObject(DefaultJSONParser.java:471)
	at com.alibaba.fastjson.JSON.parseObject(JSON.java:235)
	at com.alibaba.fastjson.JSON.parseObject(JSON.java:188)
	at com.alibaba.fastjson.JSON.parseObject(JSON.java:321)
	at com.mocha.unitcode.mina.pdu.TodoEntityMessage.getTodoEntity(TodoEntityMessage.java:101)
	at com.mocha.unitcode.mina.server.handler.MinaIoHandler.messageReceived(MinaIoHandler.java:157)
	at org.apache.mina.core.filterchain.DefaultIoFilterChain$TailFilter.messageReceived(DefaultIoFilterChain.java:721)
	at org.apache.mina.core.filterchain.DefaultIoFilterChain.callNextMessageReceived(DefaultIoFilterChain.java:433)
	at org.apache.mina.core.filterchain.DefaultIoFilterChain.access$1200(DefaultIoFilterChain.java:47)
	at org.apache.mina.core.filterchain.DefaultIoFilterChain$EntryImpl$1.messageReceived(DefaultIoFilterChain.java:801)
	at org.apache.mina.filter.codec.ProtocolCodecFilter$ProtocolDecoderOutputImpl.flush(ProtocolCodecFilter.java:375)
	at org.apache.mina.filter.codec.ProtocolCodecFilter.messageReceived(ProtocolCodecFilter.java:229)
	at org.apache.mina.core.filterchain.DefaultIoFilterChain.callNextMessageReceived(DefaultIoFilterChain.java:433)
	at org.apache.mina.core.filterchain.DefaultIoFilterChain.access$1200(DefaultIoFilterChain.java:47)
	at org.apache.mina.core.filterchain.DefaultIoFilterChain$EntryImpl$1.messageReceived(DefaultIoFilterChain.java:801)
	at org.apache.mina.core.filterchain.IoFilterEvent.fire(IoFilterEvent.java:71)
	at org.apache.mina.core.session.IoEvent.run(IoEvent.java:63)
	at org.apache.mina.filter.executor.OrderedThreadPoolExecutor$Worker.runTask(OrderedThreadPoolExecutor.java:801)
	at org.apache.mina.filter.executor.OrderedThreadPoolExecutor$Worker.runTasks(OrderedThreadPoolExecutor.java:793)
	at org.apache.mina.filter.executor.OrderedThreadPoolExecutor$Worker.run(OrderedThreadPoolExecutor.java:735)
	at java.lang.Thread.run(Thread.java:619)
[ERROR] 2014-08-20-18:34:55 com.mocha.unitcode.mina.server.handler.MinaIoHandler.exceptionCaught(MinaIoHandler.java:61) Exception:  
com.alibaba.fastjson.JSONException: not match ':', actual 
	at com.alibaba.fastjson.parser.JSONScanner.nextTokenWithColon(JSONScanner.java:246)
	at com.alibaba.fastjson.parser.deserializer.ASMJavaBeanDeserializer.parseField(ASMJavaBeanDeserializer.java:80)
	at com.alibaba.fastjson.parser.deserializer.ASMJavaBeanDeserializer$InnerJavaBeanDeserializer.parseField(ASMJavaBeanDeserializer.java:92)
	at com.alibaba.fastjson.parser.deserializer.JavaBeanDeserializer.deserialze(JavaBeanDeserializer.java:254)
	at com.alibaba.fastjson.parser.deserializer.ASMJavaBeanDeserializer.deserialze(ASMJavaBeanDeserializer.java:31)
	at Fastjson_ASM_TodoEntity_1.deserialze(Unknown Source)
	at com.alibaba.fastjson.parser.DefaultJSONParser.parseObject(DefaultJSONParser.java:471)
	at com.alibaba.fastjson.JSON.parseObject(JSON.java:235)
	at com.alibaba.fastjson.JSON.parseObject(JSON.java:188)
	at com.alibaba.fastjson.JSON.parseObject(JSON.java:321)
	at com.mocha.unitcode.mina.pdu.TodoEntityMessage.getTodoEntity(TodoEntityMessage.java:101)
	at com.mocha.unitcode.mina.server.handler.MinaIoHandler.messageReceived(MinaIoHandler.java:157)
	at org.apache.mina.core.filterchain.DefaultIoFilterChain$TailFilter.messageReceived(DefaultIoFilterChain.java:721)
	at org.apache.mina.core.filterchain.DefaultIoFilterChain.callNextMessageReceived(DefaultIoFilterChain.java:433)
	at org.apache.mina.core.filterchain.DefaultIoFilterChain.access$1200(DefaultIoFilterChain.java:47)
	at org.apache.mina.core.filterchain.DefaultIoFilterChain$EntryImpl$1.messageReceived(DefaultIoFilterChain.java:801)
	at org.apache.mina.filter.codec.ProtocolCodecFilter$ProtocolDecoderOutputImpl.flush(ProtocolCodecFilter.java:375)
	at org.apache.mina.filter.codec.ProtocolCodecFilter.messageReceived(ProtocolCodecFilter.java:229)
	at org.apache.mina.core.filterchain.DefaultIoFilterChain.callNextMessageReceived(DefaultIoFilterChain.java:433)
	at org.apache.mina.core.filterchain.DefaultIoFilterChain.access$1200(DefaultIoFilterChain.java:47)
	at org.apache.mina.core.filterchain.DefaultIoFilterChain$EntryImpl$1.messageReceived(DefaultIoFilterChain.java:801)
	at org.apache.mina.core.filterchain.IoFilterEvent.fire(IoFilterEvent.java:71)
	at org.apache.mina.core.session.IoEvent.run(IoEvent.java:63)
	at org.apache.mina.filter.executor.OrderedThreadPoolExecutor$Worker.runTask(OrderedThreadPoolExecutor.java:801)
	at org.apache.mina.filter.executor.OrderedThreadPoolExecutor$Worker.runTasks(OrderedThreadPoolExecutor.java:793)
	at org.apache.mina.filter.executor.OrderedThreadPoolExecutor$Worker.run(OrderedThreadPoolExecutor.java:735)
	at java.lang.Thread.run(Thread.java:619)
[ERROR] 2014-08-20-18:37:58 com.mocha.unitcode.mina.server.handler.MinaIoHandler.exceptionCaught(MinaIoHandler.java:61) Exception:  
com.alibaba.fastjson.JSONException: not match ':', actual 
	at com.alibaba.fastjson.parser.JSONScanner.nextTokenWithColon(JSONScanner.java:246)
	at com.alibaba.fastjson.parser.deserializer.ASMJavaBeanDeserializer.parseField(ASMJavaBeanDeserializer.java:80)
	at com.alibaba.fastjson.parser.deserializer.ASMJavaBeanDeserializer$InnerJavaBeanDeserializer.parseField(ASMJavaBeanDeserializer.java:92)
	at com.alibaba.fastjson.parser.deserializer.JavaBeanDeserializer.deserialze(JavaBeanDeserializer.java:254)
	at com.alibaba.fastjson.parser.deserializer.ASMJavaBeanDeserializer.deserialze(ASMJavaBeanDeserializer.java:31)
	at Fastjson_ASM_TodoEntity_1.deserialze(Unknown Source)
	at com.alibaba.fastjson.parser.DefaultJSONParser.parseObject(DefaultJSONParser.java:471)
	at com.alibaba.fastjson.JSON.parseObject(JSON.java:235)
	at com.alibaba.fastjson.JSON.parseObject(JSON.java:188)
	at com.alibaba.fastjson.JSON.parseObject(JSON.java:321)
	at com.mocha.unitcode.mina.pdu.TodoEntityMessage.getTodoEntity(TodoEntityMessage.java:101)
	at com.mocha.unitcode.mina.server.handler.MinaIoHandler.messageReceived(MinaIoHandler.java:157)
	at org.apache.mina.core.filterchain.DefaultIoFilterChain$TailFilter.messageReceived(DefaultIoFilterChain.java:721)
	at org.apache.mina.core.filterchain.DefaultIoFilterChain.callNextMessageReceived(DefaultIoFilterChain.java:433)
	at org.apache.mina.core.filterchain.DefaultIoFilterChain.access$1200(DefaultIoFilterChain.java:47)
	at org.apache.mina.core.filterchain.DefaultIoFilterChain$EntryImpl$1.messageReceived(DefaultIoFilterChain.java:801)
	at org.apache.mina.filter.codec.ProtocolCodecFilter$ProtocolDecoderOutputImpl.flush(ProtocolCodecFilter.java:375)
	at org.apache.mina.filter.codec.ProtocolCodecFilter.messageReceived(ProtocolCodecFilter.java:229)
	at org.apache.mina.core.filterchain.DefaultIoFilterChain.callNextMessageReceived(DefaultIoFilterChain.java:433)
	at org.apache.mina.core.filterchain.DefaultIoFilterChain.access$1200(DefaultIoFilterChain.java:47)
	at org.apache.mina.core.filterchain.DefaultIoFilterChain$EntryImpl$1.messageReceived(DefaultIoFilterChain.java:801)
	at org.apache.mina.core.filterchain.IoFilterEvent.fire(IoFilterEvent.java:71)
	at org.apache.mina.core.session.IoEvent.run(IoEvent.java:63)
	at org.apache.mina.filter.executor.OrderedThreadPoolExecutor$Worker.runTask(OrderedThreadPoolExecutor.java:801)
	at org.apache.mina.filter.executor.OrderedThreadPoolExecutor$Worker.runTasks(OrderedThreadPoolExecutor.java:793)
	at org.apache.mina.filter.executor.OrderedThreadPoolExecutor$Worker.run(OrderedThreadPoolExecutor.java:735)
	at java.lang.Thread.run(Thread.java:619)
