[ERROR] 2014-09-25-10:11:58 com.mocha.unitcode.mina.server.handler.MinaIoHandler.exceptionCaught(MinaIoHandler.java:63) Exception:  
java.lang.NullPointerException
	at com.mocha.unitcode.mina.pdu.Request.getResponse(Request.java:45)
	at com.mocha.unitcode.mina.server.handler.MinaIoHandler.messageReceived(MinaIoHandler.java:209)
	at org.apache.mina.core.filterchain.DefaultIoFilterChain$TailFilter.messageReceived(DefaultIoFilterChain.java:721)
	at org.apache.mina.core.filterchain.DefaultIoFilterChain.callNextMessageReceived(DefaultIoFilterChain.java:433)
	at org.apache.mina.core.filterchain.DefaultIoFilterChain.access$1200(DefaultIoFilterChain.java:47)
	at org.apache.mina.core.filterchain.DefaultIoFilterChain$EntryImpl$1.messageReceived(DefaultIoFilterChain.java:801)
	at org.apache.mina.filter.codec.ProtocolCodecFilter$ProtocolDecoderOutputImpl.flush(ProtocolCodecFilter.java:375)
	at org.apache.mina.filter.codec.ProtocolCodecFilter.messageReceived(ProtocolCodecFilter.java:229)
	at org.apache.mina.core.filterchain.DefaultIoFilterChain.callNextMessageReceived(DefaultIoFilterChain.java:433)
	at org.apache.mina.core.filterchain.DefaultIoFilterChain.access$1200(DefaultIoFilterChain.java:47)
	at org.apache.mina.core.filterchain.DefaultIoFilterChain$EntryImpl$1.messageReceived(DefaultIoFilterChain.java:801)
	at org.apache.mina.core.filterchain.IoFilterEvent.fire(IoFilterEvent.java:71)
	at org.apache.mina.core.session.IoEvent.run(IoEvent.java:63)
	at org.apache.mina.filter.executor.OrderedThreadPoolExecutor$Worker.runTask(OrderedThreadPoolExecutor.java:801)
	at org.apache.mina.filter.executor.OrderedThreadPoolExecutor$Worker.runTasks(OrderedThreadPoolExecutor.java:793)
	at org.apache.mina.filter.executor.OrderedThreadPoolExecutor$Worker.run(OrderedThreadPoolExecutor.java:735)
	at java.lang.Thread.run(Thread.java:619)
[ERROR] 2014-09-25-10:11:58 com.mocha.unitcode.mina.server.handler.MinaIoHandler.exceptionCaught(MinaIoHandler.java:63) Exception:  
java.lang.NullPointerException
	at com.mocha.unitcode.mina.pdu.Request.getResponse(Request.java:45)
	at com.mocha.unitcode.mina.server.handler.MinaIoHandler.messageReceived(MinaIoHandler.java:209)
	at org.apache.mina.core.filterchain.DefaultIoFilterChain$TailFilter.messageReceived(DefaultIoFilterChain.java:721)
	at org.apache.mina.core.filterchain.DefaultIoFilterChain.callNextMessageReceived(DefaultIoFilterChain.java:433)
	at org.apache.mina.core.filterchain.DefaultIoFilterChain.access$1200(DefaultIoFilterChain.java:47)
	at org.apache.mina.core.filterchain.DefaultIoFilterChain$EntryImpl$1.messageReceived(DefaultIoFilterChain.java:801)
	at org.apache.mina.filter.codec.ProtocolCodecFilter$ProtocolDecoderOutputImpl.flush(ProtocolCodecFilter.java:375)
	at org.apache.mina.filter.codec.ProtocolCodecFilter.messageReceived(ProtocolCodecFilter.java:229)
	at org.apache.mina.core.filterchain.DefaultIoFilterChain.callNextMessageReceived(DefaultIoFilterChain.java:433)
	at org.apache.mina.core.filterchain.DefaultIoFilterChain.access$1200(DefaultIoFilterChain.java:47)
	at org.apache.mina.core.filterchain.DefaultIoFilterChain$EntryImpl$1.messageReceived(DefaultIoFilterChain.java:801)
	at org.apache.mina.core.filterchain.IoFilterEvent.fire(IoFilterEvent.java:71)
	at org.apache.mina.core.session.IoEvent.run(IoEvent.java:63)
	at org.apache.mina.filter.executor.OrderedThreadPoolExecutor$Worker.runTask(OrderedThreadPoolExecutor.java:801)
	at org.apache.mina.filter.executor.OrderedThreadPoolExecutor$Worker.runTasks(OrderedThreadPoolExecutor.java:793)
	at org.apache.mina.filter.executor.OrderedThreadPoolExecutor$Worker.run(OrderedThreadPoolExecutor.java:735)
	at java.lang.Thread.run(Thread.java:619)
[ERROR] 2014-09-25-10:11:58 com.mocha.unitcode.mina.server.handler.MinaIoHandler.exceptionCaught(MinaIoHandler.java:63) Exception:  
java.lang.NullPointerException
	at com.mocha.unitcode.mina.pdu.Request.getResponse(Request.java:45)
	at com.mocha.unitcode.mina.server.handler.MinaIoHandler.messageReceived(MinaIoHandler.java:209)
	at org.apache.mina.core.filterchain.DefaultIoFilterChain$TailFilter.messageReceived(DefaultIoFilterChain.java:721)
	at org.apache.mina.core.filterchain.DefaultIoFilterChain.callNextMessageReceived(DefaultIoFilterChain.java:433)
	at org.apache.mina.core.filterchain.DefaultIoFilterChain.access$1200(DefaultIoFilterChain.java:47)
	at org.apache.mina.core.filterchain.DefaultIoFilterChain$EntryImpl$1.messageReceived(DefaultIoFilterChain.java:801)
	at org.apache.mina.filter.codec.ProtocolCodecFilter$ProtocolDecoderOutputImpl.flush(ProtocolCodecFilter.java:375)
	at org.apache.mina.filter.codec.ProtocolCodecFilter.messageReceived(ProtocolCodecFilter.java:229)
	at org.apache.mina.core.filterchain.DefaultIoFilterChain.callNextMessageReceived(DefaultIoFilterChain.java:433)
	at org.apache.mina.core.filterchain.DefaultIoFilterChain.access$1200(DefaultIoFilterChain.java:47)
	at org.apache.mina.core.filterchain.DefaultIoFilterChain$EntryImpl$1.messageReceived(DefaultIoFilterChain.java:801)
	at org.apache.mina.core.filterchain.IoFilterEvent.fire(IoFilterEvent.java:71)
	at org.apache.mina.core.session.IoEvent.run(IoEvent.java:63)
	at org.apache.mina.filter.executor.OrderedThreadPoolExecutor$Worker.runTask(OrderedThreadPoolExecutor.java:801)
	at org.apache.mina.filter.executor.OrderedThreadPoolExecutor$Worker.runTasks(OrderedThreadPoolExecutor.java:793)
	at org.apache.mina.filter.executor.OrderedThreadPoolExecutor$Worker.run(OrderedThreadPoolExecutor.java:735)
	at java.lang.Thread.run(Thread.java:619)
[ERROR] 2014-09-25-10:11:58 com.mocha.unitcode.mina.server.handler.MinaIoHandler.exceptionCaught(MinaIoHandler.java:63) Exception:  
java.lang.NullPointerException
	at com.mocha.unitcode.mina.pdu.Request.getResponse(Request.java:45)
	at com.mocha.unitcode.mina.server.handler.MinaIoHandler.messageReceived(MinaIoHandler.java:209)
	at org.apache.mina.core.filterchain.DefaultIoFilterChain$TailFilter.messageReceived(DefaultIoFilterChain.java:721)
	at org.apache.mina.core.filterchain.DefaultIoFilterChain.callNextMessageReceived(DefaultIoFilterChain.java:433)
	at org.apache.mina.core.filterchain.DefaultIoFilterChain.access$1200(DefaultIoFilterChain.java:47)
	at org.apache.mina.core.filterchain.DefaultIoFilterChain$EntryImpl$1.messageReceived(DefaultIoFilterChain.java:801)
	at org.apache.mina.filter.codec.ProtocolCodecFilter$ProtocolDecoderOutputImpl.flush(ProtocolCodecFilter.java:375)
	at org.apache.mina.filter.codec.ProtocolCodecFilter.messageReceived(ProtocolCodecFilter.java:229)
	at org.apache.mina.core.filterchain.DefaultIoFilterChain.callNextMessageReceived(DefaultIoFilterChain.java:433)
	at org.apache.mina.core.filterchain.DefaultIoFilterChain.access$1200(DefaultIoFilterChain.java:47)
	at org.apache.mina.core.filterchain.DefaultIoFilterChain$EntryImpl$1.messageReceived(DefaultIoFilterChain.java:801)
	at org.apache.mina.core.filterchain.IoFilterEvent.fire(IoFilterEvent.java:71)
	at org.apache.mina.core.session.IoEvent.run(IoEvent.java:63)
	at org.apache.mina.filter.executor.OrderedThreadPoolExecutor$Worker.runTask(OrderedThreadPoolExecutor.java:801)
	at org.apache.mina.filter.executor.OrderedThreadPoolExecutor$Worker.runTasks(OrderedThreadPoolExecutor.java:793)
	at org.apache.mina.filter.executor.OrderedThreadPoolExecutor$Worker.run(OrderedThreadPoolExecutor.java:735)
	at java.lang.Thread.run(Thread.java:619)
[ERROR] 2014-09-25-10:11:58 com.mocha.unitcode.mina.server.handler.MinaIoHandler.exceptionCaught(MinaIoHandler.java:63) Exception:  
java.lang.NullPointerException
	at com.mocha.unitcode.mina.pdu.Request.getResponse(Request.java:45)
	at com.mocha.unitcode.mina.server.handler.MinaIoHandler.messageReceived(MinaIoHandler.java:209)
	at org.apache.mina.core.filterchain.DefaultIoFilterChain$TailFilter.messageReceived(DefaultIoFilterChain.java:721)
	at org.apache.mina.core.filterchain.DefaultIoFilterChain.callNextMessageReceived(DefaultIoFilterChain.java:433)
	at org.apache.mina.core.filterchain.DefaultIoFilterChain.access$1200(DefaultIoFilterChain.java:47)
	at org.apache.mina.core.filterchain.DefaultIoFilterChain$EntryImpl$1.messageReceived(DefaultIoFilterChain.java:801)
	at org.apache.mina.filter.codec.ProtocolCodecFilter$ProtocolDecoderOutputImpl.flush(ProtocolCodecFilter.java:375)
	at org.apache.mina.filter.codec.ProtocolCodecFilter.messageReceived(ProtocolCodecFilter.java:229)
	at org.apache.mina.core.filterchain.DefaultIoFilterChain.callNextMessageReceived(DefaultIoFilterChain.java:433)
	at org.apache.mina.core.filterchain.DefaultIoFilterChain.access$1200(DefaultIoFilterChain.java:47)
	at org.apache.mina.core.filterchain.DefaultIoFilterChain$EntryImpl$1.messageReceived(DefaultIoFilterChain.java:801)
	at org.apache.mina.core.filterchain.IoFilterEvent.fire(IoFilterEvent.java:71)
	at org.apache.mina.core.session.IoEvent.run(IoEvent.java:63)
	at org.apache.mina.filter.executor.OrderedThreadPoolExecutor$Worker.runTask(OrderedThreadPoolExecutor.java:801)
	at org.apache.mina.filter.executor.OrderedThreadPoolExecutor$Worker.runTasks(OrderedThreadPoolExecutor.java:793)
	at org.apache.mina.filter.executor.OrderedThreadPoolExecutor$Worker.run(OrderedThreadPoolExecutor.java:735)
	at java.lang.Thread.run(Thread.java:619)
[ERROR] 2014-09-25-10:11:58 com.mocha.unitcode.mina.server.handler.MinaIoHandler.exceptionCaught(MinaIoHandler.java:63) Exception:  
java.lang.NullPointerException
	at com.mocha.unitcode.mina.pdu.Request.getResponse(Request.java:45)
	at com.mocha.unitcode.mina.server.handler.MinaIoHandler.messageReceived(MinaIoHandler.java:209)
	at org.apache.mina.core.filterchain.DefaultIoFilterChain$TailFilter.messageReceived(DefaultIoFilterChain.java:721)
	at org.apache.mina.core.filterchain.DefaultIoFilterChain.callNextMessageReceived(DefaultIoFilterChain.java:433)
	at org.apache.mina.core.filterchain.DefaultIoFilterChain.access$1200(DefaultIoFilterChain.java:47)
	at org.apache.mina.core.filterchain.DefaultIoFilterChain$EntryImpl$1.messageReceived(DefaultIoFilterChain.java:801)
	at org.apache.mina.filter.codec.ProtocolCodecFilter$ProtocolDecoderOutputImpl.flush(ProtocolCodecFilter.java:375)
	at org.apache.mina.filter.codec.ProtocolCodecFilter.messageReceived(ProtocolCodecFilter.java:229)
	at org.apache.mina.core.filterchain.DefaultIoFilterChain.callNextMessageReceived(DefaultIoFilterChain.java:433)
	at org.apache.mina.core.filterchain.DefaultIoFilterChain.access$1200(DefaultIoFilterChain.java:47)
	at org.apache.mina.core.filterchain.DefaultIoFilterChain$EntryImpl$1.messageReceived(DefaultIoFilterChain.java:801)
	at org.apache.mina.core.filterchain.IoFilterEvent.fire(IoFilterEvent.java:71)
	at org.apache.mina.core.session.IoEvent.run(IoEvent.java:63)
	at org.apache.mina.filter.executor.OrderedThreadPoolExecutor$Worker.runTask(OrderedThreadPoolExecutor.java:801)
	at org.apache.mina.filter.executor.OrderedThreadPoolExecutor$Worker.runTasks(OrderedThreadPoolExecutor.java:793)
	at org.apache.mina.filter.executor.OrderedThreadPoolExecutor$Worker.run(OrderedThreadPoolExecutor.java:735)
	at java.lang.Thread.run(Thread.java:619)
[ERROR] 2014-09-25-10:11:58 com.mocha.unitcode.mina.server.handler.MinaIoHandler.exceptionCaught(MinaIoHandler.java:63) Exception:  
java.lang.NullPointerException
	at com.mocha.unitcode.mina.pdu.Request.getResponse(Request.java:45)
	at com.mocha.unitcode.mina.server.handler.MinaIoHandler.messageReceived(MinaIoHandler.java:209)
	at org.apache.mina.core.filterchain.DefaultIoFilterChain$TailFilter.messageReceived(DefaultIoFilterChain.java:721)
	at org.apache.mina.core.filterchain.DefaultIoFilterChain.callNextMessageReceived(DefaultIoFilterChain.java:433)
	at org.apache.mina.core.filterchain.DefaultIoFilterChain.access$1200(DefaultIoFilterChain.java:47)
	at org.apache.mina.core.filterchain.DefaultIoFilterChain$EntryImpl$1.messageReceived(DefaultIoFilterChain.java:801)
	at org.apache.mina.filter.codec.ProtocolCodecFilter$ProtocolDecoderOutputImpl.flush(ProtocolCodecFilter.java:375)
	at org.apache.mina.filter.codec.ProtocolCodecFilter.messageReceived(ProtocolCodecFilter.java:229)
	at org.apache.mina.core.filterchain.DefaultIoFilterChain.callNextMessageReceived(DefaultIoFilterChain.java:433)
	at org.apache.mina.core.filterchain.DefaultIoFilterChain.access$1200(DefaultIoFilterChain.java:47)
	at org.apache.mina.core.filterchain.DefaultIoFilterChain$EntryImpl$1.messageReceived(DefaultIoFilterChain.java:801)
	at org.apache.mina.core.filterchain.IoFilterEvent.fire(IoFilterEvent.java:71)
	at org.apache.mina.core.session.IoEvent.run(IoEvent.java:63)
	at org.apache.mina.filter.executor.OrderedThreadPoolExecutor$Worker.runTask(OrderedThreadPoolExecutor.java:801)
	at org.apache.mina.filter.executor.OrderedThreadPoolExecutor$Worker.runTasks(OrderedThreadPoolExecutor.java:793)
	at org.apache.mina.filter.executor.OrderedThreadPoolExecutor$Worker.run(OrderedThreadPoolExecutor.java:735)
	at java.lang.Thread.run(Thread.java:619)
[ERROR] 2014-09-25-10:11:58 com.mocha.unitcode.mina.server.handler.MinaIoHandler.exceptionCaught(MinaIoHandler.java:63) Exception:  
java.lang.NullPointerException
	at com.mocha.unitcode.mina.pdu.Request.getResponse(Request.java:45)
	at com.mocha.unitcode.mina.server.handler.MinaIoHandler.messageReceived(MinaIoHandler.java:209)
	at org.apache.mina.core.filterchain.DefaultIoFilterChain$TailFilter.messageReceived(DefaultIoFilterChain.java:721)
	at org.apache.mina.core.filterchain.DefaultIoFilterChain.callNextMessageReceived(DefaultIoFilterChain.java:433)
	at org.apache.mina.core.filterchain.DefaultIoFilterChain.access$1200(DefaultIoFilterChain.java:47)
	at org.apache.mina.core.filterchain.DefaultIoFilterChain$EntryImpl$1.messageReceived(DefaultIoFilterChain.java:801)
	at org.apache.mina.filter.codec.ProtocolCodecFilter$ProtocolDecoderOutputImpl.flush(ProtocolCodecFilter.java:375)
	at org.apache.mina.filter.codec.ProtocolCodecFilter.messageReceived(ProtocolCodecFilter.java:229)
	at org.apache.mina.core.filterchain.DefaultIoFilterChain.callNextMessageReceived(DefaultIoFilterChain.java:433)
	at org.apache.mina.core.filterchain.DefaultIoFilterChain.access$1200(DefaultIoFilterChain.java:47)
	at org.apache.mina.core.filterchain.DefaultIoFilterChain$EntryImpl$1.messageReceived(DefaultIoFilterChain.java:801)
	at org.apache.mina.core.filterchain.IoFilterEvent.fire(IoFilterEvent.java:71)
	at org.apache.mina.core.session.IoEvent.run(IoEvent.java:63)
	at org.apache.mina.filter.executor.OrderedThreadPoolExecutor$Worker.runTask(OrderedThreadPoolExecutor.java:801)
	at org.apache.mina.filter.executor.OrderedThreadPoolExecutor$Worker.runTasks(OrderedThreadPoolExecutor.java:793)
	at org.apache.mina.filter.executor.OrderedThreadPoolExecutor$Worker.run(OrderedThreadPoolExecutor.java:735)
	at java.lang.Thread.run(Thread.java:619)
[ERROR] 2014-09-25-10:11:58 com.mocha.unitcode.mina.server.handler.MinaIoHandler.exceptionCaught(MinaIoHandler.java:63) Exception:  
java.lang.NullPointerException
	at com.mocha.unitcode.mina.pdu.Request.getResponse(Request.java:45)
	at com.mocha.unitcode.mina.server.handler.MinaIoHandler.messageReceived(MinaIoHandler.java:209)
	at org.apache.mina.core.filterchain.DefaultIoFilterChain$TailFilter.messageReceived(DefaultIoFilterChain.java:721)
	at org.apache.mina.core.filterchain.DefaultIoFilterChain.callNextMessageReceived(DefaultIoFilterChain.java:433)
	at org.apache.mina.core.filterchain.DefaultIoFilterChain.access$1200(DefaultIoFilterChain.java:47)
	at org.apache.mina.core.filterchain.DefaultIoFilterChain$EntryImpl$1.messageReceived(DefaultIoFilterChain.java:801)
	at org.apache.mina.filter.codec.ProtocolCodecFilter$ProtocolDecoderOutputImpl.flush(ProtocolCodecFilter.java:375)
	at org.apache.mina.filter.codec.ProtocolCodecFilter.messageReceived(ProtocolCodecFilter.java:229)
	at org.apache.mina.core.filterchain.DefaultIoFilterChain.callNextMessageReceived(DefaultIoFilterChain.java:433)
	at org.apache.mina.core.filterchain.DefaultIoFilterChain.access$1200(DefaultIoFilterChain.java:47)
	at org.apache.mina.core.filterchain.DefaultIoFilterChain$EntryImpl$1.messageReceived(DefaultIoFilterChain.java:801)
	at org.apache.mina.core.filterchain.IoFilterEvent.fire(IoFilterEvent.java:71)
	at org.apache.mina.core.session.IoEvent.run(IoEvent.java:63)
	at org.apache.mina.filter.executor.OrderedThreadPoolExecutor$Worker.runTask(OrderedThreadPoolExecutor.java:801)
	at org.apache.mina.filter.executor.OrderedThreadPoolExecutor$Worker.runTasks(OrderedThreadPoolExecutor.java:793)
	at org.apache.mina.filter.executor.OrderedThreadPoolExecutor$Worker.run(OrderedThreadPoolExecutor.java:735)
	at java.lang.Thread.run(Thread.java:619)
[ERROR] 2014-09-25-10:11:58 com.mocha.unitcode.mina.server.handler.MinaIoHandler.exceptionCaught(MinaIoHandler.java:63) Exception:  
java.lang.NullPointerException
	at com.mocha.unitcode.mina.pdu.Request.getResponse(Request.java:45)
	at com.mocha.unitcode.mina.server.handler.MinaIoHandler.messageReceived(MinaIoHandler.java:209)
	at org.apache.mina.core.filterchain.DefaultIoFilterChain$TailFilter.messageReceived(DefaultIoFilterChain.java:721)
	at org.apache.mina.core.filterchain.DefaultIoFilterChain.callNextMessageReceived(DefaultIoFilterChain.java:433)
	at org.apache.mina.core.filterchain.DefaultIoFilterChain.access$1200(DefaultIoFilterChain.java:47)
	at org.apache.mina.core.filterchain.DefaultIoFilterChain$EntryImpl$1.messageReceived(DefaultIoFilterChain.java:801)
	at org.apache.mina.filter.codec.ProtocolCodecFilter$ProtocolDecoderOutputImpl.flush(ProtocolCodecFilter.java:375)
	at org.apache.mina.filter.codec.ProtocolCodecFilter.messageReceived(ProtocolCodecFilter.java:229)
	at org.apache.mina.core.filterchain.DefaultIoFilterChain.callNextMessageReceived(DefaultIoFilterChain.java:433)
	at org.apache.mina.core.filterchain.DefaultIoFilterChain.access$1200(DefaultIoFilterChain.java:47)
	at org.apache.mina.core.filterchain.DefaultIoFilterChain$EntryImpl$1.messageReceived(DefaultIoFilterChain.java:801)
	at org.apache.mina.core.filterchain.IoFilterEvent.fire(IoFilterEvent.java:71)
	at org.apache.mina.core.session.IoEvent.run(IoEvent.java:63)
	at org.apache.mina.filter.executor.OrderedThreadPoolExecutor$Worker.runTask(OrderedThreadPoolExecutor.java:801)
	at org.apache.mina.filter.executor.OrderedThreadPoolExecutor$Worker.runTasks(OrderedThreadPoolExecutor.java:793)
	at org.apache.mina.filter.executor.OrderedThreadPoolExecutor$Worker.run(OrderedThreadPoolExecutor.java:735)
	at java.lang.Thread.run(Thread.java:619)
[ERROR] 2014-09-25-10:11:58 com.mocha.unitcode.mina.server.handler.MinaIoHandler.exceptionCaught(MinaIoHandler.java:63) Exception:  
java.lang.NullPointerException
	at com.mocha.unitcode.mina.pdu.Request.getResponse(Request.java:45)
	at com.mocha.unitcode.mina.server.handler.MinaIoHandler.messageReceived(MinaIoHandler.java:209)
	at org.apache.mina.core.filterchain.DefaultIoFilterChain$TailFilter.messageReceived(DefaultIoFilterChain.java:721)
	at org.apache.mina.core.filterchain.DefaultIoFilterChain.callNextMessageReceived(DefaultIoFilterChain.java:433)
	at org.apache.mina.core.filterchain.DefaultIoFilterChain.access$1200(DefaultIoFilterChain.java:47)
	at org.apache.mina.core.filterchain.DefaultIoFilterChain$EntryImpl$1.messageReceived(DefaultIoFilterChain.java:801)
	at org.apache.mina.filter.codec.ProtocolCodecFilter$ProtocolDecoderOutputImpl.flush(ProtocolCodecFilter.java:375)
	at org.apache.mina.filter.codec.ProtocolCodecFilter.messageReceived(ProtocolCodecFilter.java:229)
	at org.apache.mina.core.filterchain.DefaultIoFilterChain.callNextMessageReceived(DefaultIoFilterChain.java:433)
	at org.apache.mina.core.filterchain.DefaultIoFilterChain.access$1200(DefaultIoFilterChain.java:47)
	at org.apache.mina.core.filterchain.DefaultIoFilterChain$EntryImpl$1.messageReceived(DefaultIoFilterChain.java:801)
	at org.apache.mina.core.filterchain.IoFilterEvent.fire(IoFilterEvent.java:71)
	at org.apache.mina.core.session.IoEvent.run(IoEvent.java:63)
	at org.apache.mina.filter.executor.OrderedThreadPoolExecutor$Worker.runTask(OrderedThreadPoolExecutor.java:801)
	at org.apache.mina.filter.executor.OrderedThreadPoolExecutor$Worker.runTasks(OrderedThreadPoolExecutor.java:793)
	at org.apache.mina.filter.executor.OrderedThreadPoolExecutor$Worker.run(OrderedThreadPoolExecutor.java:735)
	at java.lang.Thread.run(Thread.java:619)
[ERROR] 2014-09-25-10:11:58 com.mocha.unitcode.mina.server.handler.MinaIoHandler.exceptionCaught(MinaIoHandler.java:63) Exception:  
java.lang.NullPointerException
	at com.mocha.unitcode.mina.pdu.Request.getResponse(Request.java:45)
	at com.mocha.unitcode.mina.server.handler.MinaIoHandler.messageReceived(MinaIoHandler.java:209)
	at org.apache.mina.core.filterchain.DefaultIoFilterChain$TailFilter.messageReceived(DefaultIoFilterChain.java:721)
	at org.apache.mina.core.filterchain.DefaultIoFilterChain.callNextMessageReceived(DefaultIoFilterChain.java:433)
	at org.apache.mina.core.filterchain.DefaultIoFilterChain.access$1200(DefaultIoFilterChain.java:47)
	at org.apache.mina.core.filterchain.DefaultIoFilterChain$EntryImpl$1.messageReceived(DefaultIoFilterChain.java:801)
	at org.apache.mina.filter.codec.ProtocolCodecFilter$ProtocolDecoderOutputImpl.flush(ProtocolCodecFilter.java:375)
	at org.apache.mina.filter.codec.ProtocolCodecFilter.messageReceived(ProtocolCodecFilter.java:229)
	at org.apache.mina.core.filterchain.DefaultIoFilterChain.callNextMessageReceived(DefaultIoFilterChain.java:433)
	at org.apache.mina.core.filterchain.DefaultIoFilterChain.access$1200(DefaultIoFilterChain.java:47)
	at org.apache.mina.core.filterchain.DefaultIoFilterChain$EntryImpl$1.messageReceived(DefaultIoFilterChain.java:801)
	at org.apache.mina.core.filterchain.IoFilterEvent.fire(IoFilterEvent.java:71)
	at org.apache.mina.core.session.IoEvent.run(IoEvent.java:63)
	at org.apache.mina.filter.executor.OrderedThreadPoolExecutor$Worker.runTask(OrderedThreadPoolExecutor.java:801)
	at org.apache.mina.filter.executor.OrderedThreadPoolExecutor$Worker.runTasks(OrderedThreadPoolExecutor.java:793)
	at org.apache.mina.filter.executor.OrderedThreadPoolExecutor$Worker.run(OrderedThreadPoolExecutor.java:735)
	at java.lang.Thread.run(Thread.java:619)
[ERROR] 2014-09-25-10:11:58 com.mocha.unitcode.mina.server.handler.MinaIoHandler.exceptionCaught(MinaIoHandler.java:63) Exception:  
java.lang.NullPointerException
	at com.mocha.unitcode.mina.pdu.Request.getResponse(Request.java:45)
	at com.mocha.unitcode.mina.server.handler.MinaIoHandler.messageReceived(MinaIoHandler.java:209)
	at org.apache.mina.core.filterchain.DefaultIoFilterChain$TailFilter.messageReceived(DefaultIoFilterChain.java:721)
	at org.apache.mina.core.filterchain.DefaultIoFilterChain.callNextMessageReceived(DefaultIoFilterChain.java:433)
	at org.apache.mina.core.filterchain.DefaultIoFilterChain.access$1200(DefaultIoFilterChain.java:47)
	at org.apache.mina.core.filterchain.DefaultIoFilterChain$EntryImpl$1.messageReceived(DefaultIoFilterChain.java:801)
	at org.apache.mina.filter.codec.ProtocolCodecFilter$ProtocolDecoderOutputImpl.flush(ProtocolCodecFilter.java:375)
	at org.apache.mina.filter.codec.ProtocolCodecFilter.messageReceived(ProtocolCodecFilter.java:229)
	at org.apache.mina.core.filterchain.DefaultIoFilterChain.callNextMessageReceived(DefaultIoFilterChain.java:433)
	at org.apache.mina.core.filterchain.DefaultIoFilterChain.access$1200(DefaultIoFilterChain.java:47)
	at org.apache.mina.core.filterchain.DefaultIoFilterChain$EntryImpl$1.messageReceived(DefaultIoFilterChain.java:801)
	at org.apache.mina.core.filterchain.IoFilterEvent.fire(IoFilterEvent.java:71)
	at org.apache.mina.core.session.IoEvent.run(IoEvent.java:63)
	at org.apache.mina.filter.executor.OrderedThreadPoolExecutor$Worker.runTask(OrderedThreadPoolExecutor.java:801)
	at org.apache.mina.filter.executor.OrderedThreadPoolExecutor$Worker.runTasks(OrderedThreadPoolExecutor.java:793)
	at org.apache.mina.filter.executor.OrderedThreadPoolExecutor$Worker.run(OrderedThreadPoolExecutor.java:735)
	at java.lang.Thread.run(Thread.java:619)
[ERROR] 2014-09-25-10:11:58 com.mocha.unitcode.mina.server.handler.MinaIoHandler.exceptionCaught(MinaIoHandler.java:63) Exception:  
java.lang.NullPointerException
	at com.mocha.unitcode.mina.pdu.Request.getResponse(Request.java:45)
	at com.mocha.unitcode.mina.server.handler.MinaIoHandler.messageReceived(MinaIoHandler.java:209)
	at org.apache.mina.core.filterchain.DefaultIoFilterChain$TailFilter.messageReceived(DefaultIoFilterChain.java:721)
	at org.apache.mina.core.filterchain.DefaultIoFilterChain.callNextMessageReceived(DefaultIoFilterChain.java:433)
	at org.apache.mina.core.filterchain.DefaultIoFilterChain.access$1200(DefaultIoFilterChain.java:47)
	at org.apache.mina.core.filterchain.DefaultIoFilterChain$EntryImpl$1.messageReceived(DefaultIoFilterChain.java:801)
	at org.apache.mina.filter.codec.ProtocolCodecFilter$ProtocolDecoderOutputImpl.flush(ProtocolCodecFilter.java:375)
	at org.apache.mina.filter.codec.ProtocolCodecFilter.messageReceived(ProtocolCodecFilter.java:229)
	at org.apache.mina.core.filterchain.DefaultIoFilterChain.callNextMessageReceived(DefaultIoFilterChain.java:433)
	at org.apache.mina.core.filterchain.DefaultIoFilterChain.access$1200(DefaultIoFilterChain.java:47)
	at org.apache.mina.core.filterchain.DefaultIoFilterChain$EntryImpl$1.messageReceived(DefaultIoFilterChain.java:801)
	at org.apache.mina.core.filterchain.IoFilterEvent.fire(IoFilterEvent.java:71)
	at org.apache.mina.core.session.IoEvent.run(IoEvent.java:63)
	at org.apache.mina.filter.executor.OrderedThreadPoolExecutor$Worker.runTask(OrderedThreadPoolExecutor.java:801)
	at org.apache.mina.filter.executor.OrderedThreadPoolExecutor$Worker.runTasks(OrderedThreadPoolExecutor.java:793)
	at org.apache.mina.filter.executor.OrderedThreadPoolExecutor$Worker.run(OrderedThreadPoolExecutor.java:735)
	at java.lang.Thread.run(Thread.java:619)
[ERROR] 2014-09-25-10:11:58 com.mocha.unitcode.mina.server.handler.MinaIoHandler.exceptionCaught(MinaIoHandler.java:63) Exception:  
java.lang.NullPointerException
	at com.mocha.unitcode.mina.pdu.Request.getResponse(Request.java:45)
	at com.mocha.unitcode.mina.server.handler.MinaIoHandler.messageReceived(MinaIoHandler.java:209)
	at org.apache.mina.core.filterchain.DefaultIoFilterChain$TailFilter.messageReceived(DefaultIoFilterChain.java:721)
	at org.apache.mina.core.filterchain.DefaultIoFilterChain.callNextMessageReceived(DefaultIoFilterChain.java:433)
	at org.apache.mina.core.filterchain.DefaultIoFilterChain.access$1200(DefaultIoFilterChain.java:47)
	at org.apache.mina.core.filterchain.DefaultIoFilterChain$EntryImpl$1.messageReceived(DefaultIoFilterChain.java:801)
	at org.apache.mina.filter.codec.ProtocolCodecFilter$ProtocolDecoderOutputImpl.flush(ProtocolCodecFilter.java:375)
	at org.apache.mina.filter.codec.ProtocolCodecFilter.messageReceived(ProtocolCodecFilter.java:229)
	at org.apache.mina.core.filterchain.DefaultIoFilterChain.callNextMessageReceived(DefaultIoFilterChain.java:433)
	at org.apache.mina.core.filterchain.DefaultIoFilterChain.access$1200(DefaultIoFilterChain.java:47)
	at org.apache.mina.core.filterchain.DefaultIoFilterChain$EntryImpl$1.messageReceived(DefaultIoFilterChain.java:801)
	at org.apache.mina.core.filterchain.IoFilterEvent.fire(IoFilterEvent.java:71)
	at org.apache.mina.core.session.IoEvent.run(IoEvent.java:63)
	at org.apache.mina.filter.executor.OrderedThreadPoolExecutor$Worker.runTask(OrderedThreadPoolExecutor.java:801)
	at org.apache.mina.filter.executor.OrderedThreadPoolExecutor$Worker.runTasks(OrderedThreadPoolExecutor.java:793)
	at org.apache.mina.filter.executor.OrderedThreadPoolExecutor$Worker.run(OrderedThreadPoolExecutor.java:735)
	at java.lang.Thread.run(Thread.java:619)
[ERROR] 2014-09-25-10:11:58 com.mocha.unitcode.mina.server.handler.MinaIoHandler.exceptionCaught(MinaIoHandler.java:63) Exception:  
java.lang.NullPointerException
	at com.mocha.unitcode.mina.pdu.Request.getResponse(Request.java:45)
	at com.mocha.unitcode.mina.server.handler.MinaIoHandler.messageReceived(MinaIoHandler.java:209)
	at org.apache.mina.core.filterchain.DefaultIoFilterChain$TailFilter.messageReceived(DefaultIoFilterChain.java:721)
	at org.apache.mina.core.filterchain.DefaultIoFilterChain.callNextMessageReceived(DefaultIoFilterChain.java:433)
	at org.apache.mina.core.filterchain.DefaultIoFilterChain.access$1200(DefaultIoFilterChain.java:47)
	at org.apache.mina.core.filterchain.DefaultIoFilterChain$EntryImpl$1.messageReceived(DefaultIoFilterChain.java:801)
	at org.apache.mina.filter.codec.ProtocolCodecFilter$ProtocolDecoderOutputImpl.flush(ProtocolCodecFilter.java:375)
	at org.apache.mina.filter.codec.ProtocolCodecFilter.messageReceived(ProtocolCodecFilter.java:229)
	at org.apache.mina.core.filterchain.DefaultIoFilterChain.callNextMessageReceived(DefaultIoFilterChain.java:433)
	at org.apache.mina.core.filterchain.DefaultIoFilterChain.access$1200(DefaultIoFilterChain.java:47)
	at org.apache.mina.core.filterchain.DefaultIoFilterChain$EntryImpl$1.messageReceived(DefaultIoFilterChain.java:801)
	at org.apache.mina.core.filterchain.IoFilterEvent.fire(IoFilterEvent.java:71)
	at org.apache.mina.core.session.IoEvent.run(IoEvent.java:63)
	at org.apache.mina.filter.executor.OrderedThreadPoolExecutor$Worker.runTask(OrderedThreadPoolExecutor.java:801)
	at org.apache.mina.filter.executor.OrderedThreadPoolExecutor$Worker.runTasks(OrderedThreadPoolExecutor.java:793)
	at org.apache.mina.filter.executor.OrderedThreadPoolExecutor$Worker.run(OrderedThreadPoolExecutor.java:735)
	at java.lang.Thread.run(Thread.java:619)
[ERROR] 2014-09-25-10:11:58 com.mocha.unitcode.mina.server.handler.MinaIoHandler.exceptionCaught(MinaIoHandler.java:63) Exception:  
java.lang.NullPointerException
	at com.mocha.unitcode.mina.pdu.Request.getResponse(Request.java:45)
	at com.mocha.unitcode.mina.server.handler.MinaIoHandler.messageReceived(MinaIoHandler.java:209)
	at org.apache.mina.core.filterchain.DefaultIoFilterChain$TailFilter.messageReceived(DefaultIoFilterChain.java:721)
	at org.apache.mina.core.filterchain.DefaultIoFilterChain.callNextMessageReceived(DefaultIoFilterChain.java:433)
	at org.apache.mina.core.filterchain.DefaultIoFilterChain.access$1200(DefaultIoFilterChain.java:47)
	at org.apache.mina.core.filterchain.DefaultIoFilterChain$EntryImpl$1.messageReceived(DefaultIoFilterChain.java:801)
	at org.apache.mina.filter.codec.ProtocolCodecFilter$ProtocolDecoderOutputImpl.flush(ProtocolCodecFilter.java:375)
	at org.apache.mina.filter.codec.ProtocolCodecFilter.messageReceived(ProtocolCodecFilter.java:229)
	at org.apache.mina.core.filterchain.DefaultIoFilterChain.callNextMessageReceived(DefaultIoFilterChain.java:433)
	at org.apache.mina.core.filterchain.DefaultIoFilterChain.access$1200(DefaultIoFilterChain.java:47)
	at org.apache.mina.core.filterchain.DefaultIoFilterChain$EntryImpl$1.messageReceived(DefaultIoFilterChain.java:801)
	at org.apache.mina.core.filterchain.IoFilterEvent.fire(IoFilterEvent.java:71)
	at org.apache.mina.core.session.IoEvent.run(IoEvent.java:63)
	at org.apache.mina.filter.executor.OrderedThreadPoolExecutor$Worker.runTask(OrderedThreadPoolExecutor.java:801)
	at org.apache.mina.filter.executor.OrderedThreadPoolExecutor$Worker.runTasks(OrderedThreadPoolExecutor.java:793)
	at org.apache.mina.filter.executor.OrderedThreadPoolExecutor$Worker.run(OrderedThreadPoolExecutor.java:735)
	at java.lang.Thread.run(Thread.java:619)
[ERROR] 2014-09-25-10:11:58 com.mocha.unitcode.mina.server.handler.MinaIoHandler.exceptionCaught(MinaIoHandler.java:63) Exception:  
java.lang.NullPointerException
	at com.mocha.unitcode.mina.pdu.Request.getResponse(Request.java:45)
	at com.mocha.unitcode.mina.server.handler.MinaIoHandler.messageReceived(MinaIoHandler.java:209)
	at org.apache.mina.core.filterchain.DefaultIoFilterChain$TailFilter.messageReceived(DefaultIoFilterChain.java:721)
	at org.apache.mina.core.filterchain.DefaultIoFilterChain.callNextMessageReceived(DefaultIoFilterChain.java:433)
	at org.apache.mina.core.filterchain.DefaultIoFilterChain.access$1200(DefaultIoFilterChain.java:47)
	at org.apache.mina.core.filterchain.DefaultIoFilterChain$EntryImpl$1.messageReceived(DefaultIoFilterChain.java:801)
	at org.apache.mina.filter.codec.ProtocolCodecFilter$ProtocolDecoderOutputImpl.flush(ProtocolCodecFilter.java:375)
	at org.apache.mina.filter.codec.ProtocolCodecFilter.messageReceived(ProtocolCodecFilter.java:229)
	at org.apache.mina.core.filterchain.DefaultIoFilterChain.callNextMessageReceived(DefaultIoFilterChain.java:433)
	at org.apache.mina.core.filterchain.DefaultIoFilterChain.access$1200(DefaultIoFilterChain.java:47)
	at org.apache.mina.core.filterchain.DefaultIoFilterChain$EntryImpl$1.messageReceived(DefaultIoFilterChain.java:801)
	at org.apache.mina.core.filterchain.IoFilterEvent.fire(IoFilterEvent.java:71)
	at org.apache.mina.core.session.IoEvent.run(IoEvent.java:63)
	at org.apache.mina.filter.executor.OrderedThreadPoolExecutor$Worker.runTask(OrderedThreadPoolExecutor.java:801)
	at org.apache.mina.filter.executor.OrderedThreadPoolExecutor$Worker.runTasks(OrderedThreadPoolExecutor.java:793)
	at org.apache.mina.filter.executor.OrderedThreadPoolExecutor$Worker.run(OrderedThreadPoolExecutor.java:735)
	at java.lang.Thread.run(Thread.java:619)
[ERROR] 2014-09-25-10:11:58 com.mocha.unitcode.mina.server.handler.MinaIoHandler.exceptionCaught(MinaIoHandler.java:63) Exception:  
java.lang.NullPointerException
	at com.mocha.unitcode.mina.pdu.Request.getResponse(Request.java:45)
	at com.mocha.unitcode.mina.server.handler.MinaIoHandler.messageReceived(MinaIoHandler.java:209)
	at org.apache.mina.core.filterchain.DefaultIoFilterChain$TailFilter.messageReceived(DefaultIoFilterChain.java:721)
	at org.apache.mina.core.filterchain.DefaultIoFilterChain.callNextMessageReceived(DefaultIoFilterChain.java:433)
	at org.apache.mina.core.filterchain.DefaultIoFilterChain.access$1200(DefaultIoFilterChain.java:47)
	at org.apache.mina.core.filterchain.DefaultIoFilterChain$EntryImpl$1.messageReceived(DefaultIoFilterChain.java:801)
	at org.apache.mina.filter.codec.ProtocolCodecFilter$ProtocolDecoderOutputImpl.flush(ProtocolCodecFilter.java:375)
	at org.apache.mina.filter.codec.ProtocolCodecFilter.messageReceived(ProtocolCodecFilter.java:229)
	at org.apache.mina.core.filterchain.DefaultIoFilterChain.callNextMessageReceived(DefaultIoFilterChain.java:433)
	at org.apache.mina.core.filterchain.DefaultIoFilterChain.access$1200(DefaultIoFilterChain.java:47)
	at org.apache.mina.core.filterchain.DefaultIoFilterChain$EntryImpl$1.messageReceived(DefaultIoFilterChain.java:801)
	at org.apache.mina.core.filterchain.IoFilterEvent.fire(IoFilterEvent.java:71)
	at org.apache.mina.core.session.IoEvent.run(IoEvent.java:63)
	at org.apache.mina.filter.executor.OrderedThreadPoolExecutor$Worker.runTask(OrderedThreadPoolExecutor.java:801)
	at org.apache.mina.filter.executor.OrderedThreadPoolExecutor$Worker.runTasks(OrderedThreadPoolExecutor.java:793)
	at org.apache.mina.filter.executor.OrderedThreadPoolExecutor$Worker.run(OrderedThreadPoolExecutor.java:735)
	at java.lang.Thread.run(Thread.java:619)
[ERROR] 2014-09-25-10:11:58 com.mocha.unitcode.mina.server.handler.MinaIoHandler.exceptionCaught(MinaIoHandler.java:63) Exception:  
java.lang.NullPointerException
	at com.mocha.unitcode.mina.pdu.Request.getResponse(Request.java:45)
	at com.mocha.unitcode.mina.server.handler.MinaIoHandler.messageReceived(MinaIoHandler.java:209)
	at org.apache.mina.core.filterchain.DefaultIoFilterChain$TailFilter.messageReceived(DefaultIoFilterChain.java:721)
	at org.apache.mina.core.filterchain.DefaultIoFilterChain.callNextMessageReceived(DefaultIoFilterChain.java:433)
	at org.apache.mina.core.filterchain.DefaultIoFilterChain.access$1200(DefaultIoFilterChain.java:47)
	at org.apache.mina.core.filterchain.DefaultIoFilterChain$EntryImpl$1.messageReceived(DefaultIoFilterChain.java:801)
	at org.apache.mina.filter.codec.ProtocolCodecFilter$ProtocolDecoderOutputImpl.flush(ProtocolCodecFilter.java:375)
	at org.apache.mina.filter.codec.ProtocolCodecFilter.messageReceived(ProtocolCodecFilter.java:229)
	at org.apache.mina.core.filterchain.DefaultIoFilterChain.callNextMessageReceived(DefaultIoFilterChain.java:433)
	at org.apache.mina.core.filterchain.DefaultIoFilterChain.access$1200(DefaultIoFilterChain.java:47)
	at org.apache.mina.core.filterchain.DefaultIoFilterChain$EntryImpl$1.messageReceived(DefaultIoFilterChain.java:801)
	at org.apache.mina.core.filterchain.IoFilterEvent.fire(IoFilterEvent.java:71)
	at org.apache.mina.core.session.IoEvent.run(IoEvent.java:63)
	at org.apache.mina.filter.executor.OrderedThreadPoolExecutor$Worker.runTask(OrderedThreadPoolExecutor.java:801)
	at org.apache.mina.filter.executor.OrderedThreadPoolExecutor$Worker.runTasks(OrderedThreadPoolExecutor.java:793)
	at org.apache.mina.filter.executor.OrderedThreadPoolExecutor$Worker.run(OrderedThreadPoolExecutor.java:735)
	at java.lang.Thread.run(Thread.java:619)
[ERROR] 2014-09-25-10:11:58 com.mocha.unitcode.mina.server.handler.MinaIoHandler.exceptionCaught(MinaIoHandler.java:63) Exception:  
java.lang.NullPointerException
	at com.mocha.unitcode.mina.pdu.Request.getResponse(Request.java:45)
	at com.mocha.unitcode.mina.server.handler.MinaIoHandler.messageReceived(MinaIoHandler.java:209)
	at org.apache.mina.core.filterchain.DefaultIoFilterChain$TailFilter.messageReceived(DefaultIoFilterChain.java:721)
	at org.apache.mina.core.filterchain.DefaultIoFilterChain.callNextMessageReceived(DefaultIoFilterChain.java:433)
	at org.apache.mina.core.filterchain.DefaultIoFilterChain.access$1200(DefaultIoFilterChain.java:47)
	at org.apache.mina.core.filterchain.DefaultIoFilterChain$EntryImpl$1.messageReceived(DefaultIoFilterChain.java:801)
	at org.apache.mina.filter.codec.ProtocolCodecFilter$ProtocolDecoderOutputImpl.flush(ProtocolCodecFilter.java:375)
	at org.apache.mina.filter.codec.ProtocolCodecFilter.messageReceived(ProtocolCodecFilter.java:229)
	at org.apache.mina.core.filterchain.DefaultIoFilterChain.callNextMessageReceived(DefaultIoFilterChain.java:433)
	at org.apache.mina.core.filterchain.DefaultIoFilterChain.access$1200(DefaultIoFilterChain.java:47)
	at org.apache.mina.core.filterchain.DefaultIoFilterChain$EntryImpl$1.messageReceived(DefaultIoFilterChain.java:801)
	at org.apache.mina.core.filterchain.IoFilterEvent.fire(IoFilterEvent.java:71)
	at org.apache.mina.core.session.IoEvent.run(IoEvent.java:63)
	at org.apache.mina.filter.executor.OrderedThreadPoolExecutor$Worker.runTask(OrderedThreadPoolExecutor.java:801)
	at org.apache.mina.filter.executor.OrderedThreadPoolExecutor$Worker.runTasks(OrderedThreadPoolExecutor.java:793)
	at org.apache.mina.filter.executor.OrderedThreadPoolExecutor$Worker.run(OrderedThreadPoolExecutor.java:735)
	at java.lang.Thread.run(Thread.java:619)
[ERROR] 2014-09-25-10:11:58 com.mocha.unitcode.mina.server.handler.MinaIoHandler.exceptionCaught(MinaIoHandler.java:63) Exception:  
java.lang.NullPointerException
	at com.mocha.unitcode.mina.pdu.Request.getResponse(Request.java:45)
	at com.mocha.unitcode.mina.server.handler.MinaIoHandler.messageReceived(MinaIoHandler.java:209)
	at org.apache.mina.core.filterchain.DefaultIoFilterChain$TailFilter.messageReceived(DefaultIoFilterChain.java:721)
	at org.apache.mina.core.filterchain.DefaultIoFilterChain.callNextMessageReceived(DefaultIoFilterChain.java:433)
	at org.apache.mina.core.filterchain.DefaultIoFilterChain.access$1200(DefaultIoFilterChain.java:47)
	at org.apache.mina.core.filterchain.DefaultIoFilterChain$EntryImpl$1.messageReceived(DefaultIoFilterChain.java:801)
	at org.apache.mina.filter.codec.ProtocolCodecFilter$ProtocolDecoderOutputImpl.flush(ProtocolCodecFilter.java:375)
	at org.apache.mina.filter.codec.ProtocolCodecFilter.messageReceived(ProtocolCodecFilter.java:229)
	at org.apache.mina.core.filterchain.DefaultIoFilterChain.callNextMessageReceived(DefaultIoFilterChain.java:433)
	at org.apache.mina.core.filterchain.DefaultIoFilterChain.access$1200(DefaultIoFilterChain.java:47)
	at org.apache.mina.core.filterchain.DefaultIoFilterChain$EntryImpl$1.messageReceived(DefaultIoFilterChain.java:801)
	at org.apache.mina.core.filterchain.IoFilterEvent.fire(IoFilterEvent.java:71)
	at org.apache.mina.core.session.IoEvent.run(IoEvent.java:63)
	at org.apache.mina.filter.executor.OrderedThreadPoolExecutor$Worker.runTask(OrderedThreadPoolExecutor.java:801)
	at org.apache.mina.filter.executor.OrderedThreadPoolExecutor$Worker.runTasks(OrderedThreadPoolExecutor.java:793)
	at org.apache.mina.filter.executor.OrderedThreadPoolExecutor$Worker.run(OrderedThreadPoolExecutor.java:735)
	at java.lang.Thread.run(Thread.java:619)
[ERROR] 2014-09-25-10:11:58 com.mocha.unitcode.mina.server.handler.MinaIoHandler.exceptionCaught(MinaIoHandler.java:63) Exception:  
java.lang.NullPointerException
	at com.mocha.unitcode.mina.pdu.Request.getResponse(Request.java:45)
	at com.mocha.unitcode.mina.server.handler.MinaIoHandler.messageReceived(MinaIoHandler.java:209)
	at org.apache.mina.core.filterchain.DefaultIoFilterChain$TailFilter.messageReceived(DefaultIoFilterChain.java:721)
	at org.apache.mina.core.filterchain.DefaultIoFilterChain.callNextMessageReceived(DefaultIoFilterChain.java:433)
	at org.apache.mina.core.filterchain.DefaultIoFilterChain.access$1200(DefaultIoFilterChain.java:47)
	at org.apache.mina.core.filterchain.DefaultIoFilterChain$EntryImpl$1.messageReceived(DefaultIoFilterChain.java:801)
	at org.apache.mina.filter.codec.ProtocolCodecFilter$ProtocolDecoderOutputImpl.flush(ProtocolCodecFilter.java:375)
	at org.apache.mina.filter.codec.ProtocolCodecFilter.messageReceived(ProtocolCodecFilter.java:229)
	at org.apache.mina.core.filterchain.DefaultIoFilterChain.callNextMessageReceived(DefaultIoFilterChain.java:433)
	at org.apache.mina.core.filterchain.DefaultIoFilterChain.access$1200(DefaultIoFilterChain.java:47)
	at org.apache.mina.core.filterchain.DefaultIoFilterChain$EntryImpl$1.messageReceived(DefaultIoFilterChain.java:801)
	at org.apache.mina.core.filterchain.IoFilterEvent.fire(IoFilterEvent.java:71)
	at org.apache.mina.core.session.IoEvent.run(IoEvent.java:63)
	at org.apache.mina.filter.executor.OrderedThreadPoolExecutor$Worker.runTask(OrderedThreadPoolExecutor.java:801)
	at org.apache.mina.filter.executor.OrderedThreadPoolExecutor$Worker.runTasks(OrderedThreadPoolExecutor.java:793)
	at org.apache.mina.filter.executor.OrderedThreadPoolExecutor$Worker.run(OrderedThreadPoolExecutor.java:735)
	at java.lang.Thread.run(Thread.java:619)
[ERROR] 2014-09-25-10:11:58 com.mocha.unitcode.mina.server.handler.MinaIoHandler.exceptionCaught(MinaIoHandler.java:63) Exception:  
java.lang.NullPointerException
	at com.mocha.unitcode.mina.pdu.Request.getResponse(Request.java:45)
	at com.mocha.unitcode.mina.server.handler.MinaIoHandler.messageReceived(MinaIoHandler.java:209)
	at org.apache.mina.core.filterchain.DefaultIoFilterChain$TailFilter.messageReceived(DefaultIoFilterChain.java:721)
	at org.apache.mina.core.filterchain.DefaultIoFilterChain.callNextMessageReceived(DefaultIoFilterChain.java:433)
	at org.apache.mina.core.filterchain.DefaultIoFilterChain.access$1200(DefaultIoFilterChain.java:47)
	at org.apache.mina.core.filterchain.DefaultIoFilterChain$EntryImpl$1.messageReceived(DefaultIoFilterChain.java:801)
	at org.apache.mina.filter.codec.ProtocolCodecFilter$ProtocolDecoderOutputImpl.flush(ProtocolCodecFilter.java:375)
	at org.apache.mina.filter.codec.ProtocolCodecFilter.messageReceived(ProtocolCodecFilter.java:229)
	at org.apache.mina.core.filterchain.DefaultIoFilterChain.callNextMessageReceived(DefaultIoFilterChain.java:433)
	at org.apache.mina.core.filterchain.DefaultIoFilterChain.access$1200(DefaultIoFilterChain.java:47)
	at org.apache.mina.core.filterchain.DefaultIoFilterChain$EntryImpl$1.messageReceived(DefaultIoFilterChain.java:801)
	at org.apache.mina.core.filterchain.IoFilterEvent.fire(IoFilterEvent.java:71)
	at org.apache.mina.core.session.IoEvent.run(IoEvent.java:63)
	at org.apache.mina.filter.executor.OrderedThreadPoolExecutor$Worker.runTask(OrderedThreadPoolExecutor.java:801)
	at org.apache.mina.filter.executor.OrderedThreadPoolExecutor$Worker.runTasks(OrderedThreadPoolExecutor.java:793)
	at org.apache.mina.filter.executor.OrderedThreadPoolExecutor$Worker.run(OrderedThreadPoolExecutor.java:735)
	at java.lang.Thread.run(Thread.java:619)
[ERROR] 2014-09-25-14:22:39 com.mocha.unitcode.mina.server.handler.MinaIoHandler.exceptionCaught(MinaIoHandler.java:65) Exception:  
java.lang.NoClassDefFoundError: com/mocha/common/utils/CollectionUtils
	at com.mocha.unitcode.mina.util.ListUtil.ToStringObject(ListUtil.java:42)
	at com.mocha.unitcode.mina.pdu.Message.getTodoEntity(Message.java:200)
	at com.mocha.unitcode.mina.server.handler.MinaIoHandler.addQueue(MinaIoHandler.java:297)
	at com.mocha.unitcode.mina.server.handler.MinaIoHandler.messageReceived(MinaIoHandler.java:197)
	at org.apache.mina.core.filterchain.DefaultIoFilterChain$TailFilter.messageReceived(DefaultIoFilterChain.java:721)
	at org.apache.mina.core.filterchain.DefaultIoFilterChain.callNextMessageReceived(DefaultIoFilterChain.java:433)
	at org.apache.mina.core.filterchain.DefaultIoFilterChain.access$1200(DefaultIoFilterChain.java:47)
	at org.apache.mina.core.filterchain.DefaultIoFilterChain$EntryImpl$1.messageReceived(DefaultIoFilterChain.java:801)
	at org.apache.mina.filter.codec.ProtocolCodecFilter$ProtocolDecoderOutputImpl.flush(ProtocolCodecFilter.java:375)
	at org.apache.mina.filter.codec.ProtocolCodecFilter.messageReceived(ProtocolCodecFilter.java:229)
	at org.apache.mina.core.filterchain.DefaultIoFilterChain.callNextMessageReceived(DefaultIoFilterChain.java:433)
	at org.apache.mina.core.filterchain.DefaultIoFilterChain.access$1200(DefaultIoFilterChain.java:47)
	at org.apache.mina.core.filterchain.DefaultIoFilterChain$EntryImpl$1.messageReceived(DefaultIoFilterChain.java:801)
	at org.apache.mina.core.filterchain.IoFilterEvent.fire(IoFilterEvent.java:71)
	at org.apache.mina.core.session.IoEvent.run(IoEvent.java:63)
	at org.apache.mina.filter.executor.OrderedThreadPoolExecutor$Worker.runTask(OrderedThreadPoolExecutor.java:801)
	at org.apache.mina.filter.executor.OrderedThreadPoolExecutor$Worker.runTasks(OrderedThreadPoolExecutor.java:793)
	at org.apache.mina.filter.executor.OrderedThreadPoolExecutor$Worker.run(OrderedThreadPoolExecutor.java:735)
	at java.lang.Thread.run(Thread.java:662)
Caused by: java.lang.ClassNotFoundException: com.mocha.common.utils.CollectionUtils
	at java.net.URLClassLoader$1.run(URLClassLoader.java:202)
	at java.security.AccessController.doPrivileged(Native Method)
	at java.net.URLClassLoader.findClass(URLClassLoader.java:190)
	at java.lang.ClassLoader.loadClass(ClassLoader.java:306)
	at sun.misc.Launcher$AppClassLoader.loadClass(Launcher.java:301)
	at java.lang.ClassLoader.loadClass(ClassLoader.java:247)
	... 19 more
