[WARN] 2014-09-25-10:11:58 com.mocha.unitcode.mina.pdu.MinaPDUParser.createPDUFromBuffer(MinaPDUParser.java:51) MinaConstant.UNITE_TODO_SUBMIT Header: 3 
[WARN] 2014-09-25-10:11:58 com.mocha.unitcode.mina.pdu.MinaPDUParser.createPDUFromBuffer(MinaPDUParser.java:57) MinaConstant.UNITE_TODO_SUBMIT getCommandLength: 3073 
[INFO] 2014-09-25-10:11:58 com.mocha.unitcode.mina.pdu.SubmitTodoEntity.setBody(SubmitTodoEntity.java:107) ==setBody=====msgId===========[B@1081d2e 
[INFO] 2014-09-25-10:11:58 com.mocha.unitcode.mina.pdu.SubmitTodoEntity.setBody(SubmitTodoEntity.java:120) ===setBody====msgFormat===========10 
[INFO] 2014-09-25-10:11:58 com.mocha.unitcode.mina.pdu.SubmitTodoEntity.setBody(SubmitTodoEntity.java:124) ===setBody====classLength===========39 
[INFO] 2014-09-25-10:11:58 com.mocha.unitcode.mina.pdu.SubmitTodoEntity.setBody(SubmitTodoEntity.java:128) ===setBody====signbyte===========-38 
[INFO] 2014-09-25-10:11:58 com.mocha.unitcode.mina.pdu.SubmitTodoEntity.setBody(SubmitTodoEntity.java:131) ==setBody=====msgLength===========2994 
[WARN] 2014-09-25-10:11:58 com.mocha.unitcode.mina.pdu.MinaPDUParser.createPDUFromBuffer(MinaPDUParser.java:61) MinaConstant.UNITE_TODO_SUBMIT buffer getHexDump:  
[WARN] 2014-09-25-10:11:58 com.mocha.unitcode.mina.server.handler.MinaIoHandler.messageReceived(MinaIoHandler.java:178) MinaConstant.UNITE_TODO_SUBMIT Header: 3 
[INFO] 2014-09-25-10:11:58 com.mocha.unitcode.mina.server.handler.MinaIoHandler.addQueue(MinaIoHandler.java:261) == addQueue====添加队列信息=========== 
[INFO] 2014-09-25-10:11:58 com.mocha.unitcode.mina.server.handler.MinaIoHandler.addQueue(MinaIoHandler.java:269) == addQueue==tem.TODO_TYPE_SINGLE==单条=========== 
[INFO] 2014-09-25-10:11:58 com.mocha.unitcode.mina.server.handler.MinaIoHandler.messageReceived(MinaIoHandler.java:199) ====UNITE_TODO_SUBMIT=======getMsgFormat=============10 
[INFO] 2014-09-25-10:11:58 com.mocha.unitcode.mina.server.handler.MinaIoHandler.messageReceived(MinaIoHandler.java:202) =====UNITE_TODO_SUBMIT======getEncoding=============UTF-8 
[WARN] 2014-09-25-10:11:58 com.mocha.unitcode.mina.pdu.MinaPDUParser.createPDUFromBuffer(MinaPDUParser.java:51) MinaConstant.UNITE_TODO_SUBMIT Header: 3 
[WARN] 2014-09-25-10:11:58 com.mocha.unitcode.mina.pdu.MinaPDUParser.createPDUFromBuffer(MinaPDUParser.java:57) MinaConstant.UNITE_TODO_SUBMIT getCommandLength: 3073 
[INFO] 2014-09-25-10:11:58 com.mocha.unitcode.mina.pdu.SubmitTodoEntity.setBody(SubmitTodoEntity.java:107) ==setBody=====msgId===========[B@1bbf1ca 
[INFO] 2014-09-25-10:11:58 com.mocha.unitcode.mina.pdu.SubmitTodoEntity.setBody(SubmitTodoEntity.java:120) ===setBody====msgFormat===========10 
[INFO] 2014-09-25-10:11:58 com.mocha.unitcode.mina.pdu.SubmitTodoEntity.setBody(SubmitTodoEntity.java:124) ===setBody====classLength===========39 
[INFO] 2014-09-25-10:11:58 com.mocha.unitcode.mina.pdu.SubmitTodoEntity.setBody(SubmitTodoEntity.java:128) ===setBody====signbyte===========-38 
[INFO] 2014-09-25-10:11:58 com.mocha.unitcode.mina.pdu.SubmitTodoEntity.setBody(SubmitTodoEntity.java:131) ==setBody=====msgLength===========2994 
[WARN] 2014-09-25-10:11:58 com.mocha.unitcode.mina.pdu.MinaPDUParser.createPDUFromBuffer(MinaPDUParser.java:61) MinaConstant.UNITE_TODO_SUBMIT buffer getHexDump:  
[WARN] 2014-09-25-10:11:58 com.mocha.unitcode.mina.pdu.MinaPDUParser.createPDUFromBuffer(MinaPDUParser.java:51) MinaConstant.UNITE_TODO_SUBMIT Header: 3 
[WARN] 2014-09-25-10:11:58 com.mocha.unitcode.mina.pdu.MinaPDUParser.createPDUFromBuffer(MinaPDUParser.java:57) MinaConstant.UNITE_TODO_SUBMIT getCommandLength: 3073 
[INFO] 2014-09-25-10:11:58 com.mocha.unitcode.mina.pdu.SubmitTodoEntity.setBody(SubmitTodoEntity.java:107) ==setBody=====msgId===========[B@1f6226 
[INFO] 2014-09-25-10:11:58 com.mocha.unitcode.mina.pdu.SubmitTodoEntity.setBody(SubmitTodoEntity.java:120) ===setBody====msgFormat===========10 
[INFO] 2014-09-25-10:11:58 com.mocha.unitcode.mina.pdu.SubmitTodoEntity.setBody(SubmitTodoEntity.java:124) ===setBody====classLength===========39 
[INFO] 2014-09-25-10:11:58 com.mocha.unitcode.mina.pdu.SubmitTodoEntity.setBody(SubmitTodoEntity.java:128) ===setBody====signbyte===========-38 
[INFO] 2014-09-25-10:11:58 com.mocha.unitcode.mina.pdu.SubmitTodoEntity.setBody(SubmitTodoEntity.java:131) ==setBody=====msgLength===========2994 
[WARN] 2014-09-25-10:11:58 com.mocha.unitcode.mina.pdu.MinaPDUParser.createPDUFromBuffer(MinaPDUParser.java:61) MinaConstant.UNITE_TODO_SUBMIT buffer getHexDump:  
[WARN] 2014-09-25-10:11:58 com.mocha.unitcode.mina.pdu.MinaPDUParser.createPDUFromBuffer(MinaPDUParser.java:51) MinaConstant.UNITE_TODO_SUBMIT Header: 3 
[WARN] 2014-09-25-10:11:58 com.mocha.unitcode.mina.pdu.MinaPDUParser.createPDUFromBuffer(MinaPDUParser.java:57) MinaConstant.UNITE_TODO_SUBMIT getCommandLength: 3073 
[INFO] 2014-09-25-10:11:58 com.mocha.unitcode.mina.pdu.SubmitTodoEntity.setBody(SubmitTodoEntity.java:107) ==setBody=====msgId===========[B@5e55ab 
[INFO] 2014-09-25-10:11:58 com.mocha.unitcode.mina.pdu.SubmitTodoEntity.setBody(SubmitTodoEntity.java:120) ===setBody====msgFormat===========10 
[INFO] 2014-09-25-10:11:58 com.mocha.unitcode.mina.pdu.SubmitTodoEntity.setBody(SubmitTodoEntity.java:124) ===setBody====classLength===========39 
[INFO] 2014-09-25-10:11:58 com.mocha.unitcode.mina.pdu.SubmitTodoEntity.setBody(SubmitTodoEntity.java:128) ===setBody====signbyte===========-38 
[INFO] 2014-09-25-10:11:58 com.mocha.unitcode.mina.pdu.SubmitTodoEntity.setBody(SubmitTodoEntity.java:131) ==setBody=====msgLength===========2994 
[WARN] 2014-09-25-10:11:58 com.mocha.unitcode.mina.pdu.MinaPDUParser.createPDUFromBuffer(MinaPDUParser.java:61) MinaConstant.UNITE_TODO_SUBMIT buffer getHexDump:  
[WARN] 2014-09-25-10:11:58 com.mocha.unitcode.mina.pdu.MinaPDUParser.createPDUFromBuffer(MinaPDUParser.java:51) MinaConstant.UNITE_TODO_SUBMIT Header: 3 
[WARN] 2014-09-25-10:11:58 com.mocha.unitcode.mina.pdu.MinaPDUParser.createPDUFromBuffer(MinaPDUParser.java:57) MinaConstant.UNITE_TODO_SUBMIT getCommandLength: 3073 
[INFO] 2014-09-25-10:11:58 com.mocha.unitcode.mina.pdu.SubmitTodoEntity.setBody(SubmitTodoEntity.java:107) ==setBody=====msgId===========[B@e6f7d2 
[INFO] 2014-09-25-10:11:58 com.mocha.unitcode.mina.pdu.SubmitTodoEntity.setBody(SubmitTodoEntity.java:120) ===setBody====msgFormat===========10 
[INFO] 2014-09-25-10:11:58 com.mocha.unitcode.mina.pdu.SubmitTodoEntity.setBody(SubmitTodoEntity.java:124) ===setBody====classLength===========39 
[INFO] 2014-09-25-10:11:58 com.mocha.unitcode.mina.pdu.SubmitTodoEntity.setBody(SubmitTodoEntity.java:128) ===setBody====signbyte===========-38 
[INFO] 2014-09-25-10:11:58 com.mocha.unitcode.mina.pdu.SubmitTodoEntity.setBody(SubmitTodoEntity.java:131) ==setBody=====msgLength===========2994 
[WARN] 2014-09-25-10:11:58 com.mocha.unitcode.mina.pdu.MinaPDUParser.createPDUFromBuffer(MinaPDUParser.java:61) MinaConstant.UNITE_TODO_SUBMIT buffer getHexDump:  
[WARN] 2014-09-25-10:11:58 com.mocha.unitcode.mina.server.handler.MinaIoHandler.messageReceived(MinaIoHandler.java:178) MinaConstant.UNITE_TODO_SUBMIT Header: 3 
[INFO] 2014-09-25-10:11:58 com.mocha.unitcode.mina.server.handler.MinaIoHandler.addQueue(MinaIoHandler.java:261) == addQueue====添加队列信息=========== 
[INFO] 2014-09-25-10:11:58 com.mocha.unitcode.mina.server.handler.MinaIoHandler.addQueue(MinaIoHandler.java:269) == addQueue==tem.TODO_TYPE_SINGLE==单条=========== 
[INFO] 2014-09-25-10:11:58 com.mocha.unitcode.mina.server.handler.MinaIoHandler.messageReceived(MinaIoHandler.java:199) ====UNITE_TODO_SUBMIT=======getMsgFormat=============10 
[INFO] 2014-09-25-10:11:58 com.mocha.unitcode.mina.server.handler.MinaIoHandler.messageReceived(MinaIoHandler.java:202) =====UNITE_TODO_SUBMIT======getEncoding=============UTF-8 
[WARN] 2014-09-25-10:11:58 com.mocha.unitcode.mina.server.handler.MinaIoHandler.messageReceived(MinaIoHandler.java:178) MinaConstant.UNITE_TODO_SUBMIT Header: 3 
[INFO] 2014-09-25-10:11:58 com.mocha.unitcode.mina.server.handler.MinaIoHandler.addQueue(MinaIoHandler.java:261) == addQueue====添加队列信息=========== 
[INFO] 2014-09-25-10:11:58 com.mocha.unitcode.mina.server.handler.MinaIoHandler.addQueue(MinaIoHandler.java:269) == addQueue==tem.TODO_TYPE_SINGLE==单条=========== 
[INFO] 2014-09-25-10:11:58 com.mocha.unitcode.mina.server.handler.MinaIoHandler.messageReceived(MinaIoHandler.java:199) ====UNITE_TODO_SUBMIT=======getMsgFormat=============10 
[INFO] 2014-09-25-10:11:58 com.mocha.unitcode.mina.server.handler.MinaIoHandler.messageReceived(MinaIoHandler.java:202) =====UNITE_TODO_SUBMIT======getEncoding=============UTF-8 
[WARN] 2014-09-25-10:11:58 com.mocha.unitcode.mina.server.handler.MinaIoHandler.messageReceived(MinaIoHandler.java:178) MinaConstant.UNITE_TODO_SUBMIT Header: 3 
[INFO] 2014-09-25-10:11:58 com.mocha.unitcode.mina.server.handler.MinaIoHandler.addQueue(MinaIoHandler.java:261) == addQueue====添加队列信息=========== 
[INFO] 2014-09-25-10:11:58 com.mocha.unitcode.mina.server.handler.MinaIoHandler.addQueue(MinaIoHandler.java:269) == addQueue==tem.TODO_TYPE_SINGLE==单条=========== 
[INFO] 2014-09-25-10:11:58 com.mocha.unitcode.mina.server.handler.MinaIoHandler.messageReceived(MinaIoHandler.java:199) ====UNITE_TODO_SUBMIT=======getMsgFormat=============10 
[INFO] 2014-09-25-10:11:58 com.mocha.unitcode.mina.server.handler.MinaIoHandler.messageReceived(MinaIoHandler.java:202) =====UNITE_TODO_SUBMIT======getEncoding=============UTF-8 
[WARN] 2014-09-25-10:11:58 com.mocha.unitcode.mina.server.handler.MinaIoHandler.messageReceived(MinaIoHandler.java:178) MinaConstant.UNITE_TODO_SUBMIT Header: 3 
[INFO] 2014-09-25-10:11:58 com.mocha.unitcode.mina.server.handler.MinaIoHandler.addQueue(MinaIoHandler.java:261) == addQueue====添加队列信息=========== 
[INFO] 2014-09-25-10:11:58 com.mocha.unitcode.mina.server.handler.MinaIoHandler.addQueue(MinaIoHandler.java:269) == addQueue==tem.TODO_TYPE_SINGLE==单条=========== 
[INFO] 2014-09-25-10:11:58 com.mocha.unitcode.mina.server.handler.MinaIoHandler.messageReceived(MinaIoHandler.java:199) ====UNITE_TODO_SUBMIT=======getMsgFormat=============10 
[INFO] 2014-09-25-10:11:58 com.mocha.unitcode.mina.server.handler.MinaIoHandler.messageReceived(MinaIoHandler.java:202) =====UNITE_TODO_SUBMIT======getEncoding=============UTF-8 
[WARN] 2014-09-25-10:11:58 com.mocha.unitcode.mina.pdu.MinaPDUParser.createPDUFromBuffer(MinaPDUParser.java:51) MinaConstant.UNITE_TODO_SUBMIT Header: 3 
[WARN] 2014-09-25-10:11:58 com.mocha.unitcode.mina.pdu.MinaPDUParser.createPDUFromBuffer(MinaPDUParser.java:57) MinaConstant.UNITE_TODO_SUBMIT getCommandLength: 3073 
[INFO] 2014-09-25-10:11:58 com.mocha.unitcode.mina.pdu.SubmitTodoEntity.setBody(SubmitTodoEntity.java:107) ==setBody=====msgId===========[B@811c88 
[INFO] 2014-09-25-10:11:58 com.mocha.unitcode.mina.pdu.SubmitTodoEntity.setBody(SubmitTodoEntity.java:120) ===setBody====msgFormat===========10 
[INFO] 2014-09-25-10:11:58 com.mocha.unitcode.mina.pdu.SubmitTodoEntity.setBody(SubmitTodoEntity.java:124) ===setBody====classLength===========39 
[INFO] 2014-09-25-10:11:58 com.mocha.unitcode.mina.pdu.SubmitTodoEntity.setBody(SubmitTodoEntity.java:128) ===setBody====signbyte===========-38 
[INFO] 2014-09-25-10:11:58 com.mocha.unitcode.mina.pdu.SubmitTodoEntity.setBody(SubmitTodoEntity.java:131) ==setBody=====msgLength===========2994 
[WARN] 2014-09-25-10:11:58 com.mocha.unitcode.mina.pdu.MinaPDUParser.createPDUFromBuffer(MinaPDUParser.java:61) MinaConstant.UNITE_TODO_SUBMIT buffer getHexDump:  
[WARN] 2014-09-25-10:11:58 com.mocha.unitcode.mina.pdu.MinaPDUParser.createPDUFromBuffer(MinaPDUParser.java:51) MinaConstant.UNITE_TODO_SUBMIT Header: 3 
[WARN] 2014-09-25-10:11:58 com.mocha.unitcode.mina.pdu.MinaPDUParser.createPDUFromBuffer(MinaPDUParser.java:57) MinaConstant.UNITE_TODO_SUBMIT getCommandLength: 3073 
[INFO] 2014-09-25-10:11:58 com.mocha.unitcode.mina.pdu.SubmitTodoEntity.setBody(SubmitTodoEntity.java:107) ==setBody=====msgId===========[B@15bdc50 
[INFO] 2014-09-25-10:11:58 com.mocha.unitcode.mina.pdu.SubmitTodoEntity.setBody(SubmitTodoEntity.java:120) ===setBody====msgFormat===========10 
[INFO] 2014-09-25-10:11:58 com.mocha.unitcode.mina.pdu.SubmitTodoEntity.setBody(SubmitTodoEntity.java:124) ===setBody====classLength===========39 
[INFO] 2014-09-25-10:11:58 com.mocha.unitcode.mina.pdu.SubmitTodoEntity.setBody(SubmitTodoEntity.java:128) ===setBody====signbyte===========-38 
[INFO] 2014-09-25-10:11:58 com.mocha.unitcode.mina.pdu.SubmitTodoEntity.setBody(SubmitTodoEntity.java:131) ==setBody=====msgLength===========2994 
[WARN] 2014-09-25-10:11:58 com.mocha.unitcode.mina.pdu.MinaPDUParser.createPDUFromBuffer(MinaPDUParser.java:61) MinaConstant.UNITE_TODO_SUBMIT buffer getHexDump:  
[WARN] 2014-09-25-10:11:58 com.mocha.unitcode.mina.pdu.MinaPDUParser.createPDUFromBuffer(MinaPDUParser.java:51) MinaConstant.UNITE_TODO_SUBMIT Header: 3 
[WARN] 2014-09-25-10:11:58 com.mocha.unitcode.mina.pdu.MinaPDUParser.createPDUFromBuffer(MinaPDUParser.java:57) MinaConstant.UNITE_TODO_SUBMIT getCommandLength: 3073 
[INFO] 2014-09-25-10:11:58 com.mocha.unitcode.mina.pdu.SubmitTodoEntity.setBody(SubmitTodoEntity.java:107) ==setBody=====msgId===========[B@c791b9 
[INFO] 2014-09-25-10:11:58 com.mocha.unitcode.mina.pdu.SubmitTodoEntity.setBody(SubmitTodoEntity.java:120) ===setBody====msgFormat===========10 
[INFO] 2014-09-25-10:11:58 com.mocha.unitcode.mina.pdu.SubmitTodoEntity.setBody(SubmitTodoEntity.java:124) ===setBody====classLength===========39 
[INFO] 2014-09-25-10:11:58 com.mocha.unitcode.mina.pdu.SubmitTodoEntity.setBody(SubmitTodoEntity.java:128) ===setBody====signbyte===========-38 
[INFO] 2014-09-25-10:11:58 com.mocha.unitcode.mina.pdu.SubmitTodoEntity.setBody(SubmitTodoEntity.java:131) ==setBody=====msgLength===========2994 
[WARN] 2014-09-25-10:11:58 com.mocha.unitcode.mina.pdu.MinaPDUParser.createPDUFromBuffer(MinaPDUParser.java:61) MinaConstant.UNITE_TODO_SUBMIT buffer getHexDump:  
[WARN] 2014-09-25-10:11:58 com.mocha.unitcode.mina.pdu.MinaPDUParser.createPDUFromBuffer(MinaPDUParser.java:51) MinaConstant.UNITE_TODO_SUBMIT Header: 3 
[WARN] 2014-09-25-10:11:58 com.mocha.unitcode.mina.pdu.MinaPDUParser.createPDUFromBuffer(MinaPDUParser.java:57) MinaConstant.UNITE_TODO_SUBMIT getCommandLength: 3073 
[INFO] 2014-09-25-10:11:58 com.mocha.unitcode.mina.pdu.SubmitTodoEntity.setBody(SubmitTodoEntity.java:107) ==setBody=====msgId===========[B@1d86fd3 
[INFO] 2014-09-25-10:11:58 com.mocha.unitcode.mina.pdu.SubmitTodoEntity.setBody(SubmitTodoEntity.java:120) ===setBody====msgFormat===========10 
[INFO] 2014-09-25-10:11:58 com.mocha.unitcode.mina.pdu.SubmitTodoEntity.setBody(SubmitTodoEntity.java:124) ===setBody====classLength===========39 
[INFO] 2014-09-25-10:11:58 com.mocha.unitcode.mina.pdu.SubmitTodoEntity.setBody(SubmitTodoEntity.java:128) ===setBody====signbyte===========-38 
[INFO] 2014-09-25-10:11:58 com.mocha.unitcode.mina.pdu.SubmitTodoEntity.setBody(SubmitTodoEntity.java:131) ==setBody=====msgLength===========2994 
[WARN] 2014-09-25-10:11:58 com.mocha.unitcode.mina.pdu.MinaPDUParser.createPDUFromBuffer(MinaPDUParser.java:61) MinaConstant.UNITE_TODO_SUBMIT buffer getHexDump:  
[WARN] 2014-09-25-10:11:58 com.mocha.unitcode.mina.pdu.MinaPDUParser.createPDUFromBuffer(MinaPDUParser.java:51) MinaConstant.UNITE_TODO_SUBMIT Header: 3 
[WARN] 2014-09-25-10:11:58 com.mocha.unitcode.mina.pdu.MinaPDUParser.createPDUFromBuffer(MinaPDUParser.java:57) MinaConstant.UNITE_TODO_SUBMIT getCommandLength: 3073 
[INFO] 2014-09-25-10:11:58 com.mocha.unitcode.mina.pdu.SubmitTodoEntity.setBody(SubmitTodoEntity.java:107) ==setBody=====msgId===========[B@5e1077 
[INFO] 2014-09-25-10:11:58 com.mocha.unitcode.mina.pdu.SubmitTodoEntity.setBody(SubmitTodoEntity.java:120) ===setBody====msgFormat===========10 
[INFO] 2014-09-25-10:11:58 com.mocha.unitcode.mina.pdu.SubmitTodoEntity.setBody(SubmitTodoEntity.java:124) ===setBody====classLength===========39 
[INFO] 2014-09-25-10:11:58 com.mocha.unitcode.mina.pdu.SubmitTodoEntity.setBody(SubmitTodoEntity.java:128) ===setBody====signbyte===========-38 
[INFO] 2014-09-25-10:11:58 com.mocha.unitcode.mina.pdu.SubmitTodoEntity.setBody(SubmitTodoEntity.java:131) ==setBody=====msgLength===========2994 
[WARN] 2014-09-25-10:11:58 com.mocha.unitcode.mina.pdu.MinaPDUParser.createPDUFromBuffer(MinaPDUParser.java:61) MinaConstant.UNITE_TODO_SUBMIT buffer getHexDump:  
[WARN] 2014-09-25-10:11:58 com.mocha.unitcode.mina.pdu.MinaPDUParser.createPDUFromBuffer(MinaPDUParser.java:51) MinaConstant.UNITE_TODO_SUBMIT Header: 3 
[WARN] 2014-09-25-10:11:58 com.mocha.unitcode.mina.pdu.MinaPDUParser.createPDUFromBuffer(MinaPDUParser.java:57) MinaConstant.UNITE_TODO_SUBMIT getCommandLength: 3073 
[INFO] 2014-09-25-10:11:58 com.mocha.unitcode.mina.pdu.SubmitTodoEntity.setBody(SubmitTodoEntity.java:107) ==setBody=====msgId===========[B@76fba0 
[INFO] 2014-09-25-10:11:58 com.mocha.unitcode.mina.pdu.SubmitTodoEntity.setBody(SubmitTodoEntity.java:120) ===setBody====msgFormat===========10 
[INFO] 2014-09-25-10:11:58 com.mocha.unitcode.mina.pdu.SubmitTodoEntity.setBody(SubmitTodoEntity.java:124) ===setBody====classLength===========39 
[INFO] 2014-09-25-10:11:58 com.mocha.unitcode.mina.pdu.SubmitTodoEntity.setBody(SubmitTodoEntity.java:128) ===setBody====signbyte===========-38 
[INFO] 2014-09-25-10:11:58 com.mocha.unitcode.mina.pdu.SubmitTodoEntity.setBody(SubmitTodoEntity.java:131) ==setBody=====msgLength===========2994 
[WARN] 2014-09-25-10:11:58 com.mocha.unitcode.mina.pdu.MinaPDUParser.createPDUFromBuffer(MinaPDUParser.java:61) MinaConstant.UNITE_TODO_SUBMIT buffer getHexDump:  
[WARN] 2014-09-25-10:11:58 com.mocha.unitcode.mina.pdu.MinaPDUParser.createPDUFromBuffer(MinaPDUParser.java:51) MinaConstant.UNITE_TODO_SUBMIT Header: 3 
[WARN] 2014-09-25-10:11:58 com.mocha.unitcode.mina.pdu.MinaPDUParser.createPDUFromBuffer(MinaPDUParser.java:57) MinaConstant.UNITE_TODO_SUBMIT getCommandLength: 3073 
[INFO] 2014-09-25-10:11:58 com.mocha.unitcode.mina.pdu.SubmitTodoEntity.setBody(SubmitTodoEntity.java:107) ==setBody=====msgId===========[B@16dadf9 
[INFO] 2014-09-25-10:11:58 com.mocha.unitcode.mina.pdu.SubmitTodoEntity.setBody(SubmitTodoEntity.java:120) ===setBody====msgFormat===========10 
[INFO] 2014-09-25-10:11:58 com.mocha.unitcode.mina.pdu.SubmitTodoEntity.setBody(SubmitTodoEntity.java:124) ===setBody====classLength===========39 
[INFO] 2014-09-25-10:11:58 com.mocha.unitcode.mina.pdu.SubmitTodoEntity.setBody(SubmitTodoEntity.java:128) ===setBody====signbyte===========-38 
[INFO] 2014-09-25-10:11:58 com.mocha.unitcode.mina.pdu.SubmitTodoEntity.setBody(SubmitTodoEntity.java:131) ==setBody=====msgLength===========2994 
[WARN] 2014-09-25-10:11:58 com.mocha.unitcode.mina.pdu.MinaPDUParser.createPDUFromBuffer(MinaPDUParser.java:61) MinaConstant.UNITE_TODO_SUBMIT buffer getHexDump:  
[WARN] 2014-09-25-10:11:58 com.mocha.unitcode.mina.pdu.MinaPDUParser.createPDUFromBuffer(MinaPDUParser.java:51) MinaConstant.UNITE_TODO_SUBMIT Header: 3 
[WARN] 2014-09-25-10:11:58 com.mocha.unitcode.mina.pdu.MinaPDUParser.createPDUFromBuffer(MinaPDUParser.java:57) MinaConstant.UNITE_TODO_SUBMIT getCommandLength: 3073 
[INFO] 2014-09-25-10:11:58 com.mocha.unitcode.mina.pdu.SubmitTodoEntity.setBody(SubmitTodoEntity.java:107) ==setBody=====msgId===========[B@4aa0ce 
[INFO] 2014-09-25-10:11:58 com.mocha.unitcode.mina.pdu.SubmitTodoEntity.setBody(SubmitTodoEntity.java:120) ===setBody====msgFormat===========10 
[INFO] 2014-09-25-10:11:58 com.mocha.unitcode.mina.pdu.SubmitTodoEntity.setBody(SubmitTodoEntity.java:124) ===setBody====classLength===========39 
[INFO] 2014-09-25-10:11:58 com.mocha.unitcode.mina.pdu.SubmitTodoEntity.setBody(SubmitTodoEntity.java:128) ===setBody====signbyte===========-38 
[INFO] 2014-09-25-10:11:58 com.mocha.unitcode.mina.pdu.SubmitTodoEntity.setBody(SubmitTodoEntity.java:131) ==setBody=====msgLength===========2994 
[WARN] 2014-09-25-10:11:58 com.mocha.unitcode.mina.pdu.MinaPDUParser.createPDUFromBuffer(MinaPDUParser.java:61) MinaConstant.UNITE_TODO_SUBMIT buffer getHexDump:  
[WARN] 2014-09-25-10:11:58 com.mocha.unitcode.mina.pdu.MinaPDUParser.createPDUFromBuffer(MinaPDUParser.java:51) MinaConstant.UNITE_TODO_SUBMIT Header: 3 
[WARN] 2014-09-25-10:11:58 com.mocha.unitcode.mina.pdu.MinaPDUParser.createPDUFromBuffer(MinaPDUParser.java:57) MinaConstant.UNITE_TODO_SUBMIT getCommandLength: 3073 
[INFO] 2014-09-25-10:11:58 com.mocha.unitcode.mina.pdu.SubmitTodoEntity.setBody(SubmitTodoEntity.java:107) ==setBody=====msgId===========[B@bc8e1e 
[INFO] 2014-09-25-10:11:58 com.mocha.unitcode.mina.pdu.SubmitTodoEntity.setBody(SubmitTodoEntity.java:120) ===setBody====msgFormat===========10 
[INFO] 2014-09-25-10:11:58 com.mocha.unitcode.mina.pdu.SubmitTodoEntity.setBody(SubmitTodoEntity.java:124) ===setBody====classLength===========39 
[INFO] 2014-09-25-10:11:58 com.mocha.unitcode.mina.pdu.SubmitTodoEntity.setBody(SubmitTodoEntity.java:128) ===setBody====signbyte===========-38 
[INFO] 2014-09-25-10:11:58 com.mocha.unitcode.mina.pdu.SubmitTodoEntity.setBody(SubmitTodoEntity.java:131) ==setBody=====msgLength===========2994 
[WARN] 2014-09-25-10:11:58 com.mocha.unitcode.mina.pdu.MinaPDUParser.createPDUFromBuffer(MinaPDUParser.java:61) MinaConstant.UNITE_TODO_SUBMIT buffer getHexDump:  
[WARN] 2014-09-25-10:11:58 com.mocha.unitcode.mina.server.handler.MinaIoHandler.messageReceived(MinaIoHandler.java:178) MinaConstant.UNITE_TODO_SUBMIT Header: 3 
[INFO] 2014-09-25-10:11:58 com.mocha.unitcode.mina.server.handler.MinaIoHandler.addQueue(MinaIoHandler.java:261) == addQueue====添加队列信息=========== 
[INFO] 2014-09-25-10:11:58 com.mocha.unitcode.mina.server.handler.MinaIoHandler.addQueue(MinaIoHandler.java:269) == addQueue==tem.TODO_TYPE_SINGLE==单条=========== 
[INFO] 2014-09-25-10:11:58 com.mocha.unitcode.mina.server.handler.MinaIoHandler.messageReceived(MinaIoHandler.java:199) ====UNITE_TODO_SUBMIT=======getMsgFormat=============10 
[INFO] 2014-09-25-10:11:58 com.mocha.unitcode.mina.server.handler.MinaIoHandler.messageReceived(MinaIoHandler.java:202) =====UNITE_TODO_SUBMIT======getEncoding=============UTF-8 
[WARN] 2014-09-25-10:11:58 com.mocha.unitcode.mina.server.handler.MinaIoHandler.messageReceived(MinaIoHandler.java:178) MinaConstant.UNITE_TODO_SUBMIT Header: 3 
[INFO] 2014-09-25-10:11:58 com.mocha.unitcode.mina.server.handler.MinaIoHandler.addQueue(MinaIoHandler.java:261) == addQueue====添加队列信息=========== 
[INFO] 2014-09-25-10:11:58 com.mocha.unitcode.mina.server.handler.MinaIoHandler.addQueue(MinaIoHandler.java:269) == addQueue==tem.TODO_TYPE_SINGLE==单条=========== 
[INFO] 2014-09-25-10:11:58 com.mocha.unitcode.mina.server.handler.MinaIoHandler.messageReceived(MinaIoHandler.java:199) ====UNITE_TODO_SUBMIT=======getMsgFormat=============10 
[INFO] 2014-09-25-10:11:58 com.mocha.unitcode.mina.server.handler.MinaIoHandler.messageReceived(MinaIoHandler.java:202) =====UNITE_TODO_SUBMIT======getEncoding=============UTF-8 
[WARN] 2014-09-25-10:11:58 com.mocha.unitcode.mina.server.handler.MinaIoHandler.messageReceived(MinaIoHandler.java:178) MinaConstant.UNITE_TODO_SUBMIT Header: 3 
[INFO] 2014-09-25-10:11:58 com.mocha.unitcode.mina.server.handler.MinaIoHandler.addQueue(MinaIoHandler.java:261) == addQueue====添加队列信息=========== 
[INFO] 2014-09-25-10:11:58 com.mocha.unitcode.mina.server.handler.MinaIoHandler.addQueue(MinaIoHandler.java:269) == addQueue==tem.TODO_TYPE_SINGLE==单条=========== 
[INFO] 2014-09-25-10:11:58 com.mocha.unitcode.mina.server.handler.MinaIoHandler.messageReceived(MinaIoHandler.java:199) ====UNITE_TODO_SUBMIT=======getMsgFormat=============10 
[INFO] 2014-09-25-10:11:58 com.mocha.unitcode.mina.server.handler.MinaIoHandler.messageReceived(MinaIoHandler.java:202) =====UNITE_TODO_SUBMIT======getEncoding=============UTF-8 
[WARN] 2014-09-25-10:11:58 com.mocha.unitcode.mina.server.handler.MinaIoHandler.messageReceived(MinaIoHandler.java:178) MinaConstant.UNITE_TODO_SUBMIT Header: 3 
[INFO] 2014-09-25-10:11:58 com.mocha.unitcode.mina.server.handler.MinaIoHandler.addQueue(MinaIoHandler.java:261) == addQueue====添加队列信息=========== 
[INFO] 2014-09-25-10:11:58 com.mocha.unitcode.mina.server.handler.MinaIoHandler.addQueue(MinaIoHandler.java:269) == addQueue==tem.TODO_TYPE_SINGLE==单条=========== 
[INFO] 2014-09-25-10:11:58 com.mocha.unitcode.mina.server.handler.MinaIoHandler.messageReceived(MinaIoHandler.java:199) ====UNITE_TODO_SUBMIT=======getMsgFormat=============10 
[INFO] 2014-09-25-10:11:58 com.mocha.unitcode.mina.server.handler.MinaIoHandler.messageReceived(MinaIoHandler.java:202) =====UNITE_TODO_SUBMIT======getEncoding=============UTF-8 
[WARN] 2014-09-25-10:11:58 com.mocha.unitcode.mina.server.handler.MinaIoHandler.messageReceived(MinaIoHandler.java:178) MinaConstant.UNITE_TODO_SUBMIT Header: 3 
[INFO] 2014-09-25-10:11:58 com.mocha.unitcode.mina.server.handler.MinaIoHandler.addQueue(MinaIoHandler.java:261) == addQueue====添加队列信息=========== 
[INFO] 2014-09-25-10:11:58 com.mocha.unitcode.mina.server.handler.MinaIoHandler.addQueue(MinaIoHandler.java:269) == addQueue==tem.TODO_TYPE_SINGLE==单条=========== 
[INFO] 2014-09-25-10:11:58 com.mocha.unitcode.mina.server.handler.MinaIoHandler.messageReceived(MinaIoHandler.java:199) ====UNITE_TODO_SUBMIT=======getMsgFormat=============10 
[INFO] 2014-09-25-10:11:58 com.mocha.unitcode.mina.server.handler.MinaIoHandler.messageReceived(MinaIoHandler.java:202) =====UNITE_TODO_SUBMIT======getEncoding=============UTF-8 
[WARN] 2014-09-25-10:11:58 com.mocha.unitcode.mina.server.handler.MinaIoHandler.messageReceived(MinaIoHandler.java:178) MinaConstant.UNITE_TODO_SUBMIT Header: 3 
[INFO] 2014-09-25-10:11:58 com.mocha.unitcode.mina.server.handler.MinaIoHandler.addQueue(MinaIoHandler.java:261) == addQueue====添加队列信息=========== 
[INFO] 2014-09-25-10:11:58 com.mocha.unitcode.mina.server.handler.MinaIoHandler.addQueue(MinaIoHandler.java:269) == addQueue==tem.TODO_TYPE_SINGLE==单条=========== 
[INFO] 2014-09-25-10:11:58 com.mocha.unitcode.mina.server.handler.MinaIoHandler.messageReceived(MinaIoHandler.java:199) ====UNITE_TODO_SUBMIT=======getMsgFormat=============10 
[INFO] 2014-09-25-10:11:58 com.mocha.unitcode.mina.server.handler.MinaIoHandler.messageReceived(MinaIoHandler.java:202) =====UNITE_TODO_SUBMIT======getEncoding=============UTF-8 
[WARN] 2014-09-25-10:11:58 com.mocha.unitcode.mina.server.handler.MinaIoHandler.messageReceived(MinaIoHandler.java:178) MinaConstant.UNITE_TODO_SUBMIT Header: 3 
[INFO] 2014-09-25-10:11:58 com.mocha.unitcode.mina.server.handler.MinaIoHandler.addQueue(MinaIoHandler.java:261) == addQueue====添加队列信息=========== 
[INFO] 2014-09-25-10:11:58 com.mocha.unitcode.mina.server.handler.MinaIoHandler.addQueue(MinaIoHandler.java:269) == addQueue==tem.TODO_TYPE_SINGLE==单条=========== 
[INFO] 2014-09-25-10:11:58 com.mocha.unitcode.mina.server.handler.MinaIoHandler.messageReceived(MinaIoHandler.java:199) ====UNITE_TODO_SUBMIT=======getMsgFormat=============10 
[INFO] 2014-09-25-10:11:58 com.mocha.unitcode.mina.server.handler.MinaIoHandler.messageReceived(MinaIoHandler.java:202) =====UNITE_TODO_SUBMIT======getEncoding=============UTF-8 
[WARN] 2014-09-25-10:11:58 com.mocha.unitcode.mina.server.handler.MinaIoHandler.messageReceived(MinaIoHandler.java:178) MinaConstant.UNITE_TODO_SUBMIT Header: 3 
[INFO] 2014-09-25-10:11:58 com.mocha.unitcode.mina.server.handler.MinaIoHandler.addQueue(MinaIoHandler.java:261) == addQueue====添加队列信息=========== 
[INFO] 2014-09-25-10:11:58 com.mocha.unitcode.mina.server.handler.MinaIoHandler.addQueue(MinaIoHandler.java:269) == addQueue==tem.TODO_TYPE_SINGLE==单条=========== 
[INFO] 2014-09-25-10:11:58 com.mocha.unitcode.mina.server.handler.MinaIoHandler.messageReceived(MinaIoHandler.java:199) ====UNITE_TODO_SUBMIT=======getMsgFormat=============10 
[INFO] 2014-09-25-10:11:58 com.mocha.unitcode.mina.server.handler.MinaIoHandler.messageReceived(MinaIoHandler.java:202) =====UNITE_TODO_SUBMIT======getEncoding=============UTF-8 
[WARN] 2014-09-25-10:11:58 com.mocha.unitcode.mina.server.handler.MinaIoHandler.messageReceived(MinaIoHandler.java:178) MinaConstant.UNITE_TODO_SUBMIT Header: 3 
[INFO] 2014-09-25-10:11:58 com.mocha.unitcode.mina.server.handler.MinaIoHandler.addQueue(MinaIoHandler.java:261) == addQueue====添加队列信息=========== 
[INFO] 2014-09-25-10:11:58 com.mocha.unitcode.mina.server.handler.MinaIoHandler.addQueue(MinaIoHandler.java:269) == addQueue==tem.TODO_TYPE_SINGLE==单条=========== 
[INFO] 2014-09-25-10:11:58 com.mocha.unitcode.mina.server.handler.MinaIoHandler.messageReceived(MinaIoHandler.java:199) ====UNITE_TODO_SUBMIT=======getMsgFormat=============10 
[INFO] 2014-09-25-10:11:58 com.mocha.unitcode.mina.server.handler.MinaIoHandler.messageReceived(MinaIoHandler.java:202) =====UNITE_TODO_SUBMIT======getEncoding=============UTF-8 
[WARN] 2014-09-25-10:11:58 com.mocha.unitcode.mina.pdu.MinaPDUParser.createPDUFromBuffer(MinaPDUParser.java:51) MinaConstant.UNITE_TODO_SUBMIT Header: 3 
[WARN] 2014-09-25-10:11:58 com.mocha.unitcode.mina.pdu.MinaPDUParser.createPDUFromBuffer(MinaPDUParser.java:57) MinaConstant.UNITE_TODO_SUBMIT getCommandLength: 3073 
[INFO] 2014-09-25-10:11:58 com.mocha.unitcode.mina.pdu.SubmitTodoEntity.setBody(SubmitTodoEntity.java:107) ==setBody=====msgId===========[B@1eb2c1b 
[INFO] 2014-09-25-10:11:58 com.mocha.unitcode.mina.pdu.SubmitTodoEntity.setBody(SubmitTodoEntity.java:120) ===setBody====msgFormat===========10 
[INFO] 2014-09-25-10:11:58 com.mocha.unitcode.mina.pdu.SubmitTodoEntity.setBody(SubmitTodoEntity.java:124) ===setBody====classLength===========39 
[INFO] 2014-09-25-10:11:58 com.mocha.unitcode.mina.pdu.SubmitTodoEntity.setBody(SubmitTodoEntity.java:128) ===setBody====signbyte===========-38 
[INFO] 2014-09-25-10:11:58 com.mocha.unitcode.mina.pdu.SubmitTodoEntity.setBody(SubmitTodoEntity.java:131) ==setBody=====msgLength===========2994 
[WARN] 2014-09-25-10:11:58 com.mocha.unitcode.mina.pdu.MinaPDUParser.createPDUFromBuffer(MinaPDUParser.java:61) MinaConstant.UNITE_TODO_SUBMIT buffer getHexDump:  
[WARN] 2014-09-25-10:11:58 com.mocha.unitcode.mina.pdu.MinaPDUParser.createPDUFromBuffer(MinaPDUParser.java:51) MinaConstant.UNITE_TODO_SUBMIT Header: 3 
[WARN] 2014-09-25-10:11:58 com.mocha.unitcode.mina.pdu.MinaPDUParser.createPDUFromBuffer(MinaPDUParser.java:57) MinaConstant.UNITE_TODO_SUBMIT getCommandLength: 3073 
[INFO] 2014-09-25-10:11:58 com.mocha.unitcode.mina.pdu.SubmitTodoEntity.setBody(SubmitTodoEntity.java:107) ==setBody=====msgId===========[B@1632847 
[INFO] 2014-09-25-10:11:58 com.mocha.unitcode.mina.pdu.SubmitTodoEntity.setBody(SubmitTodoEntity.java:120) ===setBody====msgFormat===========10 
[INFO] 2014-09-25-10:11:58 com.mocha.unitcode.mina.pdu.SubmitTodoEntity.setBody(SubmitTodoEntity.java:124) ===setBody====classLength===========39 
[INFO] 2014-09-25-10:11:58 com.mocha.unitcode.mina.pdu.SubmitTodoEntity.setBody(SubmitTodoEntity.java:128) ===setBody====signbyte===========-38 
[INFO] 2014-09-25-10:11:58 com.mocha.unitcode.mina.pdu.SubmitTodoEntity.setBody(SubmitTodoEntity.java:131) ==setBody=====msgLength===========2994 
[WARN] 2014-09-25-10:11:58 com.mocha.unitcode.mina.pdu.MinaPDUParser.createPDUFromBuffer(MinaPDUParser.java:61) MinaConstant.UNITE_TODO_SUBMIT buffer getHexDump:  
[WARN] 2014-09-25-10:11:58 com.mocha.unitcode.mina.pdu.MinaPDUParser.createPDUFromBuffer(MinaPDUParser.java:51) MinaConstant.UNITE_TODO_SUBMIT Header: 3 
[WARN] 2014-09-25-10:11:58 com.mocha.unitcode.mina.pdu.MinaPDUParser.createPDUFromBuffer(MinaPDUParser.java:57) MinaConstant.UNITE_TODO_SUBMIT getCommandLength: 3073 
[INFO] 2014-09-25-10:11:58 com.mocha.unitcode.mina.pdu.SubmitTodoEntity.setBody(SubmitTodoEntity.java:107) ==setBody=====msgId===========[B@1ffc686 
[INFO] 2014-09-25-10:11:58 com.mocha.unitcode.mina.pdu.SubmitTodoEntity.setBody(SubmitTodoEntity.java:120) ===setBody====msgFormat===========10 
[INFO] 2014-09-25-10:11:58 com.mocha.unitcode.mina.pdu.SubmitTodoEntity.setBody(SubmitTodoEntity.java:124) ===setBody====classLength===========39 
[INFO] 2014-09-25-10:11:58 com.mocha.unitcode.mina.pdu.SubmitTodoEntity.setBody(SubmitTodoEntity.java:128) ===setBody====signbyte===========-38 
[INFO] 2014-09-25-10:11:58 com.mocha.unitcode.mina.pdu.SubmitTodoEntity.setBody(SubmitTodoEntity.java:131) ==setBody=====msgLength===========2994 
[WARN] 2014-09-25-10:11:58 com.mocha.unitcode.mina.pdu.MinaPDUParser.createPDUFromBuffer(MinaPDUParser.java:61) MinaConstant.UNITE_TODO_SUBMIT buffer getHexDump:  
[WARN] 2014-09-25-10:11:58 com.mocha.unitcode.mina.pdu.MinaPDUParser.createPDUFromBuffer(MinaPDUParser.java:51) MinaConstant.UNITE_TODO_SUBMIT Header: 3 
[WARN] 2014-09-25-10:11:58 com.mocha.unitcode.mina.pdu.MinaPDUParser.createPDUFromBuffer(MinaPDUParser.java:57) MinaConstant.UNITE_TODO_SUBMIT getCommandLength: 3073 
[INFO] 2014-09-25-10:11:58 com.mocha.unitcode.mina.pdu.SubmitTodoEntity.setBody(SubmitTodoEntity.java:107) ==setBody=====msgId===========[B@18b81e3 
[INFO] 2014-09-25-10:11:58 com.mocha.unitcode.mina.pdu.SubmitTodoEntity.setBody(SubmitTodoEntity.java:120) ===setBody====msgFormat===========10 
[INFO] 2014-09-25-10:11:58 com.mocha.unitcode.mina.pdu.SubmitTodoEntity.setBody(SubmitTodoEntity.java:124) ===setBody====classLength===========39 
[INFO] 2014-09-25-10:11:58 com.mocha.unitcode.mina.pdu.SubmitTodoEntity.setBody(SubmitTodoEntity.java:128) ===setBody====signbyte===========-38 
[INFO] 2014-09-25-10:11:58 com.mocha.unitcode.mina.pdu.SubmitTodoEntity.setBody(SubmitTodoEntity.java:131) ==setBody=====msgLength===========2994 
[WARN] 2014-09-25-10:11:58 com.mocha.unitcode.mina.pdu.MinaPDUParser.createPDUFromBuffer(MinaPDUParser.java:61) MinaConstant.UNITE_TODO_SUBMIT buffer getHexDump:  
[WARN] 2014-09-25-10:11:58 com.mocha.unitcode.mina.pdu.MinaPDUParser.createPDUFromBuffer(MinaPDUParser.java:51) MinaConstant.UNITE_TODO_SUBMIT Header: 3 
[WARN] 2014-09-25-10:11:58 com.mocha.unitcode.mina.pdu.MinaPDUParser.createPDUFromBuffer(MinaPDUParser.java:57) MinaConstant.UNITE_TODO_SUBMIT getCommandLength: 3073 
[INFO] 2014-09-25-10:11:58 com.mocha.unitcode.mina.pdu.SubmitTodoEntity.setBody(SubmitTodoEntity.java:107) ==setBody=====msgId===========[B@f0c85e 
[INFO] 2014-09-25-10:11:58 com.mocha.unitcode.mina.pdu.SubmitTodoEntity.setBody(SubmitTodoEntity.java:120) ===setBody====msgFormat===========10 
[INFO] 2014-09-25-10:11:58 com.mocha.unitcode.mina.pdu.SubmitTodoEntity.setBody(SubmitTodoEntity.java:124) ===setBody====classLength===========39 
[INFO] 2014-09-25-10:11:58 com.mocha.unitcode.mina.pdu.SubmitTodoEntity.setBody(SubmitTodoEntity.java:128) ===setBody====signbyte===========-38 
[INFO] 2014-09-25-10:11:58 com.mocha.unitcode.mina.pdu.SubmitTodoEntity.setBody(SubmitTodoEntity.java:131) ==setBody=====msgLength===========2994 
[WARN] 2014-09-25-10:11:58 com.mocha.unitcode.mina.pdu.MinaPDUParser.createPDUFromBuffer(MinaPDUParser.java:61) MinaConstant.UNITE_TODO_SUBMIT buffer getHexDump:  
[WARN] 2014-09-25-10:11:58 com.mocha.unitcode.mina.pdu.MinaPDUParser.createPDUFromBuffer(MinaPDUParser.java:51) MinaConstant.UNITE_TODO_SUBMIT Header: 3 
[WARN] 2014-09-25-10:11:58 com.mocha.unitcode.mina.pdu.MinaPDUParser.createPDUFromBuffer(MinaPDUParser.java:57) MinaConstant.UNITE_TODO_SUBMIT getCommandLength: 3073 
[INFO] 2014-09-25-10:11:58 com.mocha.unitcode.mina.pdu.SubmitTodoEntity.setBody(SubmitTodoEntity.java:107) ==setBody=====msgId===========[B@175078b 
[INFO] 2014-09-25-10:11:58 com.mocha.unitcode.mina.pdu.SubmitTodoEntity.setBody(SubmitTodoEntity.java:120) ===setBody====msgFormat===========10 
[INFO] 2014-09-25-10:11:58 com.mocha.unitcode.mina.pdu.SubmitTodoEntity.setBody(SubmitTodoEntity.java:124) ===setBody====classLength===========39 
[INFO] 2014-09-25-10:11:58 com.mocha.unitcode.mina.pdu.SubmitTodoEntity.setBody(SubmitTodoEntity.java:128) ===setBody====signbyte===========-38 
[INFO] 2014-09-25-10:11:58 com.mocha.unitcode.mina.pdu.SubmitTodoEntity.setBody(SubmitTodoEntity.java:131) ==setBody=====msgLength===========2994 
[WARN] 2014-09-25-10:11:58 com.mocha.unitcode.mina.pdu.MinaPDUParser.createPDUFromBuffer(MinaPDUParser.java:61) MinaConstant.UNITE_TODO_SUBMIT buffer getHexDump:  
[WARN] 2014-09-25-10:11:58 com.mocha.unitcode.mina.pdu.MinaPDUParser.createPDUFromBuffer(MinaPDUParser.java:51) MinaConstant.UNITE_TODO_SUBMIT Header: 3 
[WARN] 2014-09-25-10:11:58 com.mocha.unitcode.mina.pdu.MinaPDUParser.createPDUFromBuffer(MinaPDUParser.java:57) MinaConstant.UNITE_TODO_SUBMIT getCommandLength: 3073 
[INFO] 2014-09-25-10:11:58 com.mocha.unitcode.mina.pdu.SubmitTodoEntity.setBody(SubmitTodoEntity.java:107) ==setBody=====msgId===========[B@19e15c 
[INFO] 2014-09-25-10:11:58 com.mocha.unitcode.mina.pdu.SubmitTodoEntity.setBody(SubmitTodoEntity.java:120) ===setBody====msgFormat===========10 
[INFO] 2014-09-25-10:11:58 com.mocha.unitcode.mina.pdu.SubmitTodoEntity.setBody(SubmitTodoEntity.java:124) ===setBody====classLength===========39 
[INFO] 2014-09-25-10:11:58 com.mocha.unitcode.mina.pdu.SubmitTodoEntity.setBody(SubmitTodoEntity.java:128) ===setBody====signbyte===========-38 
[INFO] 2014-09-25-10:11:58 com.mocha.unitcode.mina.pdu.SubmitTodoEntity.setBody(SubmitTodoEntity.java:131) ==setBody=====msgLength===========2994 
[WARN] 2014-09-25-10:11:58 com.mocha.unitcode.mina.pdu.MinaPDUParser.createPDUFromBuffer(MinaPDUParser.java:61) MinaConstant.UNITE_TODO_SUBMIT buffer getHexDump:  
[WARN] 2014-09-25-10:11:58 com.mocha.unitcode.mina.pdu.MinaPDUParser.createPDUFromBuffer(MinaPDUParser.java:51) MinaConstant.UNITE_TODO_SUBMIT Header: 3 
[WARN] 2014-09-25-10:11:58 com.mocha.unitcode.mina.pdu.MinaPDUParser.createPDUFromBuffer(MinaPDUParser.java:57) MinaConstant.UNITE_TODO_SUBMIT getCommandLength: 3073 
[INFO] 2014-09-25-10:11:58 com.mocha.unitcode.mina.pdu.SubmitTodoEntity.setBody(SubmitTodoEntity.java:107) ==setBody=====msgId===========[B@1581593 
[INFO] 2014-09-25-10:11:58 com.mocha.unitcode.mina.pdu.SubmitTodoEntity.setBody(SubmitTodoEntity.java:120) ===setBody====msgFormat===========10 
[INFO] 2014-09-25-10:11:58 com.mocha.unitcode.mina.pdu.SubmitTodoEntity.setBody(SubmitTodoEntity.java:124) ===setBody====classLength===========39 
[INFO] 2014-09-25-10:11:58 com.mocha.unitcode.mina.pdu.SubmitTodoEntity.setBody(SubmitTodoEntity.java:128) ===setBody====signbyte===========-38 
[INFO] 2014-09-25-10:11:58 com.mocha.unitcode.mina.pdu.SubmitTodoEntity.setBody(SubmitTodoEntity.java:131) ==setBody=====msgLength===========2994 
[WARN] 2014-09-25-10:11:58 com.mocha.unitcode.mina.pdu.MinaPDUParser.createPDUFromBuffer(MinaPDUParser.java:61) MinaConstant.UNITE_TODO_SUBMIT buffer getHexDump:  
[WARN] 2014-09-25-10:11:58 com.mocha.unitcode.mina.pdu.MinaPDUParser.createPDUFromBuffer(MinaPDUParser.java:51) MinaConstant.UNITE_TODO_SUBMIT Header: 3 
[WARN] 2014-09-25-10:11:58 com.mocha.unitcode.mina.pdu.MinaPDUParser.createPDUFromBuffer(MinaPDUParser.java:57) MinaConstant.UNITE_TODO_SUBMIT getCommandLength: 3073 
[INFO] 2014-09-25-10:11:58 com.mocha.unitcode.mina.pdu.SubmitTodoEntity.setBody(SubmitTodoEntity.java:107) ==setBody=====msgId===========[B@16f0be8 
[INFO] 2014-09-25-10:11:58 com.mocha.unitcode.mina.pdu.SubmitTodoEntity.setBody(SubmitTodoEntity.java:120) ===setBody====msgFormat===========10 
[INFO] 2014-09-25-10:11:58 com.mocha.unitcode.mina.pdu.SubmitTodoEntity.setBody(SubmitTodoEntity.java:124) ===setBody====classLength===========39 
[INFO] 2014-09-25-10:11:58 com.mocha.unitcode.mina.pdu.SubmitTodoEntity.setBody(SubmitTodoEntity.java:128) ===setBody====signbyte===========-38 
[INFO] 2014-09-25-10:11:58 com.mocha.unitcode.mina.pdu.SubmitTodoEntity.setBody(SubmitTodoEntity.java:131) ==setBody=====msgLength===========2994 
[WARN] 2014-09-25-10:11:58 com.mocha.unitcode.mina.pdu.MinaPDUParser.createPDUFromBuffer(MinaPDUParser.java:61) MinaConstant.UNITE_TODO_SUBMIT buffer getHexDump:  
[WARN] 2014-09-25-10:11:58 com.mocha.unitcode.mina.pdu.MinaPDUParser.createPDUFromBuffer(MinaPDUParser.java:51) MinaConstant.UNITE_TODO_SUBMIT Header: 3 
[WARN] 2014-09-25-10:11:58 com.mocha.unitcode.mina.pdu.MinaPDUParser.createPDUFromBuffer(MinaPDUParser.java:57) MinaConstant.UNITE_TODO_SUBMIT getCommandLength: 3073 
[INFO] 2014-09-25-10:11:58 com.mocha.unitcode.mina.pdu.SubmitTodoEntity.setBody(SubmitTodoEntity.java:107) ==setBody=====msgId===========[B@1113622 
[INFO] 2014-09-25-10:11:58 com.mocha.unitcode.mina.pdu.SubmitTodoEntity.setBody(SubmitTodoEntity.java:120) ===setBody====msgFormat===========10 
[INFO] 2014-09-25-10:11:58 com.mocha.unitcode.mina.pdu.SubmitTodoEntity.setBody(SubmitTodoEntity.java:124) ===setBody====classLength===========39 
[INFO] 2014-09-25-10:11:58 com.mocha.unitcode.mina.pdu.SubmitTodoEntity.setBody(SubmitTodoEntity.java:128) ===setBody====signbyte===========-38 
[INFO] 2014-09-25-10:11:58 com.mocha.unitcode.mina.pdu.SubmitTodoEntity.setBody(SubmitTodoEntity.java:131) ==setBody=====msgLength===========2994 
[WARN] 2014-09-25-10:11:58 com.mocha.unitcode.mina.pdu.MinaPDUParser.createPDUFromBuffer(MinaPDUParser.java:61) MinaConstant.UNITE_TODO_SUBMIT buffer getHexDump:  
[WARN] 2014-09-25-10:11:58 com.mocha.unitcode.mina.server.handler.MinaIoHandler.messageReceived(MinaIoHandler.java:178) MinaConstant.UNITE_TODO_SUBMIT Header: 3 
[INFO] 2014-09-25-10:11:58 com.mocha.unitcode.mina.server.handler.MinaIoHandler.addQueue(MinaIoHandler.java:261) == addQueue====添加队列信息=========== 
[INFO] 2014-09-25-10:11:58 com.mocha.unitcode.mina.server.handler.MinaIoHandler.addQueue(MinaIoHandler.java:269) == addQueue==tem.TODO_TYPE_SINGLE==单条=========== 
[INFO] 2014-09-25-10:11:58 com.mocha.unitcode.mina.server.handler.MinaIoHandler.messageReceived(MinaIoHandler.java:199) ====UNITE_TODO_SUBMIT=======getMsgFormat=============10 
[INFO] 2014-09-25-10:11:58 com.mocha.unitcode.mina.server.handler.MinaIoHandler.messageReceived(MinaIoHandler.java:202) =====UNITE_TODO_SUBMIT======getEncoding=============UTF-8 
[WARN] 2014-09-25-10:11:58 com.mocha.unitcode.mina.server.handler.MinaIoHandler.messageReceived(MinaIoHandler.java:178) MinaConstant.UNITE_TODO_SUBMIT Header: 3 
[INFO] 2014-09-25-10:11:58 com.mocha.unitcode.mina.server.handler.MinaIoHandler.addQueue(MinaIoHandler.java:261) == addQueue====添加队列信息=========== 
[INFO] 2014-09-25-10:11:58 com.mocha.unitcode.mina.server.handler.MinaIoHandler.addQueue(MinaIoHandler.java:269) == addQueue==tem.TODO_TYPE_SINGLE==单条=========== 
[INFO] 2014-09-25-10:11:58 com.mocha.unitcode.mina.server.handler.MinaIoHandler.messageReceived(MinaIoHandler.java:199) ====UNITE_TODO_SUBMIT=======getMsgFormat=============10 
[INFO] 2014-09-25-10:11:58 com.mocha.unitcode.mina.server.handler.MinaIoHandler.messageReceived(MinaIoHandler.java:202) =====UNITE_TODO_SUBMIT======getEncoding=============UTF-8 
[WARN] 2014-09-25-10:11:58 com.mocha.unitcode.mina.server.handler.MinaIoHandler.messageReceived(MinaIoHandler.java:178) MinaConstant.UNITE_TODO_SUBMIT Header: 3 
[INFO] 2014-09-25-10:11:58 com.mocha.unitcode.mina.server.handler.MinaIoHandler.addQueue(MinaIoHandler.java:261) == addQueue====添加队列信息=========== 
[INFO] 2014-09-25-10:11:58 com.mocha.unitcode.mina.server.handler.MinaIoHandler.addQueue(MinaIoHandler.java:269) == addQueue==tem.TODO_TYPE_SINGLE==单条=========== 
[INFO] 2014-09-25-10:11:58 com.mocha.unitcode.mina.server.handler.MinaIoHandler.messageReceived(MinaIoHandler.java:199) ====UNITE_TODO_SUBMIT=======getMsgFormat=============10 
[INFO] 2014-09-25-10:11:58 com.mocha.unitcode.mina.server.handler.MinaIoHandler.messageReceived(MinaIoHandler.java:202) =====UNITE_TODO_SUBMIT======getEncoding=============UTF-8 
[WARN] 2014-09-25-10:11:58 com.mocha.unitcode.mina.server.handler.MinaIoHandler.messageReceived(MinaIoHandler.java:178) MinaConstant.UNITE_TODO_SUBMIT Header: 3 
[INFO] 2014-09-25-10:11:58 com.mocha.unitcode.mina.server.handler.MinaIoHandler.addQueue(MinaIoHandler.java:261) == addQueue====添加队列信息=========== 
[INFO] 2014-09-25-10:11:58 com.mocha.unitcode.mina.server.handler.MinaIoHandler.addQueue(MinaIoHandler.java:269) == addQueue==tem.TODO_TYPE_SINGLE==单条=========== 
[INFO] 2014-09-25-10:11:58 com.mocha.unitcode.mina.server.handler.MinaIoHandler.messageReceived(MinaIoHandler.java:199) ====UNITE_TODO_SUBMIT=======getMsgFormat=============10 
[INFO] 2014-09-25-10:11:58 com.mocha.unitcode.mina.server.handler.MinaIoHandler.messageReceived(MinaIoHandler.java:202) =====UNITE_TODO_SUBMIT======getEncoding=============UTF-8 
[WARN] 2014-09-25-10:11:58 com.mocha.unitcode.mina.server.handler.MinaIoHandler.messageReceived(MinaIoHandler.java:178) MinaConstant.UNITE_TODO_SUBMIT Header: 3 
[INFO] 2014-09-25-10:11:58 com.mocha.unitcode.mina.server.handler.MinaIoHandler.addQueue(MinaIoHandler.java:261) == addQueue====添加队列信息=========== 
[INFO] 2014-09-25-10:11:58 com.mocha.unitcode.mina.server.handler.MinaIoHandler.addQueue(MinaIoHandler.java:269) == addQueue==tem.TODO_TYPE_SINGLE==单条=========== 
[INFO] 2014-09-25-10:11:58 com.mocha.unitcode.mina.server.handler.MinaIoHandler.messageReceived(MinaIoHandler.java:199) ====UNITE_TODO_SUBMIT=======getMsgFormat=============10 
[INFO] 2014-09-25-10:11:58 com.mocha.unitcode.mina.server.handler.MinaIoHandler.messageReceived(MinaIoHandler.java:202) =====UNITE_TODO_SUBMIT======getEncoding=============UTF-8 
[WARN] 2014-09-25-10:11:58 com.mocha.unitcode.mina.server.handler.MinaIoHandler.messageReceived(MinaIoHandler.java:178) MinaConstant.UNITE_TODO_SUBMIT Header: 3 
[INFO] 2014-09-25-10:11:58 com.mocha.unitcode.mina.server.handler.MinaIoHandler.addQueue(MinaIoHandler.java:261) == addQueue====添加队列信息=========== 
[INFO] 2014-09-25-10:11:58 com.mocha.unitcode.mina.server.handler.MinaIoHandler.addQueue(MinaIoHandler.java:269) == addQueue==tem.TODO_TYPE_SINGLE==单条=========== 
[INFO] 2014-09-25-10:11:58 com.mocha.unitcode.mina.server.handler.MinaIoHandler.messageReceived(MinaIoHandler.java:199) ====UNITE_TODO_SUBMIT=======getMsgFormat=============10 
[INFO] 2014-09-25-10:11:58 com.mocha.unitcode.mina.server.handler.MinaIoHandler.messageReceived(MinaIoHandler.java:202) =====UNITE_TODO_SUBMIT======getEncoding=============UTF-8 
[WARN] 2014-09-25-10:11:58 com.mocha.unitcode.mina.server.handler.MinaIoHandler.messageReceived(MinaIoHandler.java:178) MinaConstant.UNITE_TODO_SUBMIT Header: 3 
[INFO] 2014-09-25-10:11:58 com.mocha.unitcode.mina.server.handler.MinaIoHandler.addQueue(MinaIoHandler.java:261) == addQueue====添加队列信息=========== 
[INFO] 2014-09-25-10:11:58 com.mocha.unitcode.mina.server.handler.MinaIoHandler.addQueue(MinaIoHandler.java:269) == addQueue==tem.TODO_TYPE_SINGLE==单条=========== 
[INFO] 2014-09-25-10:11:58 com.mocha.unitcode.mina.server.handler.MinaIoHandler.messageReceived(MinaIoHandler.java:199) ====UNITE_TODO_SUBMIT=======getMsgFormat=============10 
[INFO] 2014-09-25-10:11:58 com.mocha.unitcode.mina.server.handler.MinaIoHandler.messageReceived(MinaIoHandler.java:202) =====UNITE_TODO_SUBMIT======getEncoding=============UTF-8 
[WARN] 2014-09-25-10:11:58 com.mocha.unitcode.mina.server.handler.MinaIoHandler.messageReceived(MinaIoHandler.java:178) MinaConstant.UNITE_TODO_SUBMIT Header: 3 
[INFO] 2014-09-25-10:11:58 com.mocha.unitcode.mina.server.handler.MinaIoHandler.addQueue(MinaIoHandler.java:261) == addQueue====添加队列信息=========== 
[INFO] 2014-09-25-10:11:58 com.mocha.unitcode.mina.server.handler.MinaIoHandler.addQueue(MinaIoHandler.java:269) == addQueue==tem.TODO_TYPE_SINGLE==单条=========== 
[INFO] 2014-09-25-10:11:58 com.mocha.unitcode.mina.server.handler.MinaIoHandler.messageReceived(MinaIoHandler.java:199) ====UNITE_TODO_SUBMIT=======getMsgFormat=============10 
[INFO] 2014-09-25-10:11:58 com.mocha.unitcode.mina.server.handler.MinaIoHandler.messageReceived(MinaIoHandler.java:202) =====UNITE_TODO_SUBMIT======getEncoding=============UTF-8 
[WARN] 2014-09-25-10:11:58 com.mocha.unitcode.mina.server.handler.MinaIoHandler.messageReceived(MinaIoHandler.java:178) MinaConstant.UNITE_TODO_SUBMIT Header: 3 
[INFO] 2014-09-25-10:11:58 com.mocha.unitcode.mina.server.handler.MinaIoHandler.addQueue(MinaIoHandler.java:261) == addQueue====添加队列信息=========== 
[INFO] 2014-09-25-10:11:58 com.mocha.unitcode.mina.server.handler.MinaIoHandler.addQueue(MinaIoHandler.java:269) == addQueue==tem.TODO_TYPE_SINGLE==单条=========== 
[INFO] 2014-09-25-10:11:58 com.mocha.unitcode.mina.server.handler.MinaIoHandler.messageReceived(MinaIoHandler.java:199) ====UNITE_TODO_SUBMIT=======getMsgFormat=============10 
[INFO] 2014-09-25-10:11:58 com.mocha.unitcode.mina.server.handler.MinaIoHandler.messageReceived(MinaIoHandler.java:202) =====UNITE_TODO_SUBMIT======getEncoding=============UTF-8 
[WARN] 2014-09-25-10:11:58 com.mocha.unitcode.mina.server.handler.MinaIoHandler.messageReceived(MinaIoHandler.java:178) MinaConstant.UNITE_TODO_SUBMIT Header: 3 
[INFO] 2014-09-25-10:11:58 com.mocha.unitcode.mina.server.handler.MinaIoHandler.addQueue(MinaIoHandler.java:261) == addQueue====添加队列信息=========== 
[INFO] 2014-09-25-10:11:58 com.mocha.unitcode.mina.server.handler.MinaIoHandler.addQueue(MinaIoHandler.java:269) == addQueue==tem.TODO_TYPE_SINGLE==单条=========== 
[INFO] 2014-09-25-10:11:58 com.mocha.unitcode.mina.server.handler.MinaIoHandler.messageReceived(MinaIoHandler.java:199) ====UNITE_TODO_SUBMIT=======getMsgFormat=============10 
[INFO] 2014-09-25-10:11:58 com.mocha.unitcode.mina.server.handler.MinaIoHandler.messageReceived(MinaIoHandler.java:202) =====UNITE_TODO_SUBMIT======getEncoding=============UTF-8 
[WARN] 2014-09-25-10:33:39 com.mocha.unitcode.mina.pdu.MinaPDUParser.createPDUFromBuffer(MinaPDUParser.java:51) MinaConstant.UNITE_TODO_SUBMIT Header: 3 
[WARN] 2014-09-25-10:33:39 com.mocha.unitcode.mina.pdu.MinaPDUParser.createPDUFromBuffer(MinaPDUParser.java:57) MinaConstant.UNITE_TODO_SUBMIT getCommandLength: 3073 
[INFO] 2014-09-25-10:33:39 com.mocha.unitcode.mina.pdu.SubmitTodoEntity.setBody(SubmitTodoEntity.java:107) ==setBody=====msgId===========[B@5a9de6 
[INFO] 2014-09-25-10:33:39 com.mocha.unitcode.mina.pdu.SubmitTodoEntity.setBody(SubmitTodoEntity.java:120) ===setBody====msgFormat===========10 
[INFO] 2014-09-25-10:33:39 com.mocha.unitcode.mina.pdu.SubmitTodoEntity.setBody(SubmitTodoEntity.java:124) ===setBody====classLength===========39 
[INFO] 2014-09-25-10:33:39 com.mocha.unitcode.mina.pdu.SubmitTodoEntity.setBody(SubmitTodoEntity.java:128) ===setBody====signbyte===========-38 
[INFO] 2014-09-25-10:33:39 com.mocha.unitcode.mina.pdu.SubmitTodoEntity.setBody(SubmitTodoEntity.java:131) ==setBody=====msgLength===========2994 
[WARN] 2014-09-25-10:33:39 com.mocha.unitcode.mina.pdu.MinaPDUParser.createPDUFromBuffer(MinaPDUParser.java:61) MinaConstant.UNITE_TODO_SUBMIT buffer getHexDump:  
[WARN] 2014-09-25-10:33:39 com.mocha.unitcode.mina.server.handler.MinaIoHandler.messageReceived(MinaIoHandler.java:179) MinaConstant.UNITE_TODO_SUBMIT Header: 3 
[INFO] 2014-09-25-10:33:39 com.mocha.unitcode.mina.server.handler.MinaIoHandler.addQueue(MinaIoHandler.java:261) == addQueue====添加队列信息=========== 
[INFO] 2014-09-25-10:33:39 com.mocha.unitcode.mina.server.handler.MinaIoHandler.addQueue(MinaIoHandler.java:270) == addQueue==tem.TODO_TYPE_SINGLE==单条=========== 
[INFO] 2014-09-25-10:33:39 com.mocha.unitcode.mina.server.handler.MinaIoHandler.messageReceived(MinaIoHandler.java:200) ====UNITE_TODO_SUBMIT=======getMsgFormat=============10 
[INFO] 2014-09-25-10:33:39 com.mocha.unitcode.mina.server.handler.MinaIoHandler.messageReceived(MinaIoHandler.java:203) =====UNITE_TODO_SUBMIT======getEncoding=============UTF-8 
[WARN] 2014-09-25-10:47:50 com.mocha.unitcode.mina.pdu.MinaPDUParser.createPDUFromBuffer(MinaPDUParser.java:51) MinaConstant.UNITE_TODO_SUBMIT Header: 3 
[WARN] 2014-09-25-10:47:50 com.mocha.unitcode.mina.pdu.MinaPDUParser.createPDUFromBuffer(MinaPDUParser.java:57) MinaConstant.UNITE_TODO_SUBMIT getCommandLength: 30170 
[INFO] 2014-09-25-10:47:50 com.mocha.unitcode.mina.pdu.SubmitTodoEntity.setBody(SubmitTodoEntity.java:107) ==setBody=====msgId===========[B@961dff 
[INFO] 2014-09-25-10:47:50 com.mocha.unitcode.mina.pdu.SubmitTodoEntity.setBody(SubmitTodoEntity.java:120) ===setBody====msgFormat===========10 
[INFO] 2014-09-25-10:47:50 com.mocha.unitcode.mina.pdu.SubmitTodoEntity.setBody(SubmitTodoEntity.java:124) ===setBody====classLength===========39 
[INFO] 2014-09-25-10:47:50 com.mocha.unitcode.mina.pdu.SubmitTodoEntity.setBody(SubmitTodoEntity.java:128) ===setBody====signbyte===========-77 
[INFO] 2014-09-25-10:47:50 com.mocha.unitcode.mina.pdu.SubmitTodoEntity.setBody(SubmitTodoEntity.java:131) ==setBody=====msgLength===========30091 
[WARN] 2014-09-25-10:47:50 com.mocha.unitcode.mina.pdu.MinaPDUParser.createPDUFromBuffer(MinaPDUParser.java:61) MinaConstant.UNITE_TODO_SUBMIT buffer getHexDump:  
[WARN] 2014-09-25-10:47:50 com.mocha.unitcode.mina.server.handler.MinaIoHandler.messageReceived(MinaIoHandler.java:179) MinaConstant.UNITE_TODO_SUBMIT Header: 3 
[INFO] 2014-09-25-10:47:50 com.mocha.unitcode.mina.server.handler.MinaIoHandler.addQueue(MinaIoHandler.java:261) == addQueue====添加队列信息=========== 
[INFO] 2014-09-25-10:47:50 com.mocha.unitcode.mina.server.handler.MinaIoHandler.addQueue(MinaIoHandler.java:295) == addQueue==tem.TODO_TYPE_SINGLE==批量=========== 
[INFO] 2014-09-25-10:47:50 com.mocha.unitcode.mina.server.handler.MinaIoHandler.addQueue(MinaIoHandler.java:300) == addQueue==tem.TODO_TYPE_SINGLE==批量======object=====com.mocha.tydb_common.entity.TodoEntity@ac6a45 
[INFO] 2014-09-25-10:47:50 com.mocha.unitcode.mina.server.handler.MinaIoHandler.addQueue(MinaIoHandler.java:304) == addQueue==tem.TODO_TYPE_SINGLE==批量======object=====com.mocha.tydb_common.entity.TodoEntity@ac6a45 
[INFO] 2014-09-25-10:47:50 com.mocha.unitcode.mina.server.handler.MinaIoHandler.addQueue(MinaIoHandler.java:307) == addQueue==tem.TODO_TYPE_SINGLE==批量======todoEntity=====[com.mocha.tydb_common.entity.TodoEntity@175078b, com.mocha.tydb_common.entity.TodoEntity@42552c, com.mocha.tydb_common.entity.TodoEntity@e5bbd6, com.mocha.tydb_common.entity.TodoEntity@8ee016, com.mocha.tydb_common.entity.TodoEntity@19e15c, com.mocha.tydb_common.entity.TodoEntity@11a75a2, com.mocha.tydb_common.entity.TodoEntity@210b5b, com.mocha.tydb_common.entity.TodoEntity@170888e, com.mocha.tydb_common.entity.TodoEntity@11563ff, com.mocha.tydb_common.entity.TodoEntity@1581593] 
[INFO] 2014-09-25-10:47:50 com.mocha.unitcode.mina.server.handler.MinaIoHandler.addQueue(MinaIoHandler.java:311) == addQueue==UNITE_TODO_SUBMIT===object instanceof TodoEntity ====(list.size()=============10 =====999========LLLLLLLLLLLLLLLLLL“改革开放胆子要大一些，敢于试验，不能像小脚女人一样。看准了的，就大胆地试，大胆地闯。”“走不出一条新路，就干不出新的事业。”“现在问题相当多，要解决，没有一股劲不行。要敢字当头，横下一条心。”“改革开放中许许多多的东西，都是群众在实践中提出来的”，“绝不是一个人脑筋就可以钻出什么新东西来”，“这是群众的智慧，集体的智慧”。昔日邓小平关于改革的形象描述再次被提及，今天听来依然振聋发聩。虽然没有直接提及具体改革主张，但习近平在讲话中共有18次提到“改革开放”，分别伴随邓小平历史功绩和六大遗产字里行间。中共中央党校报刊社社长谢春涛告诉中新社记者，邓小平领导中国人民改革开放的成绩举世瞩目，他所说的“改革是中国的第二次革命”，领导中共有步骤地展开各方面体制改革，勇敢打开对外开放的大门，奠定了今天中国深化改革的基础。今天中共如此高规格缅怀邓小平的伟大功绩，本身就意味虽然没有直接提及具体改革主张，但习近平在讲话中共有18次提到“改革开放”，分别伴随邓小平历史功绩和六大遗产字里行间。中共中央党校报刊社社长谢春涛告诉中新社记者，邓小平领导中国人民改革开放的成绩举世瞩目，他所说的“改革是中国的第二次革命”，领导中共有步骤地展开各方面体制改革，勇敢打开对外开放的大门，奠定了今天中国深化改革的基础。今天中共如此高规格缅怀邓小平的伟大功绩，本身就意味着以时不我待的精神将改革开放、实现社会主义现代化、实现中华民族伟大复兴的伟大事业推向前进。虽然没有直接提及具体改革主张，但习近平在讲话中共有18次提到“改革开放”，分别伴随邓小平历史功绩和六大遗产字里行间。中共中央党校报刊社社长谢春涛告诉中新社记者，邓小平领导中国人民改革开放的成绩举世瞩目，他所说的“改革是中国的第二次革命”，领导中共有步骤地展开各方面体制改革，勇敢打开对外开放的大门，奠定了今天中国深化改革的基础。今天中共如此高规格缅怀邓小平的伟大功绩，本身就意味着以时不我待的精神将改革开放、实现社会主义现代化、实现中华民族伟大复兴的伟大事业推向前进。着以时不我待的精神将改革开放、实现社会主义现代化、实现中华民族伟大复兴的伟大事业推向前进。LLLLLLLLlllllllasdlllllllllljjjjjjjjjjjjjjjjjjjjjjjjjjjjjjjjjjjjjjjjjjjjjjjjjjjjjjjjjjjjjjjjjjjjjjjjjjjjjjjjjjjjjjjjjjjjjjjjjjjjjjjjjjjjjjjjjjjjjjjjjjjjjjjjjjjjjjjjjjjjjjjjjjjjjjjjjjjjjjjjjjllllllllllllllllllllllll 
[INFO] 2014-09-25-10:47:50 com.mocha.unitcode.mina.server.handler.MinaIoHandler.messageReceived(MinaIoHandler.java:200) ====UNITE_TODO_SUBMIT=======getMsgFormat=============10 
[INFO] 2014-09-25-10:47:50 com.mocha.unitcode.mina.server.handler.MinaIoHandler.messageReceived(MinaIoHandler.java:203) =====UNITE_TODO_SUBMIT======getEncoding=============UTF-8 
[INFO] 2014-09-25-14:22:38 com.mocha.unitcode.mina.code.MinaObject.submit(MinaObject.java:57) ---------submit--------------MinaConstant.UNITE_TODO_SUBMIT ------------------------ 
[INFO] 2014-09-25-14:22:38 com.mocha.unitcode.mina.code.MinaObject.submit(MinaObject.java:62) MinaConstant.UNITE_TODO_SUBMIT getCommandLength: 30170 
[INFO] 2014-09-25-14:22:38 com.mocha.unitcode.mina.pdu.SubmitTodoEntity.setBody(SubmitTodoEntity.java:107) ==setBody=====msgId===========[B@698403 
[INFO] 2014-09-25-14:22:38 com.mocha.unitcode.mina.pdu.SubmitTodoEntity.setBody(SubmitTodoEntity.java:120) ===setBody====msgFormat===========10 
[INFO] 2014-09-25-14:22:38 com.mocha.unitcode.mina.pdu.SubmitTodoEntity.setBody(SubmitTodoEntity.java:124) ===setBody====classLength===========39 
[INFO] 2014-09-25-14:22:38 com.mocha.unitcode.mina.pdu.SubmitTodoEntity.setBody(SubmitTodoEntity.java:128) ===setBody====signbyte===========-77 
[INFO] 2014-09-25-14:22:38 com.mocha.unitcode.mina.pdu.SubmitTodoEntity.setBody(SubmitTodoEntity.java:131) ==setBody=====msgLength===========30091 
[INFO] 2014-09-25-14:22:38 com.mocha.unitcode.mina.code.MinaObject.submit(MinaObject.java:65) MinaConstant.UNITE_TODO_SUBMIT buffer getHexDump:  
[WARN] 2014-09-25-14:22:38 com.mocha.unitcode.mina.server.handler.MinaIoHandler.messageReceived(MinaIoHandler.java:179) MinaConstant.UNITE_TODO_SUBMIT Header: 3 
[INFO] 2014-09-25-14:22:38 com.mocha.unitcode.mina.server.handler.MinaIoHandler.addQueue(MinaIoHandler.java:291) == addQueue====添加队列信息=========== 
[INFO] 2014-09-25-14:33:16 com.mocha.unitcode.mina.code.MinaObject.submit(MinaObject.java:57) ---------submit--------------MinaConstant.UNITE_TODO_SUBMIT ------------------------ 
[INFO] 2014-09-25-14:33:16 com.mocha.unitcode.mina.code.MinaObject.submit(MinaObject.java:62) MinaConstant.UNITE_TODO_SUBMIT getCommandLength: 30170 
[INFO] 2014-09-25-14:33:16 com.mocha.unitcode.mina.pdu.SubmitTodoEntity.setBody(SubmitTodoEntity.java:107) ==setBody=====msgId===========[B@1dfc547 
[INFO] 2014-09-25-14:33:16 com.mocha.unitcode.mina.pdu.SubmitTodoEntity.setBody(SubmitTodoEntity.java:120) ===setBody====msgFormat===========10 
[INFO] 2014-09-25-14:33:16 com.mocha.unitcode.mina.pdu.SubmitTodoEntity.setBody(SubmitTodoEntity.java:124) ===setBody====classLength===========39 
[INFO] 2014-09-25-14:33:16 com.mocha.unitcode.mina.pdu.SubmitTodoEntity.setBody(SubmitTodoEntity.java:128) ===setBody====signbyte===========-77 
[INFO] 2014-09-25-14:33:16 com.mocha.unitcode.mina.pdu.SubmitTodoEntity.setBody(SubmitTodoEntity.java:131) ==setBody=====msgLength===========30091 
[INFO] 2014-09-25-14:33:16 com.mocha.unitcode.mina.code.MinaObject.submit(MinaObject.java:65) MinaConstant.UNITE_TODO_SUBMIT buffer getHexDump:  
[WARN] 2014-09-25-14:33:16 com.mocha.unitcode.mina.server.handler.MinaIoHandler.messageReceived(MinaIoHandler.java:179) MinaConstant.UNITE_TODO_SUBMIT Header: 3 
[INFO] 2014-09-25-14:33:16 com.mocha.unitcode.mina.server.handler.MinaIoHandler.addQueue(MinaIoHandler.java:291) == addQueue====添加队列信息=========== 
[INFO] 2014-09-25-14:33:16 com.mocha.unitcode.mina.server.handler.MinaIoHandler.addQueue(MinaIoHandler.java:325) == addQueue==tem.TODO_TYPE_SINGLE==批量=========== 
[INFO] 2014-09-25-14:33:16 com.mocha.unitcode.mina.server.handler.MinaIoHandler.addQueue(MinaIoHandler.java:330) == addQueue==tem.TODO_TYPE_SINGLE==批量======object=====com.mocha.tydb_common.entity.TodoEntity@5e55ab 
[INFO] 2014-09-25-14:33:16 com.mocha.unitcode.mina.server.handler.MinaIoHandler.addQueue(MinaIoHandler.java:334) == addQueue==tem.TODO_TYPE_SINGLE==批量======object=====com.mocha.tydb_common.entity.TodoEntity@5e55ab 
[INFO] 2014-09-25-14:33:16 com.mocha.unitcode.mina.server.handler.MinaIoHandler.addQueue(MinaIoHandler.java:337) == addQueue==tem.TODO_TYPE_SINGLE==批量======todoEntity=====[com.mocha.tydb_common.entity.TodoEntity@14a55f2, com.mocha.tydb_common.entity.TodoEntity@15093f1, com.mocha.tydb_common.entity.TodoEntity@120bf2c, com.mocha.tydb_common.entity.TodoEntity@e6f7d2, com.mocha.tydb_common.entity.TodoEntity@19836ed, com.mocha.tydb_common.entity.TodoEntity@3e0ebb, com.mocha.tydb_common.entity.TodoEntity@39443f, com.mocha.tydb_common.entity.TodoEntity@1afae45, com.mocha.tydb_common.entity.TodoEntity@da4b71, com.mocha.tydb_common.entity.TodoEntity@18f1d7e] 
[INFO] 2014-09-25-14:33:16 com.mocha.unitcode.mina.server.handler.MinaIoHandler.addQueue(MinaIoHandler.java:342) == addQueue==UNITE_TODO_SUBMIT===object instanceof TodoEntity ====(list.size()=============10 =====999========LLLLLLLLLLLLLLLLLL“改革开放胆子要大一些，敢于试验，不能像小脚女人一样。看准了的，就大胆地试，大胆地闯。”“走不出一条新路，就干不出新的事业。”“现在问题相当多，要解决，没有一股劲不行。要敢字当头，横下一条心。”“改革开放中许许多多的东西，都是群众在实践中提出来的”，“绝不是一个人脑筋就可以钻出什么新东西来”，“这是群众的智慧，集体的智慧”。昔日邓小平关于改革的形象描述再次被提及，今天听来依然振聋发聩。虽然没有直接提及具体改革主张，但习近平在讲话中共有18次提到“改革开放”，分别伴随邓小平历史功绩和六大遗产字里行间。中共中央党校报刊社社长谢春涛告诉中新社记者，邓小平领导中国人民改革开放的成绩举世瞩目，他所说的“改革是中国的第二次革命”，领导中共有步骤地展开各方面体制改革，勇敢打开对外开放的大门，奠定了今天中国深化改革的基础。今天中共如此高规格缅怀邓小平的伟大功绩，本身就意味虽然没有直接提及具体改革主张，但习近平在讲话中共有18次提到“改革开放”，分别伴随邓小平历史功绩和六大遗产字里行间。中共中央党校报刊社社长谢春涛告诉中新社记者，邓小平领导中国人民改革开放的成绩举世瞩目，他所说的“改革是中国的第二次革命”，领导中共有步骤地展开各方面体制改革，勇敢打开对外开放的大门，奠定了今天中国深化改革的基础。今天中共如此高规格缅怀邓小平的伟大功绩，本身就意味着以时不我待的精神将改革开放、实现社会主义现代化、实现中华民族伟大复兴的伟大事业推向前进。虽然没有直接提及具体改革主张，但习近平在讲话中共有18次提到“改革开放”，分别伴随邓小平历史功绩和六大遗产字里行间。中共中央党校报刊社社长谢春涛告诉中新社记者，邓小平领导中国人民改革开放的成绩举世瞩目，他所说的“改革是中国的第二次革命”，领导中共有步骤地展开各方面体制改革，勇敢打开对外开放的大门，奠定了今天中国深化改革的基础。今天中共如此高规格缅怀邓小平的伟大功绩，本身就意味着以时不我待的精神将改革开放、实现社会主义现代化、实现中华民族伟大复兴的伟大事业推向前进。着以时不我待的精神将改革开放、实现社会主义现代化、实现中华民族伟大复兴的伟大事业推向前进。LLLLLLLLlllllllasdlllllllllljjjjjjjjjjjjjjjjjjjjjjjjjjjjjjjjjjjjjjjjjjjjjjjjjjjjjjjjjjjjjjjjjjjjjjjjjjjjjjjjjjjjjjjjjjjjjjjjjjjjjjjjjjjjjjjjjjjjjjjjjjjjjjjjjjjjjjjjjjjjjjjjjjjjjjjjjjjjjjjjjjllllllllllllllllllllllll 
[INFO] 2014-09-25-14:33:16 com.mocha.unitcode.mina.server.handler.MinaIoHandler.messageReceived(MinaIoHandler.java:200) ====UNITE_TODO_SUBMIT=======getMsgFormat=============10 
[INFO] 2014-09-25-14:33:16 com.mocha.unitcode.mina.server.handler.MinaIoHandler.messageReceived(MinaIoHandler.java:203) =====UNITE_TODO_SUBMIT======getEncoding=============UTF-8 
[INFO] 2014-09-25-14:45:37 com.mocha.unitcode.mina.code.MinaObject.submit(MinaObject.java:57) ---------submit--------------MinaConstant.UNITE_TODO_SUBMIT ------------------------ 
[INFO] 2014-09-25-14:45:37 com.mocha.unitcode.mina.code.MinaObject.submit(MinaObject.java:62) MinaConstant.UNITE_TODO_SUBMIT getCommandLength: 30170 
[INFO] 2014-09-25-14:45:37 com.mocha.unitcode.mina.pdu.SubmitTodoEntity.setBody(SubmitTodoEntity.java:107) ==setBody=====msgId===========[B@10f6d3 
[INFO] 2014-09-25-14:45:37 com.mocha.unitcode.mina.pdu.SubmitTodoEntity.setBody(SubmitTodoEntity.java:120) ===setBody====msgFormat===========10 
[INFO] 2014-09-25-14:45:37 com.mocha.unitcode.mina.pdu.SubmitTodoEntity.setBody(SubmitTodoEntity.java:124) ===setBody====classLength===========39 
[INFO] 2014-09-25-14:45:37 com.mocha.unitcode.mina.pdu.SubmitTodoEntity.setBody(SubmitTodoEntity.java:128) ===setBody====signbyte===========-77 
[INFO] 2014-09-25-14:45:37 com.mocha.unitcode.mina.pdu.SubmitTodoEntity.setBody(SubmitTodoEntity.java:131) ==setBody=====msgLength===========30091 
[INFO] 2014-09-25-14:45:37 com.mocha.unitcode.mina.code.MinaObject.submit(MinaObject.java:65) MinaConstant.UNITE_TODO_SUBMIT buffer getHexDump:  
[WARN] 2014-09-25-14:45:37 com.mocha.unitcode.mina.server.handler.MinaIoHandler.messageReceived(MinaIoHandler.java:179) MinaConstant.UNITE_TODO_SUBMIT Header: 3 
[INFO] 2014-09-25-14:45:37 com.mocha.unitcode.mina.server.handler.MinaIoHandler.addQueue(MinaIoHandler.java:291) == addQueue====添加队列信息=========== 
[INFO] 2014-09-25-14:45:37 com.mocha.unitcode.mina.server.handler.MinaIoHandler.addQueue(MinaIoHandler.java:325) == addQueue==tem.TODO_TYPE_SINGLE==批量=========== 
[INFO] 2014-09-25-14:45:37 com.mocha.unitcode.mina.server.handler.MinaIoHandler.addQueue(MinaIoHandler.java:330) == addQueue==tem.TODO_TYPE_SINGLE==批量======object=====com.mocha.tydb_common.entity.TodoEntity@14a55f2 
[INFO] 2014-09-25-14:45:37 com.mocha.unitcode.mina.server.handler.MinaIoHandler.addQueue(MinaIoHandler.java:334) == addQueue==tem.TODO_TYPE_SINGLE==批量======object=====com.mocha.tydb_common.entity.TodoEntity@14a55f2 
[INFO] 2014-09-25-14:45:37 com.mocha.unitcode.mina.server.handler.MinaIoHandler.addQueue(MinaIoHandler.java:337) == addQueue==tem.TODO_TYPE_SINGLE==批量======todoEntity=====[com.mocha.tydb_common.entity.TodoEntity@15093f1, com.mocha.tydb_common.entity.TodoEntity@120bf2c, com.mocha.tydb_common.entity.TodoEntity@e6f7d2, com.mocha.tydb_common.entity.TodoEntity@19836ed, com.mocha.tydb_common.entity.TodoEntity@3e0ebb, com.mocha.tydb_common.entity.TodoEntity@39443f, com.mocha.tydb_common.entity.TodoEntity@1afae45, com.mocha.tydb_common.entity.TodoEntity@da4b71, com.mocha.tydb_common.entity.TodoEntity@18f1d7e, com.mocha.tydb_common.entity.TodoEntity@d9660d] 
[INFO] 2014-09-25-14:45:37 com.mocha.unitcode.mina.server.handler.MinaIoHandler.addQueue(MinaIoHandler.java:342) == addQueue==UNITE_TODO_SUBMIT===object instanceof TodoEntity ====(list.size()=============10 =====999========LLLLLLLLLLLLLLLLLL“改革开放胆子要大一些，敢于试验，不能像小脚女人一样。看准了的，就大胆地试，大胆地闯。”“走不出一条新路，就干不出新的事业。”“现在问题相当多，要解决，没有一股劲不行。要敢字当头，横下一条心。”“改革开放中许许多多的东西，都是群众在实践中提出来的”，“绝不是一个人脑筋就可以钻出什么新东西来”，“这是群众的智慧，集体的智慧”。昔日邓小平关于改革的形象描述再次被提及，今天听来依然振聋发聩。虽然没有直接提及具体改革主张，但习近平在讲话中共有18次提到“改革开放”，分别伴随邓小平历史功绩和六大遗产字里行间。中共中央党校报刊社社长谢春涛告诉中新社记者，邓小平领导中国人民改革开放的成绩举世瞩目，他所说的“改革是中国的第二次革命”，领导中共有步骤地展开各方面体制改革，勇敢打开对外开放的大门，奠定了今天中国深化改革的基础。今天中共如此高规格缅怀邓小平的伟大功绩，本身就意味虽然没有直接提及具体改革主张，但习近平在讲话中共有18次提到“改革开放”，分别伴随邓小平历史功绩和六大遗产字里行间。中共中央党校报刊社社长谢春涛告诉中新社记者，邓小平领导中国人民改革开放的成绩举世瞩目，他所说的“改革是中国的第二次革命”，领导中共有步骤地展开各方面体制改革，勇敢打开对外开放的大门，奠定了今天中国深化改革的基础。今天中共如此高规格缅怀邓小平的伟大功绩，本身就意味着以时不我待的精神将改革开放、实现社会主义现代化、实现中华民族伟大复兴的伟大事业推向前进。虽然没有直接提及具体改革主张，但习近平在讲话中共有18次提到“改革开放”，分别伴随邓小平历史功绩和六大遗产字里行间。中共中央党校报刊社社长谢春涛告诉中新社记者，邓小平领导中国人民改革开放的成绩举世瞩目，他所说的“改革是中国的第二次革命”，领导中共有步骤地展开各方面体制改革，勇敢打开对外开放的大门，奠定了今天中国深化改革的基础。今天中共如此高规格缅怀邓小平的伟大功绩，本身就意味着以时不我待的精神将改革开放、实现社会主义现代化、实现中华民族伟大复兴的伟大事业推向前进。着以时不我待的精神将改革开放、实现社会主义现代化、实现中华民族伟大复兴的伟大事业推向前进。LLLLLLLLlllllllasdlllllllllljjjjjjjjjjjjjjjjjjjjjjjjjjjjjjjjjjjjjjjjjjjjjjjjjjjjjjjjjjjjjjjjjjjjjjjjjjjjjjjjjjjjjjjjjjjjjjjjjjjjjjjjjjjjjjjjjjjjjjjjjjjjjjjjjjjjjjjjjjjjjjjjjjjjjjjjjjjjjjjjjjllllllllllllllllllllllll 
[INFO] 2014-09-25-14:45:37 com.mocha.unitcode.mina.server.handler.MinaIoHandler.messageReceived(MinaIoHandler.java:200) ====UNITE_TODO_SUBMIT=======getMsgFormat=============10 
[INFO] 2014-09-25-14:45:37 com.mocha.unitcode.mina.server.handler.MinaIoHandler.messageReceived(MinaIoHandler.java:203) =====UNITE_TODO_SUBMIT======getEncoding=============UTF-8 
[INFO] 2014-09-25-15:59:20 com.mocha.unitcode.mina.code.MinaObject.submit(MinaObject.java:57) ---------submit--------------MinaConstant.UNITE_TODO_SUBMIT ------------------------ 
[INFO] 2014-09-25-15:59:20 com.mocha.unitcode.mina.code.MinaObject.submit(MinaObject.java:62) MinaConstant.UNITE_TODO_SUBMIT getCommandLength: 3089 
[INFO] 2014-09-25-15:59:20 com.mocha.unitcode.mina.pdu.SubmitTodoEntity.setBody(SubmitTodoEntity.java:107) ==setBody=====msgId===========[B@10f6d3 
[INFO] 2014-09-25-15:59:20 com.mocha.unitcode.mina.pdu.SubmitTodoEntity.setBody(SubmitTodoEntity.java:120) ===setBody====msgFormat===========10 
[INFO] 2014-09-25-15:59:20 com.mocha.unitcode.mina.pdu.SubmitTodoEntity.setBody(SubmitTodoEntity.java:124) ===setBody====classLength===========39 
[INFO] 2014-09-25-15:59:20 com.mocha.unitcode.mina.pdu.SubmitTodoEntity.setBody(SubmitTodoEntity.java:128) ===setBody====signbyte===========-22 
[INFO] 2014-09-25-15:59:20 com.mocha.unitcode.mina.pdu.SubmitTodoEntity.setBody(SubmitTodoEntity.java:131) ==setBody=====msgLength===========3010 
[INFO] 2014-09-25-15:59:20 com.mocha.unitcode.mina.code.MinaObject.submit(MinaObject.java:65) MinaConstant.UNITE_TODO_SUBMIT buffer getHexDump:  
[WARN] 2014-09-25-15:59:20 com.mocha.unitcode.mina.server.handler.MinaIoHandler.messageReceived(MinaIoHandler.java:179) MinaConstant.UNITE_TODO_SUBMIT Header: 3 
[INFO] 2014-09-25-15:59:20 com.mocha.unitcode.mina.server.handler.MinaIoHandler.addQueue(MinaIoHandler.java:292) == addQueue====添加队列信息=========== 
[INFO] 2014-09-25-15:59:20 com.mocha.unitcode.mina.server.handler.MinaIoHandler.addQueue(MinaIoHandler.java:326) == addQueue==tem.TODO_TYPE_SINGLE==批量=========== 
[INFO] 2014-09-25-15:59:20 com.mocha.unitcode.mina.server.handler.MinaIoHandler.addQueue(MinaIoHandler.java:331) == addQueue==tem.TODO_TYPE_SINGLE==批量======object=====com.mocha.tydb_common.entity.TodoEntity@1484a05 
[INFO] 2014-09-25-15:59:20 com.mocha.unitcode.mina.server.handler.MinaIoHandler.addQueue(MinaIoHandler.java:335) == addQueue==tem.TODO_TYPE_SINGLE==批量======object=====com.mocha.tydb_common.entity.TodoEntity@1484a05 
[INFO] 2014-09-25-15:59:20 com.mocha.unitcode.mina.server.handler.MinaIoHandler.addQueue(MinaIoHandler.java:338) == addQueue==tem.TODO_TYPE_SINGLE==批量======todoEntity=====[com.mocha.tydb_common.entity.TodoEntity@da4b71] 
[INFO] 2014-09-25-15:59:20 com.mocha.unitcode.mina.server.handler.MinaIoHandler.addQueue(MinaIoHandler.java:343) == addQueue==UNITE_TODO_SUBMIT===object instanceof TodoEntity ====(list.size()=============1 =====999========LLLLLLLLLLLLLLLLLL“改革开放胆子要大一些，敢于试验，不能像小脚女人一样。看准了的，就大胆地试，大胆地闯。”“走不出一条新路，就干不出新的事业。”“现在问题相当多，要解决，没有一股劲不行。要敢字当头，横下一条心。”“改革开放中许许多多的东西，都是群众在实践中提出来的”，“绝不是一个人脑筋就可以钻出什么新东西来”，“这是群众的智慧，集体的智慧”。昔日邓小平关于改革的形象描述再次被提及，今天听来依然振聋发聩。虽然没有直接提及具体改革主张，但习近平在讲话中共有18次提到“改革开放”，分别伴随邓小平历史功绩和六大遗产字里行间。中共中央党校报刊社社长谢春涛告诉中新社记者，邓小平领导中国人民改革开放的成绩举世瞩目，他所说的“改革是中国的第二次革命”，领导中共有步骤地展开各方面体制改革，勇敢打开对外开放的大门，奠定了今天中国深化改革的基础。今天中共如此高规格缅怀邓小平的伟大功绩，本身就意味虽然没有直接提及具体改革主张，但习近平在讲话中共有18次提到“改革开放”，分别伴随邓小平历史功绩和六大遗产字里行间。中共中央党校报刊社社长谢春涛告诉中新社记者，邓小平领导中国人民改革开放的成绩举世瞩目，他所说的“改革是中国的第二次革命”，领导中共有步骤地展开各方面体制改革，勇敢打开对外开放的大门，奠定了今天中国深化改革的基础。今天中共如此高规格缅怀邓小平的伟大功绩，本身就意味着以时不我待的精神将改革开放、实现社会主义现代化、实现中华民族伟大复兴的伟大事业推向前进。虽然没有直接提及具体改革主张，但习近平在讲话中共有18次提到“改革开放”，分别伴随邓小平历史功绩和六大遗产字里行间。中共中央党校报刊社社长谢春涛告诉中新社记者，邓小平领导中国人民改革开放的成绩举世瞩目，他所说的“改革是中国的第二次革命”，领导中共有步骤地展开各方面体制改革，勇敢打开对外开放的大门，奠定了今天中国深化改革的基础。今天中共如此高规格缅怀邓小平的伟大功绩，本身就意味着以时不我待的精神将改革开放、实现社会主义现代化、实现中华民族伟大复兴的伟大事业推向前进。着以时不我待的精神将改革开放、实现社会主义现代化、实现中华民族伟大复兴的伟大事业推向前进。LLLLLLLLlllllllasdlllllllllljjjjjjjjjjjjjjjjjjjjjjjjjjjjjjjjjjjjjjjjjjjjjjjjjjjjjjjjjjjjjjjjjjjjjjjjjjjjjjjjjjjjjjjjjjjjjjjjjjjjjjjjjjjjjjjjjjjjjjjjjjjjjjjjjjjjjjjjjjjjjjjjjjjjjjjjjjjjjjjjjjllllllllllllllllllllllll 
[INFO] 2014-09-25-15:59:20 com.mocha.unitcode.mina.server.handler.MinaIoHandler.messageReceived(MinaIoHandler.java:201) ====UNITE_TODO_SUBMIT=======getMsgFormat=============10 
[INFO] 2014-09-25-15:59:20 com.mocha.unitcode.mina.server.handler.MinaIoHandler.messageReceived(MinaIoHandler.java:204) =====UNITE_TODO_SUBMIT======getEncoding=============UTF-8 
